<?xml version="1.0" encoding="UTF-8"?>
<coverage generated="1592324866319" clover="3.2.0">
  <project timestamp="1592324866319" name="All files">
    <metrics statements="258" coveredstatements="156" conditionals="77" coveredconditionals="28" methods="79" coveredmethods="31" elements="414" coveredelements="215" complexity="0" loc="258" ncloc="258" packages="6" files="29" classes="29"/>
    <package name="src">
      <metrics statements="46" coveredstatements="10" conditionals="32" coveredconditionals="2" methods="17" coveredmethods="2"/>
      <file name="App.js" path="/home/chloe/FAC19/tech-for-better/prepare-me/src/App.js">
        <metrics statements="2" coveredstatements="2" conditionals="0" coveredconditionals="0" methods="1" coveredmethods="1"/>
        <line num="23" count="186" type="stmt"/>
        <line num="24" count="186" type="stmt"/>
      </file>
      <file name="index.js" path="/home/chloe/FAC19/tech-for-better/prepare-me/src/index.js">
        <metrics statements="2" coveredstatements="2" conditionals="0" coveredconditionals="0" methods="0" coveredmethods="0"/>
        <line num="7" count="54" type="stmt"/>
        <line num="17" count="54" type="stmt"/>
      </file>
      <file name="serviceWorker.js" path="/home/chloe/FAC19/tech-for-better/prepare-me/src/serviceWorker.js">
        <metrics statements="39" coveredstatements="3" conditionals="32" coveredconditionals="2" methods="16" coveredmethods="1"/>
        <line num="13" count="54" type="stmt"/>
        <line num="24" count="0" type="cond" truecount="0" falsecount="4"/>
        <line num="26" count="0" type="stmt"/>
        <line num="27" count="0" type="cond" truecount="0" falsecount="2"/>
        <line num="31" count="0" type="stmt"/>
        <line num="34" count="0" type="stmt"/>
        <line num="35" count="0" type="stmt"/>
        <line num="37" count="0" type="cond" truecount="0" falsecount="2"/>
        <line num="39" count="0" type="stmt"/>
        <line num="43" count="0" type="stmt"/>
        <line num="44" count="0" type="stmt"/>
        <line num="51" count="0" type="stmt"/>
        <line num="58" count="0" type="stmt"/>
        <line num="61" count="0" type="stmt"/>
        <line num="62" count="0" type="stmt"/>
        <line num="63" count="0" type="cond" truecount="0" falsecount="2"/>
        <line num="64" count="0" type="stmt"/>
        <line num="66" count="0" type="stmt"/>
        <line num="67" count="0" type="cond" truecount="0" falsecount="2"/>
        <line num="68" count="0" type="cond" truecount="0" falsecount="2"/>
        <line num="72" count="0" type="stmt"/>
        <line num="78" count="0" type="cond" truecount="0" falsecount="4"/>
        <line num="79" count="0" type="stmt"/>
        <line num="85" count="0" type="stmt"/>
        <line num="88" count="0" type="cond" truecount="0" falsecount="4"/>
        <line num="89" count="0" type="stmt"/>
        <line num="97" count="0" type="stmt"/>
        <line num="103" count="0" type="stmt"/>
        <line num="108" count="0" type="stmt"/>
        <line num="109" count="0" type="cond" truecount="0" falsecount="2"/>
        <line num="114" count="0" type="stmt"/>
        <line num="115" count="0" type="stmt"/>
        <line num="116" count="0" type="stmt"/>
        <line num="121" count="0" type="stmt"/>
        <line num="125" count="0" type="stmt"/>
        <line num="132" count="54" type="cond" truecount="1" falsecount="1"/>
        <line num="133" count="54" type="stmt"/>
        <line num="135" count="0" type="stmt"/>
        <line num="138" count="0" type="stmt"/>
      </file>
      <file name="theme.js" path="/home/chloe/FAC19/tech-for-better/prepare-me/src/theme.js">
        <metrics statements="3" coveredstatements="3" conditionals="0" coveredconditionals="0" methods="0" coveredmethods="0"/>
        <line num="3" count="54" type="stmt"/>
        <line num="5" count="54" type="stmt"/>
        <line num="6" count="54" type="stmt"/>
      </file>
    </package>
    <package name="src.components">
      <metrics statements="67" coveredstatements="56" conditionals="24" coveredconditionals="23" methods="25" coveredmethods="16"/>
      <file name="BottomNavBar.js" path="/home/chloe/FAC19/tech-for-better/prepare-me/src/components/BottomNavBar.js">
        <metrics statements="32" coveredstatements="29" conditionals="16" coveredconditionals="16" methods="12" coveredmethods="9"/>
        <line num="12" count="54" type="stmt"/>
        <line num="14" count="54" type="stmt"/>
        <line num="30" count="162" type="stmt"/>
        <line num="31" count="162" type="stmt"/>
        <line num="32" count="162" type="stmt"/>
        <line num="35" count="162" type="cond" truecount="2" falsecount="0"/>
        <line num="39" count="162" type="stmt"/>
        <line num="40" count="42" type="stmt"/>
        <line num="49" count="0" type="stmt"/>
        <line num="54" count="162" type="stmt"/>
        <line num="55" count="33" type="stmt"/>
        <line num="67" count="162" type="stmt"/>
        <line num="68" count="6" type="stmt"/>
        <line num="78" count="0" type="stmt"/>
        <line num="83" count="162" type="stmt"/>
        <line num="84" count="75" type="stmt"/>
        <line num="94" count="42" type="stmt"/>
        <line num="99" count="162" type="stmt"/>
        <line num="100" count="6" type="stmt"/>
        <line num="113" count="162" type="stmt"/>
        <line num="114" count="75" type="stmt"/>
        <line num="121" count="162" type="stmt"/>
        <line num="122" count="6" type="stmt"/>
        <line num="129" count="162" type="stmt"/>
        <line num="130" count="162" type="cond" truecount="2" falsecount="0"/>
        <line num="131" count="162" type="cond" truecount="2" falsecount="0"/>
        <line num="133" count="162" type="stmt"/>
        <line num="134" count="162" type="cond" truecount="2" falsecount="0"/>
        <line num="136" count="162" type="stmt"/>
        <line num="137" count="162" type="cond" truecount="2" falsecount="0"/>
        <line num="139" count="162" type="stmt"/>
        <line num="143" count="0" type="stmt"/>
      </file>
      <file name="RenderStory.js" path="/home/chloe/FAC19/tech-for-better/prepare-me/src/components/RenderStory.js">
        <metrics statements="10" coveredstatements="10" conditionals="4" coveredconditionals="4" methods="4" coveredmethods="4"/>
        <line num="16" count="54" type="stmt"/>
        <line num="33" count="54" type="stmt"/>
        <line num="35" count="75" type="stmt"/>
        <line num="37" count="75" type="stmt"/>
        <line num="38" count="790" type="stmt"/>
        <line num="40" count="790" type="stmt"/>
        <line num="55" count="75" type="stmt"/>
        <line num="59" count="75" type="stmt"/>
        <line num="62" count="75" type="stmt"/>
        <line num="69" count="186" type="cond" truecount="2" falsecount="0"/>
      </file>
      <file name="TopNavBar.js" path="/home/chloe/FAC19/tech-for-better/prepare-me/src/components/TopNavBar.js">
        <metrics statements="21" coveredstatements="16" conditionals="4" coveredconditionals="3" methods="7" coveredmethods="3"/>
        <line num="25" count="54" type="stmt"/>
        <line num="26" count="54" type="stmt"/>
        <line num="37" count="54" type="stmt"/>
        <line num="38" count="150" type="stmt"/>
        <line num="39" count="150" type="stmt"/>
        <line num="40" count="150" type="stmt"/>
        <line num="41" count="150" type="stmt"/>
        <line num="42" count="150" type="stmt"/>
        <line num="43" count="150" type="stmt"/>
        <line num="44" count="150" type="stmt"/>
        <line num="48" count="150" type="stmt"/>
        <line num="49" count="0" type="stmt"/>
        <line num="52" count="150" type="stmt"/>
        <line num="53" count="6" type="stmt"/>
        <line num="59" count="150" type="stmt"/>
        <line num="60" count="0" type="stmt"/>
        <line num="61" count="0" type="stmt"/>
        <line num="67" count="150" type="stmt"/>
        <line num="72" count="6" type="stmt"/>
        <line num="84" count="0" type="stmt"/>
        <line num="120" count="0" type="stmt"/>
      </file>
      <file name="WarningPage.js" path="/home/chloe/FAC19/tech-for-better/prepare-me/src/components/WarningPage.js">
        <metrics statements="4" coveredstatements="1" conditionals="0" coveredconditionals="0" methods="2" coveredmethods="0"/>
        <line num="10" count="54" type="stmt"/>
        <line num="11" count="0" type="stmt"/>
        <line num="12" count="0" type="stmt"/>
        <line num="15" count="0" type="stmt"/>
      </file>
    </package>
    <package name="src.components.pageTemplates">
      <metrics statements="48" coveredstatements="24" conditionals="5" coveredconditionals="0" methods="20" coveredmethods="4"/>
      <file name="BackCover.js" path="/home/chloe/FAC19/tech-for-better/prepare-me/src/components/pageTemplates/BackCover.js">
        <metrics statements="4" coveredstatements="4" conditionals="0" coveredconditionals="0" methods="1" coveredmethods="1"/>
        <line num="7" count="54" type="stmt"/>
        <line num="15" count="54" type="stmt"/>
        <line num="21" count="54" type="stmt"/>
        <line num="27" count="6" type="stmt"/>
      </file>
      <file name="FrontCover.js" path="/home/chloe/FAC19/tech-for-better/prepare-me/src/components/pageTemplates/FrontCover.js">
        <metrics statements="8" coveredstatements="6" conditionals="0" coveredconditionals="0" methods="3" coveredmethods="1"/>
        <line num="8" count="54" type="stmt"/>
        <line num="16" count="54" type="stmt"/>
        <line num="22" count="54" type="stmt"/>
        <line num="28" count="54" type="stmt"/>
        <line num="37" count="20" type="stmt"/>
        <line num="39" count="20" type="stmt"/>
        <line num="44" count="0" type="stmt"/>
        <line num="49" count="0" type="stmt"/>
      </file>
      <file name="Landscape2.js" path="/home/chloe/FAC19/tech-for-better/prepare-me/src/components/pageTemplates/Landscape2.js">
        <metrics statements="9" coveredstatements="5" conditionals="0" coveredconditionals="0" methods="5" coveredmethods="1"/>
        <line num="7" count="54" type="stmt"/>
        <line num="16" count="54" type="stmt"/>
        <line num="23" count="12" type="stmt"/>
        <line num="24" count="12" type="stmt"/>
        <line num="29" count="0" type="stmt"/>
        <line num="34" count="0" type="stmt"/>
        <line num="39" count="0" type="stmt"/>
        <line num="44" count="0" type="stmt"/>
        <line num="50" count="54" type="stmt"/>
      </file>
      <file name="Portrait2.js" path="/home/chloe/FAC19/tech-for-better/prepare-me/src/components/pageTemplates/Portrait2.js">
        <metrics statements="9" coveredstatements="3" conditionals="0" coveredconditionals="0" methods="5" coveredmethods="0"/>
        <line num="10" count="54" type="stmt"/>
        <line num="19" count="54" type="stmt"/>
        <line num="26" count="0" type="stmt"/>
        <line num="27" count="0" type="stmt"/>
        <line num="33" count="0" type="stmt"/>
        <line num="38" count="0" type="stmt"/>
        <line num="45" count="0" type="stmt"/>
        <line num="50" count="0" type="stmt"/>
        <line num="57" count="54" type="stmt"/>
      </file>
      <file name="SinglePicture.js" path="/home/chloe/FAC19/tech-for-better/prepare-me/src/components/pageTemplates/SinglePicture.js">
        <metrics statements="7" coveredstatements="5" conditionals="0" coveredconditionals="0" methods="3" coveredmethods="1"/>
        <line num="7" count="54" type="stmt"/>
        <line num="15" count="54" type="stmt"/>
        <line num="22" count="37" type="stmt"/>
        <line num="23" count="37" type="stmt"/>
        <line num="28" count="0" type="stmt"/>
        <line num="33" count="0" type="stmt"/>
        <line num="39" count="54" type="stmt"/>
      </file>
      <file name="editHandler.js" path="/home/chloe/FAC19/tech-for-better/prepare-me/src/components/pageTemplates/editHandler.js">
        <metrics statements="3" coveredstatements="0" conditionals="0" coveredconditionals="0" methods="1" coveredmethods="0"/>
        <line num="2" count="0" type="stmt"/>
        <line num="3" count="0" type="stmt"/>
        <line num="4" count="0" type="stmt"/>
      </file>
      <file name="getPageTemplateByName.js" path="/home/chloe/FAC19/tech-for-better/prepare-me/src/components/pageTemplates/getPageTemplateByName.js">
        <metrics statements="1" coveredstatements="1" conditionals="0" coveredconditionals="0" methods="0" coveredmethods="0"/>
        <line num="7" count="54" type="stmt"/>
      </file>
      <file name="uploadImageHandler.js" path="/home/chloe/FAC19/tech-for-better/prepare-me/src/components/pageTemplates/uploadImageHandler.js">
        <metrics statements="7" coveredstatements="0" conditionals="5" coveredconditionals="0" methods="2" coveredmethods="0"/>
        <line num="2" count="0" type="stmt"/>
        <line num="4" count="0" type="stmt"/>
        <line num="39" count="0" type="cond" truecount="0" falsecount="5"/>
        <line num="40" count="0" type="stmt"/>
        <line num="41" count="0" type="stmt"/>
        <line num="42" count="0" type="stmt"/>
        <line num="43" count="0" type="stmt"/>
      </file>
    </package>
    <package name="src.model">
      <metrics statements="33" coveredstatements="15" conditionals="6" coveredconditionals="2" methods="4" coveredmethods="2"/>
      <file name="SiteContext.js" path="/home/chloe/FAC19/tech-for-better/prepare-me/src/model/SiteContext.js">
        <metrics statements="1" coveredstatements="1" conditionals="0" coveredconditionals="0" methods="0" coveredmethods="0"/>
        <line num="2" count="54" type="stmt"/>
      </file>
      <file name="allPages.js" path="/home/chloe/FAC19/tech-for-better/prepare-me/src/model/allPages.js">
        <metrics statements="8" coveredstatements="1" conditionals="0" coveredconditionals="0" methods="2" coveredmethods="0"/>
        <line num="7" count="54" type="stmt"/>
        <line num="12" count="0" type="stmt"/>
        <line num="14" count="0" type="stmt"/>
        <line num="16" count="0" type="stmt"/>
        <line num="19" count="0" type="stmt"/>
        <line num="20" count="0" type="stmt"/>
        <line num="22" count="0" type="stmt"/>
        <line num="29" count="0" type="stmt"/>
      </file>
      <file name="initialState.js" path="/home/chloe/FAC19/tech-for-better/prepare-me/src/model/initialState.js">
        <metrics statements="1" coveredstatements="1" conditionals="0" coveredconditionals="0" methods="0" coveredmethods="0"/>
        <line num="1" count="54" type="stmt"/>
      </file>
      <file name="updateState.js" path="/home/chloe/FAC19/tech-for-better/prepare-me/src/model/updateState.js">
        <metrics statements="23" coveredstatements="12" conditionals="6" coveredconditionals="2" methods="2" coveredmethods="2"/>
        <line num="6" count="54" type="stmt"/>
        <line num="12" count="39" type="stmt"/>
        <line num="16" count="39" type="stmt"/>
        <line num="18" count="39" type="cond" truecount="2" falsecount="4"/>
        <line num="20" count="33" type="stmt"/>
        <line num="21" count="33" type="stmt"/>
        <line num="22" count="33" type="stmt"/>
        <line num="25" count="0" type="stmt"/>
        <line num="26" count="0" type="stmt"/>
        <line num="27" count="0" type="stmt"/>
        <line num="30" count="0" type="stmt"/>
        <line num="31" count="0" type="stmt"/>
        <line num="32" count="0" type="stmt"/>
        <line num="36" count="6" type="stmt"/>
        <line num="38" count="6" type="stmt"/>
        <line num="40" count="6" type="stmt"/>
        <line num="45" count="6" type="stmt"/>
        <line num="46" count="6" type="stmt"/>
        <line num="50" count="0" type="stmt"/>
        <line num="51" count="0" type="stmt"/>
        <line num="52" count="0" type="stmt"/>
        <line num="53" count="0" type="stmt"/>
        <line num="57" count="0" type="stmt"/>
      </file>
    </package>
    <package name="src.pages">
      <metrics statements="62" coveredstatements="49" conditionals="10" coveredconditionals="1" methods="13" coveredmethods="7"/>
      <file name="ActionsPage.js" path="/home/chloe/FAC19/tech-for-better/prepare-me/src/pages/ActionsPage.js">
        <metrics statements="6" coveredstatements="5" conditionals="0" coveredconditionals="0" methods="2" coveredmethods="1"/>
        <line num="10" count="54" type="stmt"/>
        <line num="15" count="6" type="stmt"/>
        <line num="16" count="6" type="stmt"/>
        <line num="17" count="6" type="stmt"/>
        <line num="21" count="0" type="stmt"/>
        <line num="24" count="6" type="stmt"/>
      </file>
      <file name="LandingPage.js" path="/home/chloe/FAC19/tech-for-better/prepare-me/src/pages/LandingPage.js">
        <metrics statements="3" coveredstatements="3" conditionals="0" coveredconditionals="0" methods="1" coveredmethods="1"/>
        <line num="7" count="54" type="stmt"/>
        <line num="11" count="54" type="stmt"/>
        <line num="16" count="54" type="stmt"/>
      </file>
      <file name="MissingPage.js" path="/home/chloe/FAC19/tech-for-better/prepare-me/src/pages/MissingPage.js">
        <metrics statements="4" coveredstatements="3" conditionals="0" coveredconditionals="0" methods="1" coveredmethods="0"/>
        <line num="6" count="54" type="stmt"/>
        <line num="10" count="54" type="stmt"/>
        <line num="18" count="54" type="stmt"/>
        <line num="23" count="0" type="stmt"/>
      </file>
      <file name="PageTemplates.js" path="/home/chloe/FAC19/tech-for-better/prepare-me/src/pages/PageTemplates.js">
        <metrics statements="13" coveredstatements="13" conditionals="0" coveredconditionals="0" methods="2" coveredmethods="2"/>
        <line num="18" count="54" type="stmt"/>
        <line num="20" count="54" type="stmt"/>
        <line num="24" count="54" type="stmt"/>
        <line num="35" count="54" type="stmt"/>
        <line num="39" count="54" type="stmt"/>
        <line num="45" count="54" type="stmt"/>
        <line num="46" count="6" type="stmt"/>
        <line num="47" count="6" type="stmt"/>
        <line num="48" count="6" type="stmt"/>
        <line num="51" count="6" type="stmt"/>
        <line num="52" count="6" type="stmt"/>
        <line num="57" count="6" type="stmt"/>
        <line num="60" count="6" type="stmt"/>
      </file>
      <file name="PrintPages.js" path="/home/chloe/FAC19/tech-for-better/prepare-me/src/pages/PrintPages.js">
        <metrics statements="5" coveredstatements="0" conditionals="0" coveredconditionals="0" methods="2" coveredmethods="0"/>
        <line num="6" count="0" type="stmt"/>
        <line num="7" count="0" type="stmt"/>
        <line num="8" count="0" type="stmt"/>
        <line num="13" count="0" type="stmt"/>
        <line num="16" count="0" type="stmt"/>
      </file>
      <file name="StoryPage.js" path="/home/chloe/FAC19/tech-for-better/prepare-me/src/pages/StoryPage.js">
        <metrics statements="19" coveredstatements="13" conditionals="10" coveredconditionals="1" methods="3" coveredmethods="1"/>
        <line num="13" count="54" type="stmt"/>
        <line num="17" count="54" type="stmt"/>
        <line num="24" count="54" type="stmt"/>
        <line num="26" count="75" type="stmt"/>
        <line num="27" count="75" type="stmt"/>
        <line num="30" count="75" type="stmt"/>
        <line num="33" count="75" type="stmt"/>
        <line num="34" count="75" type="stmt"/>
        <line num="35" count="75" type="cond" truecount="1" falsecount="1"/>
        <line num="36" count="0" type="stmt"/>
        <line num="40" count="0" type="stmt"/>
        <line num="44" count="75" type="stmt"/>
        <line num="47" count="75" type="stmt"/>
        <line num="48" count="75" type="stmt"/>
        <line num="52" count="0" type="cond" truecount="0" falsecount="2"/>
        <line num="53" count="0" type="cond" truecount="0" falsecount="2"/>
        <line num="57" count="0" type="cond" truecount="0" falsecount="2"/>
        <line num="58" count="0" type="cond" truecount="0" falsecount="2"/>
        <line num="61" count="75" type="stmt"/>
      </file>
      <file name="StoryTemplates.js" path="/home/chloe/FAC19/tech-for-better/prepare-me/src/pages/StoryTemplates.js">
        <metrics statements="12" coveredstatements="12" conditionals="0" coveredconditionals="0" methods="2" coveredmethods="2"/>
        <line num="15" count="54" type="stmt"/>
        <line num="19" count="54" type="stmt"/>
        <line num="28" count="54" type="stmt"/>
        <line num="30" count="54" type="stmt"/>
        <line num="36" count="54" type="stmt"/>
        <line num="37" count="40" type="stmt"/>
        <line num="38" count="40" type="stmt"/>
        <line num="40" count="40" type="stmt"/>
        <line num="41" count="33" type="stmt"/>
        <line num="42" count="33" type="stmt"/>
        <line num="43" count="33" type="stmt"/>
        <line num="46" count="40" type="stmt"/>
      </file>
    </package>
    <package name="src.storyTemplates">
      <metrics statements="2" coveredstatements="2" conditionals="0" coveredconditionals="0" methods="0" coveredmethods="0"/>
      <file name="blankTemplate.js" path="/home/chloe/FAC19/tech-for-better/prepare-me/src/storyTemplates/blankTemplate.js">
        <metrics statements="1" coveredstatements="1" conditionals="0" coveredconditionals="0" methods="0" coveredmethods="0"/>
        <line num="1" count="54" type="stmt"/>
      </file>
      <file name="startingSchool.js" path="/home/chloe/FAC19/tech-for-better/prepare-me/src/storyTemplates/startingSchool.js">
        <metrics statements="1" coveredstatements="1" conditionals="0" coveredconditionals="0" methods="0" coveredmethods="0"/>
        <line num="3" count="54" type="stmt"/>
      </file>
    </package>
  </project>
</coverage>
