{"total": {"lines":{"total":258,"covered":156,"skipped":0,"pct":60.47},"statements":{"total":266,"covered":160,"skipped":0,"pct":60.15},"functions":{"total":79,"covered":31,"skipped":0,"pct":39.24},"branches":{"total":77,"covered":28,"skipped":0,"pct":36.36}}
,"/home/chloe/FAC19/tech-for-better/prepare-me/src/App.js": {"lines":{"total":2,"covered":2,"skipped":0,"pct":100},"functions":{"total":1,"covered":1,"skipped":0,"pct":100},"statements":{"total":2,"covered":2,"skipped":0,"pct":100},"branches":{"total":0,"covered":0,"skipped":0,"pct":100}}
,"/home/chloe/FAC19/tech-for-better/prepare-me/src/index.js": {"lines":{"total":2,"covered":2,"skipped":0,"pct":100},"functions":{"total":0,"covered":0,"skipped":0,"pct":100},"statements":{"total":2,"covered":2,"skipped":0,"pct":100},"branches":{"total":0,"covered":0,"skipped":0,"pct":100}}
,"/home/chloe/FAC19/tech-for-better/prepare-me/src/serviceWorker.js": {"lines":{"total":39,"covered":3,"skipped":0,"pct":7.69},"functions":{"total":16,"covered":1,"skipped":0,"pct":6.25},"statements":{"total":39,"covered":3,"skipped":0,"pct":7.69},"branches":{"total":32,"covered":2,"skipped":0,"pct":6.25}}
,"/home/chloe/FAC19/tech-for-better/prepare-me/src/theme.js": {"lines":{"total":3,"covered":3,"skipped":0,"pct":100},"functions":{"total":0,"covered":0,"skipped":0,"pct":100},"statements":{"total":3,"covered":3,"skipped":0,"pct":100},"branches":{"total":0,"covered":0,"skipped":0,"pct":100}}
,"/home/chloe/FAC19/tech-for-better/prepare-me/src/components/BottomNavBar.js": {"lines":{"total":32,"covered":29,"skipped":0,"pct":90.63},"functions":{"total":12,"covered":9,"skipped":0,"pct":75},"statements":{"total":36,"covered":33,"skipped":0,"pct":91.67},"branches":{"total":16,"covered":16,"skipped":0,"pct":100}}
,"/home/chloe/FAC19/tech-for-better/prepare-me/src/components/RenderStory.js": {"lines":{"total":10,"covered":10,"skipped":0,"pct":100},"functions":{"total":4,"covered":4,"skipped":0,"pct":100},"statements":{"total":10,"covered":10,"skipped":0,"pct":100},"branches":{"total":4,"covered":4,"skipped":0,"pct":100}}
,"/home/chloe/FAC19/tech-for-better/prepare-me/src/components/TopNavBar.js": {"lines":{"total":21,"covered":16,"skipped":0,"pct":76.19},"functions":{"total":7,"covered":3,"skipped":0,"pct":42.86},"statements":{"total":21,"covered":16,"skipped":0,"pct":76.19},"branches":{"total":4,"covered":3,"skipped":0,"pct":75}}
,"/home/chloe/FAC19/tech-for-better/prepare-me/src/components/WarningPage.js": {"lines":{"total":4,"covered":1,"skipped":0,"pct":25},"functions":{"total":2,"covered":0,"skipped":0,"pct":0},"statements":{"total":4,"covered":1,"skipped":0,"pct":25},"branches":{"total":0,"covered":0,"skipped":0,"pct":100}}
,"/home/chloe/FAC19/tech-for-better/prepare-me/src/components/pageTemplates/BackCover.js": {"lines":{"total":4,"covered":4,"skipped":0,"pct":100},"functions":{"total":1,"covered":1,"skipped":0,"pct":100},"statements":{"total":4,"covered":4,"skipped":0,"pct":100},"branches":{"total":0,"covered":0,"skipped":0,"pct":100}}
,"/home/chloe/FAC19/tech-for-better/prepare-me/src/components/pageTemplates/FrontCover.js": {"lines":{"total":8,"covered":6,"skipped":0,"pct":75},"functions":{"total":3,"covered":1,"skipped":0,"pct":33.33},"statements":{"total":8,"covered":6,"skipped":0,"pct":75},"branches":{"total":0,"covered":0,"skipped":0,"pct":100}}
,"/home/chloe/FAC19/tech-for-better/prepare-me/src/components/pageTemplates/Landscape2.js": {"lines":{"total":9,"covered":5,"skipped":0,"pct":55.56},"functions":{"total":5,"covered":1,"skipped":0,"pct":20},"statements":{"total":9,"covered":5,"skipped":0,"pct":55.56},"branches":{"total":0,"covered":0,"skipped":0,"pct":100}}
,"/home/chloe/FAC19/tech-for-better/prepare-me/src/components/pageTemplates/Portrait2.js": {"lines":{"total":9,"covered":3,"skipped":0,"pct":33.33},"functions":{"total":5,"covered":0,"skipped":0,"pct":0},"statements":{"total":9,"covered":3,"skipped":0,"pct":33.33},"branches":{"total":0,"covered":0,"skipped":0,"pct":100}}
,"/home/chloe/FAC19/tech-for-better/prepare-me/src/components/pageTemplates/SinglePicture.js": {"lines":{"total":7,"covered":5,"skipped":0,"pct":71.43},"functions":{"total":3,"covered":1,"skipped":0,"pct":33.33},"statements":{"total":7,"covered":5,"skipped":0,"pct":71.43},"branches":{"total":0,"covered":0,"skipped":0,"pct":100}}
,"/home/chloe/FAC19/tech-for-better/prepare-me/src/components/pageTemplates/editHandler.js": {"lines":{"total":3,"covered":0,"skipped":0,"pct":0},"functions":{"total":1,"covered":0,"skipped":0,"pct":0},"statements":{"total":3,"covered":0,"skipped":0,"pct":0},"branches":{"total":0,"covered":0,"skipped":0,"pct":100}}
,"/home/chloe/FAC19/tech-for-better/prepare-me/src/components/pageTemplates/getPageTemplateByName.js": {"lines":{"total":1,"covered":1,"skipped":0,"pct":100},"functions":{"total":0,"covered":0,"skipped":0,"pct":100},"statements":{"total":1,"covered":1,"skipped":0,"pct":100},"branches":{"total":0,"covered":0,"skipped":0,"pct":100}}
,"/home/chloe/FAC19/tech-for-better/prepare-me/src/components/pageTemplates/uploadImageHandler.js": {"lines":{"total":7,"covered":0,"skipped":0,"pct":0},"functions":{"total":2,"covered":0,"skipped":0,"pct":0},"statements":{"total":7,"covered":0,"skipped":0,"pct":0},"branches":{"total":5,"covered":0,"skipped":0,"pct":0}}
,"/home/chloe/FAC19/tech-for-better/prepare-me/src/model/SiteContext.js": {"lines":{"total":1,"covered":1,"skipped":0,"pct":100},"functions":{"total":0,"covered":0,"skipped":0,"pct":100},"statements":{"total":1,"covered":1,"skipped":0,"pct":100},"branches":{"total":0,"covered":0,"skipped":0,"pct":100}}
,"/home/chloe/FAC19/tech-for-better/prepare-me/src/model/allPages.js": {"lines":{"total":8,"covered":1,"skipped":0,"pct":12.5},"functions":{"total":2,"covered":0,"skipped":0,"pct":0},"statements":{"total":8,"covered":1,"skipped":0,"pct":12.5},"branches":{"total":0,"covered":0,"skipped":0,"pct":100}}
,"/home/chloe/FAC19/tech-for-better/prepare-me/src/model/initialState.js": {"lines":{"total":1,"covered":1,"skipped":0,"pct":100},"functions":{"total":0,"covered":0,"skipped":0,"pct":100},"statements":{"total":1,"covered":1,"skipped":0,"pct":100},"branches":{"total":0,"covered":0,"skipped":0,"pct":100}}
,"/home/chloe/FAC19/tech-for-better/prepare-me/src/model/updateState.js": {"lines":{"total":23,"covered":12,"skipped":0,"pct":52.17},"functions":{"total":2,"covered":2,"skipped":0,"pct":100},"statements":{"total":23,"covered":12,"skipped":0,"pct":52.17},"branches":{"total":6,"covered":2,"skipped":0,"pct":33.33}}
,"/home/chloe/FAC19/tech-for-better/prepare-me/src/pages/ActionsPage.js": {"lines":{"total":6,"covered":5,"skipped":0,"pct":83.33},"functions":{"total":2,"covered":1,"skipped":0,"pct":50},"statements":{"total":6,"covered":5,"skipped":0,"pct":83.33},"branches":{"total":0,"covered":0,"skipped":0,"pct":100}}
,"/home/chloe/FAC19/tech-for-better/prepare-me/src/pages/LandingPage.js": {"lines":{"total":3,"covered":3,"skipped":0,"pct":100},"functions":{"total":1,"covered":1,"skipped":0,"pct":100},"statements":{"total":3,"covered":3,"skipped":0,"pct":100},"branches":{"total":0,"covered":0,"skipped":0,"pct":100}}
,"/home/chloe/FAC19/tech-for-better/prepare-me/src/pages/MissingPage.js": {"lines":{"total":4,"covered":3,"skipped":0,"pct":75},"functions":{"total":1,"covered":0,"skipped":0,"pct":0},"statements":{"total":4,"covered":3,"skipped":0,"pct":75},"branches":{"total":0,"covered":0,"skipped":0,"pct":100}}
,"/home/chloe/FAC19/tech-for-better/prepare-me/src/pages/PageTemplates.js": {"lines":{"total":13,"covered":13,"skipped":0,"pct":100},"functions":{"total":2,"covered":2,"skipped":0,"pct":100},"statements":{"total":13,"covered":13,"skipped":0,"pct":100},"branches":{"total":0,"covered":0,"skipped":0,"pct":100}}
,"/home/chloe/FAC19/tech-for-better/prepare-me/src/pages/PrintPages.js": {"lines":{"total":5,"covered":0,"skipped":0,"pct":0},"functions":{"total":2,"covered":0,"skipped":0,"pct":0},"statements":{"total":5,"covered":0,"skipped":0,"pct":0},"branches":{"total":0,"covered":0,"skipped":0,"pct":100}}
,"/home/chloe/FAC19/tech-for-better/prepare-me/src/pages/StoryPage.js": {"lines":{"total":19,"covered":13,"skipped":0,"pct":68.42},"functions":{"total":3,"covered":1,"skipped":0,"pct":33.33},"statements":{"total":23,"covered":13,"skipped":0,"pct":56.52},"branches":{"total":10,"covered":1,"skipped":0,"pct":10}}
,"/home/chloe/FAC19/tech-for-better/prepare-me/src/pages/StoryTemplates.js": {"lines":{"total":12,"covered":12,"skipped":0,"pct":100},"functions":{"total":2,"covered":2,"skipped":0,"pct":100},"statements":{"total":12,"covered":12,"skipped":0,"pct":100},"branches":{"total":0,"covered":0,"skipped":0,"pct":100}}
,"/home/chloe/FAC19/tech-for-better/prepare-me/src/storyTemplates/blankTemplate.js": {"lines":{"total":1,"covered":1,"skipped":0,"pct":100},"functions":{"total":0,"covered":0,"skipped":0,"pct":100},"statements":{"total":1,"covered":1,"skipped":0,"pct":100},"branches":{"total":0,"covered":0,"skipped":0,"pct":100}}
,"/home/chloe/FAC19/tech-for-better/prepare-me/src/storyTemplates/startingSchool.js": {"lines":{"total":1,"covered":1,"skipped":0,"pct":100},"functions":{"total":0,"covered":0,"skipped":0,"pct":100},"statements":{"total":1,"covered":1,"skipped":0,"pct":100},"branches":{"total":0,"covered":0,"skipped":0,"pct":100}}
}
