TN:
SF:src/App.js
FN:22,App
FNF:1
FNH:1
FNDA:186,App
DA:23,186
DA:24,186
LF:2
LH:2
BRF:0
BRH:0
end_of_record
TN:
SF:src/index.js
FNF:0
FNH:0
DA:7,54
DA:17,54
LF:2
LH:2
BRF:0
BRH:0
end_of_record
TN:
SF:src/serviceWorker.js
FN:23,register
FN:34,(anonymous_1)
FN:43,(anonymous_2)
FN:57,registerValidSW
FN:60,(anonymous_4)
FN:61,(anonymous_5)
FN:66,(anonymous_6)
FN:96,(anonymous_7)
FN:101,checkValidServiceWorker
FN:106,(anonymous_9)
FN:114,(anonymous_10)
FN:115,(anonymous_11)
FN:124,(anonymous_12)
FN:131,unregister
FN:134,(anonymous_14)
FN:137,(anonymous_15)
FNF:16
FNH:1
FNDA:0,register
FNDA:0,(anonymous_1)
FNDA:0,(anonymous_2)
FNDA:0,registerValidSW
FNDA:0,(anonymous_4)
FNDA:0,(anonymous_5)
FNDA:0,(anonymous_6)
FNDA:0,(anonymous_7)
FNDA:0,checkValidServiceWorker
FNDA:0,(anonymous_9)
FNDA:0,(anonymous_10)
FNDA:0,(anonymous_11)
FNDA:0,(anonymous_12)
FNDA:54,unregister
FNDA:0,(anonymous_14)
FNDA:0,(anonymous_15)
DA:13,54
DA:24,0
DA:26,0
DA:27,0
DA:31,0
DA:34,0
DA:35,0
DA:37,0
DA:39,0
DA:43,0
DA:44,0
DA:51,0
DA:58,0
DA:61,0
DA:62,0
DA:63,0
DA:64,0
DA:66,0
DA:67,0
DA:68,0
DA:72,0
DA:78,0
DA:79,0
DA:85,0
DA:88,0
DA:89,0
DA:97,0
DA:103,0
DA:108,0
DA:109,0
DA:114,0
DA:115,0
DA:116,0
DA:121,0
DA:125,0
DA:132,54
DA:133,54
DA:135,0
DA:138,0
LF:39
LH:3
BRDA:14,0,0,54
BRDA:14,0,1,0
BRDA:14,0,2,0
BRDA:24,1,0,0
BRDA:24,1,1,0
BRDA:24,2,0,0
BRDA:24,2,1,0
BRDA:27,3,0,0
BRDA:27,3,1,0
BRDA:37,4,0,0
BRDA:37,4,1,0
BRDA:63,5,0,0
BRDA:63,5,1,0
BRDA:67,6,0,0
BRDA:67,6,1,0
BRDA:68,7,0,0
BRDA:68,7,1,0
BRDA:78,8,0,0
BRDA:78,8,1,0
BRDA:78,9,0,0
BRDA:78,9,1,0
BRDA:88,10,0,0
BRDA:88,10,1,0
BRDA:88,11,0,0
BRDA:88,11,1,0
BRDA:109,12,0,0
BRDA:109,12,1,0
BRDA:110,13,0,0
BRDA:110,13,1,0
BRDA:110,13,2,0
BRDA:132,14,0,54
BRDA:132,14,1,0
BRF:32
BRH:2
end_of_record
TN:
SF:src/theme.js
FNF:0
FNH:0
DA:3,54
DA:5,54
DA:6,54
LF:3
LH:3
BRF:0
BRH:0
end_of_record
TN:
SF:src/components/BottomNavBar.js
FN:29,BottomNavBar
FN:39,(anonymous_1)
FN:49,(anonymous_2)
FN:54,(anonymous_3)
FN:67,(anonymous_4)
FN:78,(anonymous_5)
FN:83,(anonymous_6)
FN:94,(anonymous_7)
FN:99,(anonymous_8)
FN:113,(anonymous_9)
FN:121,(anonymous_10)
FN:142,(anonymous_11)
FNF:12
FNH:9
FNDA:162,BottomNavBar
FNDA:42,(anonymous_1)
FNDA:0,(anonymous_2)
FNDA:33,(anonymous_3)
FNDA:6,(anonymous_4)
FNDA:0,(anonymous_5)
FNDA:75,(anonymous_6)
FNDA:42,(anonymous_7)
FNDA:6,(anonymous_8)
FNDA:75,(anonymous_9)
FNDA:6,(anonymous_10)
FNDA:0,(anonymous_11)
DA:12,54
DA:14,54
DA:30,162
DA:31,162
DA:32,162
DA:35,162
DA:39,162
DA:40,42
DA:49,0
DA:54,162
DA:55,33
DA:67,162
DA:68,6
DA:78,0
DA:83,162
DA:84,75
DA:94,42
DA:99,162
DA:100,6
DA:113,162
DA:114,75
DA:121,162
DA:122,6
DA:129,162
DA:130,162
DA:131,162
DA:133,162
DA:134,162
DA:136,162
DA:137,162
DA:139,162
DA:143,0
LF:32
LH:29
BRDA:35,0,0,12
BRDA:35,0,1,150
BRDA:130,1,0,66
BRDA:130,1,1,96
BRDA:131,2,0,12
BRDA:131,2,1,150
BRDA:134,3,0,12
BRDA:134,3,1,150
BRDA:137,4,0,12
BRDA:137,4,1,150
BRDA:147,5,0,162
BRDA:147,5,1,162
BRDA:148,6,0,162
BRDA:148,6,1,162
BRDA:149,7,0,162
BRDA:149,7,1,162
BRF:16
BRH:16
end_of_record
TN:
SF:src/components/RenderStory.js
FN:33,(anonymous_0)
FN:37,(anonymous_1)
FN:58,RenderStory
FN:68,(anonymous_3)
FNF:4
FNH:4
FNDA:75,(anonymous_0)
FNDA:790,(anonymous_1)
FNDA:75,RenderStory
FNDA:186,(anonymous_3)
DA:16,54
DA:33,54
DA:35,75
DA:37,75
DA:38,790
DA:40,790
DA:55,75
DA:59,75
DA:62,75
DA:69,186
LF:10
LH:10
BRDA:46,0,0,118
BRDA:46,0,1,672
BRDA:69,1,0,130
BRDA:69,1,1,56
BRF:4
BRH:4
end_of_record
TN:
SF:src/components/TopNavBar.js
FN:37,(anonymous_0)
FN:48,(anonymous_1)
FN:52,(anonymous_2)
FN:59,(anonymous_3)
FN:71,(anonymous_4)
FN:84,(anonymous_5)
FN:119,(anonymous_6)
FNF:7
FNH:3
FNDA:150,(anonymous_0)
FNDA:0,(anonymous_1)
FNDA:6,(anonymous_2)
FNDA:0,(anonymous_3)
FNDA:6,(anonymous_4)
FNDA:0,(anonymous_5)
FNDA:0,(anonymous_6)
DA:25,54
DA:26,54
DA:37,54
DA:38,150
DA:39,150
DA:40,150
DA:41,150
DA:42,150
DA:43,150
DA:44,150
DA:48,150
DA:49,0
DA:52,150
DA:53,6
DA:59,150
DA:60,0
DA:61,0
DA:67,150
DA:72,6
DA:84,0
DA:120,0
LF:21
LH:16
BRDA:96,0,0,150
BRDA:96,0,1,66
BRDA:172,1,0,0
BRDA:172,1,1,150
BRF:4
BRH:3
end_of_record
TN:
SF:src/components/WarningPage.js
FN:10,(anonymous_0)
FN:11,(anonymous_1)
FNF:2
FNH:0
FNDA:0,(anonymous_0)
FNDA:0,(anonymous_1)
DA:10,54
DA:11,0
DA:12,0
DA:15,0
LF:4
LH:1
BRF:0
BRH:0
end_of_record
TN:
SF:src/components/pageTemplates/BackCover.js
FN:26,BackCover
FNF:1
FNH:1
FNDA:6,BackCover
DA:7,54
DA:15,54
DA:21,54
DA:27,6
LF:4
LH:4
BRF:0
BRH:0
end_of_record
TN:
SF:src/components/pageTemplates/FrontCover.js
FN:36,FrontCover
FN:44,(anonymous_1)
FN:49,(anonymous_2)
FNF:3
FNH:1
FNDA:20,FrontCover
FNDA:0,(anonymous_1)
FNDA:0,(anonymous_2)
DA:8,54
DA:16,54
DA:22,54
DA:28,54
DA:37,20
DA:39,20
DA:44,0
DA:49,0
LF:8
LH:6
BRF:0
BRH:0
end_of_record
TN:
SF:src/components/pageTemplates/Landscape2.js
FN:22,Landscape2
FN:29,(anonymous_1)
FN:34,(anonymous_2)
FN:39,(anonymous_3)
FN:44,(anonymous_4)
FNF:5
FNH:1
FNDA:12,Landscape2
FNDA:0,(anonymous_1)
FNDA:0,(anonymous_2)
FNDA:0,(anonymous_3)
FNDA:0,(anonymous_4)
DA:7,54
DA:16,54
DA:23,12
DA:24,12
DA:29,0
DA:34,0
DA:39,0
DA:44,0
DA:50,54
LF:9
LH:5
BRF:0
BRH:0
end_of_record
TN:
SF:src/components/pageTemplates/Portrait2.js
FN:25,Portrait2
FN:33,(anonymous_1)
FN:38,(anonymous_2)
FN:45,(anonymous_3)
FN:50,(anonymous_4)
FNF:5
FNH:0
FNDA:0,Portrait2
FNDA:0,(anonymous_1)
FNDA:0,(anonymous_2)
FNDA:0,(anonymous_3)
FNDA:0,(anonymous_4)
DA:10,54
DA:19,54
DA:26,0
DA:27,0
DA:33,0
DA:38,0
DA:45,0
DA:50,0
DA:57,54
LF:9
LH:3
BRF:0
BRH:0
end_of_record
TN:
SF:src/components/pageTemplates/SinglePicture.js
FN:21,SinglePicture
FN:28,(anonymous_1)
FN:33,(anonymous_2)
FNF:3
FNH:1
FNDA:37,SinglePicture
FNDA:0,(anonymous_1)
FNDA:0,(anonymous_2)
DA:7,54
DA:15,54
DA:22,37
DA:23,37
DA:28,0
DA:33,0
DA:39,54
LF:7
LH:5
BRF:0
BRH:0
end_of_record
TN:
SF:src/components/pageTemplates/editHandler.js
FN:1,editHandler
FNF:1
FNH:0
FNDA:0,editHandler
DA:2,0
DA:3,0
DA:4,0
LF:3
LH:0
BRF:0
BRH:0
end_of_record
TN:
SF:src/components/pageTemplates/getPageTemplateByName.js
FNF:0
FNH:0
DA:7,54
LF:1
LH:1
BRF:0
BRH:0
end_of_record
TN:
SF:src/components/pageTemplates/uploadImageHandler.js
FN:1,uploadImageHandler
FN:38,(anonymous_1)
FNF:2
FNH:0
FNDA:0,uploadImageHandler
FNDA:0,(anonymous_1)
DA:2,0
DA:4,0
DA:39,0
DA:40,0
DA:41,0
DA:42,0
DA:43,0
LF:7
LH:0
BRDA:39,0,0,0
BRDA:39,0,1,0
BRDA:39,1,0,0
BRDA:39,1,1,0
BRDA:39,1,2,0
BRF:5
BRH:0
end_of_record
TN:
SF:src/model/SiteContext.js
FNF:0
FNH:0
DA:2,54
LF:1
LH:1
BRF:0
BRH:0
end_of_record
TN:
SF:src/model/allPages.js
FN:11,allPages
FN:14,(anonymous_1)
FNF:2
FNH:0
FNDA:0,allPages
FNDA:0,(anonymous_1)
DA:7,54
DA:12,0
DA:14,0
DA:16,0
DA:19,0
DA:20,0
DA:22,0
DA:29,0
LF:8
LH:1
BRF:0
BRH:0
end_of_record
TN:
SF:src/model/initialState.js
FNF:0
FNH:0
DA:1,54
LF:1
LH:1
BRF:0
BRH:0
end_of_record
TN:
SF:src/model/updateState.js
FN:11,clone
FN:15,updateState
FNF:2
FNH:2
FNDA:39,clone
FNDA:39,updateState
DA:6,54
DA:12,39
DA:16,39
DA:18,39
DA:20,33
DA:21,33
DA:22,33
DA:25,0
DA:26,0
DA:27,0
DA:30,0
DA:31,0
DA:32,0
DA:36,6
DA:38,6
DA:40,6
DA:45,6
DA:46,6
DA:50,0
DA:51,0
DA:52,0
DA:53,0
DA:57,0
LF:23
LH:12
BRDA:18,0,0,33
BRDA:18,0,1,0
BRDA:18,0,2,0
BRDA:18,0,3,6
BRDA:18,0,4,0
BRDA:18,0,5,0
BRF:6
BRH:2
end_of_record
TN:
SF:src/pages/ActionsPage.js
FN:14,ActionsPage
FN:19,handleRightSwipe
FNF:2
FNH:1
FNDA:6,ActionsPage
FNDA:0,handleRightSwipe
DA:10,54
DA:15,6
DA:16,6
DA:17,6
DA:21,0
DA:24,6
LF:6
LH:5
BRF:0
BRH:0
end_of_record
TN:
SF:src/pages/LandingPage.js
FN:15,LandingPage
FNF:1
FNH:1
FNDA:54,LandingPage
DA:7,54
DA:11,54
DA:16,54
LF:3
LH:3
BRF:0
BRH:0
end_of_record
TN:
SF:src/pages/MissingPage.js
FN:22,MissingPage
FNF:1
FNH:0
FNDA:0,MissingPage
DA:6,54
DA:10,54
DA:18,54
DA:23,0
LF:4
LH:3
BRF:0
BRH:0
end_of_record
TN:
SF:src/pages/PageTemplates.js
FN:45,(anonymous_0)
FN:50,handleClick
FNF:2
FNH:2
FNDA:6,(anonymous_0)
FNDA:6,handleClick
DA:18,54
DA:20,54
DA:24,54
DA:35,54
DA:39,54
DA:45,54
DA:46,6
DA:47,6
DA:48,6
DA:51,6
DA:52,6
DA:57,6
DA:60,6
LF:13
LH:13
BRF:0
BRH:0
end_of_record
TN:
SF:src/pages/PrintPages.js
FN:5,PrintPages
FN:8,(anonymous_1)
FNF:2
FNH:0
FNDA:0,PrintPages
FNDA:0,(anonymous_1)
DA:6,0
DA:7,0
DA:8,0
DA:13,0
DA:16,0
LF:5
LH:0
BRF:0
BRH:0
end_of_record
TN:
SF:src/pages/StoryPage.js
FN:24,(anonymous_0)
FN:50,handleLeftSwipe
FN:55,handleRightSwipe
FNF:3
FNH:1
FNDA:75,(anonymous_0)
FNDA:0,handleLeftSwipe
FNDA:0,handleRightSwipe
DA:13,54
DA:17,54
DA:24,54
DA:26,75
DA:27,75
DA:30,75
DA:33,75
DA:34,75
DA:35,75
DA:36,0
DA:40,0
DA:44,75
DA:47,75
DA:48,75
DA:52,0
DA:53,0
DA:57,0
DA:58,0
DA:61,75
LF:19
LH:13
BRDA:35,0,0,0
BRDA:35,0,1,75
BRDA:52,1,0,0
BRDA:52,1,1,0
BRDA:53,2,0,0
BRDA:53,2,1,0
BRDA:57,3,0,0
BRDA:57,3,1,0
BRDA:58,4,0,0
BRDA:58,4,1,0
BRF:10
BRH:1
end_of_record
TN:
SF:src/pages/StoryTemplates.js
FN:36,(anonymous_0)
FN:40,(anonymous_1)
FNF:2
FNH:2
FNDA:40,(anonymous_0)
FNDA:33,(anonymous_1)
DA:15,54
DA:19,54
DA:28,54
DA:30,54
DA:36,54
DA:37,40
DA:38,40
DA:40,40
DA:41,33
DA:42,33
DA:43,33
DA:46,40
LF:12
LH:12
BRF:0
BRH:0
end_of_record
TN:
SF:src/storyTemplates/blankTemplate.js
FNF:0
FNH:0
DA:1,54
LF:1
LH:1
BRF:0
BRH:0
end_of_record
TN:
SF:src/storyTemplates/startingSchool.js
FNF:0
FNH:0
DA:3,54
LF:1
LH:1
BRF:0
BRH:0
end_of_record
