{
  "/home/chloe/FAC19/tech-for-better/prepare-me/src/theme.js": {
    "path": "/home/chloe/FAC19/tech-for-better/prepare-me/src/theme.js",
    "statementMap": {
      "0": {
        "start": {
          "line": 3,
          "column": 21
        },
        "end": {
          "line": 3,
          "column": 30
        }
      },
      "1": {
        "start": {
          "line": 5,
          "column": 23
        },
        "end": {
          "line": 5,
          "column": 32
        }
      },
      "2": {
        "start": {
          "line": 6,
          "column": 22
        },
        "end": {
          "line": 6,
          "column": 31
        }
      }
    },
    "fnMap": {},
    "branchMap": {},
    "s": {
      "0": 54,
      "1": 54,
      "2": 54
    },
    "f": {},
    "b": {},
    "_coverageSchema": "1a1c01bbd47fc00a2c39e90264f33305004495a9",
    "hash": "4f9f28f7b216c674f80b8f582268d5d6ead40adc"
  },
  "/home/chloe/FAC19/tech-for-better/prepare-me/src/model/SiteContext.js": {
    "path": "/home/chloe/FAC19/tech-for-better/prepare-me/src/model/SiteContext.js",
    "statementMap": {
      "0": {
        "start": {
          "line": 2,
          "column": 20
        },
        "end": {
          "line": 2,
          "column": 41
        }
      }
    },
    "fnMap": {},
    "branchMap": {},
    "s": {
      "0": 54
    },
    "f": {},
    "b": {},
    "_coverageSchema": "1a1c01bbd47fc00a2c39e90264f33305004495a9",
    "hash": "093ee454dfbbe1b4a3db4f1a2d3330518424a3c3"
  },
  "/home/chloe/FAC19/tech-for-better/prepare-me/src/model/initialState.js": {
    "path": "/home/chloe/FAC19/tech-for-better/prepare-me/src/model/initialState.js",
    "statementMap": {
      "0": {
        "start": {
          "line": 1,
          "column": 21
        },
        "end": {
          "line": 3,
          "column": 1
        }
      }
    },
    "fnMap": {},
    "branchMap": {},
    "s": {
      "0": 54
    },
    "f": {},
    "b": {},
    "_coverageSchema": "1a1c01bbd47fc00a2c39e90264f33305004495a9",
    "hash": "197db0b41ed288eeae80074c025cdc58ac74eb3e"
  },
  "/home/chloe/FAC19/tech-for-better/prepare-me/src/storyTemplates/startingSchool.js": {
    "path": "/home/chloe/FAC19/tech-for-better/prepare-me/src/storyTemplates/startingSchool.js",
    "statementMap": {
      "0": {
        "start": {
          "line": 3,
          "column": 23
        },
        "end": {
          "line": 167,
          "column": 1
        }
      }
    },
    "fnMap": {},
    "branchMap": {},
    "s": {
      "0": 54
    },
    "f": {},
    "b": {},
    "_coverageSchema": "1a1c01bbd47fc00a2c39e90264f33305004495a9",
    "hash": "63e88e03eb67cbd2db12ad6bab40e6c22d921550"
  },
  "/home/chloe/FAC19/tech-for-better/prepare-me/src/storyTemplates/blankTemplate.js": {
    "path": "/home/chloe/FAC19/tech-for-better/prepare-me/src/storyTemplates/blankTemplate.js",
    "statementMap": {
      "0": {
        "start": {
          "line": 1,
          "column": 22
        },
        "end": {
          "line": 32,
          "column": 1
        }
      }
    },
    "fnMap": {},
    "branchMap": {},
    "s": {
      "0": 54
    },
    "f": {},
    "b": {},
    "_coverageSchema": "1a1c01bbd47fc00a2c39e90264f33305004495a9",
    "hash": "acf5f98ea41e776bb72c0f94c7c2cf65b52499d5"
  },
  "/home/chloe/FAC19/tech-for-better/prepare-me/src/components/pageTemplates/editHandler.js": {
    "path": "/home/chloe/FAC19/tech-for-better/prepare-me/src/components/pageTemplates/editHandler.js",
    "statementMap": {
      "0": {
        "start": {
          "line": 2,
          "column": 18
        },
        "end": {
          "line": 2,
          "column": 43
        }
      },
      "1": {
        "start": {
          "line": 3,
          "column": 20
        },
        "end": {
          "line": 3,
          "column": 42
        }
      },
      "2": {
        "start": {
          "line": 4,
          "column": 2
        },
        "end": {
          "line": 4,
          "column": 67
        }
      }
    },
    "fnMap": {
      "0": {
        "name": "editHandler",
        "decl": {
          "start": {
            "line": 1,
            "column": 9
          },
          "end": {
            "line": 1,
            "column": 20
          }
        },
        "loc": {
          "start": {
            "line": 1,
            "column": 50
          },
          "end": {
            "line": 5,
            "column": 1
          }
        },
        "line": 1
      }
    },
    "branchMap": {},
    "s": {
      "0": 0,
      "1": 0,
      "2": 0
    },
    "f": {
      "0": 0
    },
    "b": {},
    "_coverageSchema": "1a1c01bbd47fc00a2c39e90264f33305004495a9",
    "hash": "de483902705e4ef40e3dced2e8531a9a1e836cfc"
  },
  "/home/chloe/FAC19/tech-for-better/prepare-me/src/components/pageTemplates/uploadImageHandler.js": {
    "path": "/home/chloe/FAC19/tech-for-better/prepare-me/src/components/pageTemplates/uploadImageHandler.js",
    "statementMap": {
      "0": {
        "start": {
          "line": 2,
          "column": 20
        },
        "end": {
          "line": 2,
          "column": 38
        }
      },
      "1": {
        "start": {
          "line": 4,
          "column": 2
        },
        "end": {
          "line": 46,
          "column": 4
        }
      },
      "2": {
        "start": {
          "line": 39,
          "column": 6
        },
        "end": {
          "line": 44,
          "column": 7
        }
      },
      "3": {
        "start": {
          "line": 40,
          "column": 8
        },
        "end": {
          "line": 40,
          "column": 33
        }
      },
      "4": {
        "start": {
          "line": 41,
          "column": 20
        },
        "end": {
          "line": 41,
          "column": 35
        }
      },
      "5": {
        "start": {
          "line": 42,
          "column": 8
        },
        "end": {
          "line": 42,
          "column": 25
        }
      },
      "6": {
        "start": {
          "line": 43,
          "column": 8
        },
        "end": {
          "line": 43,
          "column": 71
        }
      }
    },
    "fnMap": {
      "0": {
        "name": "uploadImageHandler",
        "decl": {
          "start": {
            "line": 1,
            "column": 9
          },
          "end": {
            "line": 1,
            "column": 27
          }
        },
        "loc": {
          "start": {
            "line": 1,
            "column": 53
          },
          "end": {
            "line": 47,
            "column": 1
          }
        },
        "line": 1
      },
      "1": {
        "name": "(anonymous_1)",
        "decl": {
          "start": {
            "line": 38,
            "column": 4
          },
          "end": {
            "line": 38,
            "column": 5
          }
        },
        "loc": {
          "start": {
            "line": 38,
            "column": 23
          },
          "end": {
            "line": 45,
            "column": 5
          }
        },
        "line": 38
      }
    },
    "branchMap": {
      "0": {
        "loc": {
          "start": {
            "line": 39,
            "column": 6
          },
          "end": {
            "line": 44,
            "column": 7
          }
        },
        "type": "if",
        "locations": [
          {
            "start": {
              "line": 39,
              "column": 6
            },
            "end": {
              "line": 44,
              "column": 7
            }
          },
          {
            "start": {
              "line": 39,
              "column": 6
            },
            "end": {
              "line": 44,
              "column": 7
            }
          }
        ],
        "line": 39
      },
      "1": {
        "loc": {
          "start": {
            "line": 39,
            "column": 10
          },
          "end": {
            "line": 39,
            "column": 56
          }
        },
        "type": "binary-expr",
        "locations": [
          {
            "start": {
              "line": 39,
              "column": 10
            },
            "end": {
              "line": 39,
              "column": 16
            }
          },
          {
            "start": {
              "line": 39,
              "column": 20
            },
            "end": {
              "line": 39,
              "column": 26
            }
          },
          {
            "start": {
              "line": 39,
              "column": 30
            },
            "end": {
              "line": 39,
              "column": 56
            }
          }
        ],
        "line": 39
      }
    },
    "s": {
      "0": 0,
      "1": 0,
      "2": 0,
      "3": 0,
      "4": 0,
      "5": 0,
      "6": 0
    },
    "f": {
      "0": 0,
      "1": 0
    },
    "b": {
      "0": [
        0,
        0
      ],
      "1": [
        0,
        0,
        0
      ]
    },
    "_coverageSchema": "1a1c01bbd47fc00a2c39e90264f33305004495a9",
    "hash": "f67dc0eaf3e4e0329a35ce07a04cf06e0efdd9da"
  },
  "/home/chloe/FAC19/tech-for-better/prepare-me/src/components/pageTemplates/Landscape2.js": {
    "path": "/home/chloe/FAC19/tech-for-better/prepare-me/src/components/pageTemplates/Landscape2.js",
    "statementMap": {
      "0": {
        "start": {
          "line": 7,
          "column": 16
        },
        "end": {
          "line": 14,
          "column": 1
        }
      },
      "1": {
        "start": {
          "line": 16,
          "column": 15
        },
        "end": {
          "line": 20,
          "column": 1
        }
      },
      "2": {
        "start": {
          "line": 23,
          "column": 23
        },
        "end": {
          "line": 23,
          "column": 52
        }
      },
      "3": {
        "start": {
          "line": 24,
          "column": 2
        },
        "end": {
          "line": 47,
          "column": 4
        }
      },
      "4": {
        "start": {
          "line": 29,
          "column": 24
        },
        "end": {
          "line": 29,
          "column": 67
        }
      },
      "5": {
        "start": {
          "line": 34,
          "column": 25
        },
        "end": {
          "line": 34,
          "column": 61
        }
      },
      "6": {
        "start": {
          "line": 39,
          "column": 24
        },
        "end": {
          "line": 39,
          "column": 67
        }
      },
      "7": {
        "start": {
          "line": 44,
          "column": 25
        },
        "end": {
          "line": 44,
          "column": 61
        }
      },
      "8": {
        "start": {
          "line": 50,
          "column": 0
        },
        "end": {
          "line": 57,
          "column": 2
        }
      }
    },
    "fnMap": {
      "0": {
        "name": "Landscape2",
        "decl": {
          "start": {
            "line": 22,
            "column": 9
          },
          "end": {
            "line": 22,
            "column": 19
          }
        },
        "loc": {
          "start": {
            "line": 22,
            "column": 44
          },
          "end": {
            "line": 48,
            "column": 1
          }
        },
        "line": 22
      },
      "1": {
        "name": "(anonymous_1)",
        "decl": {
          "start": {
            "line": 29,
            "column": 17
          },
          "end": {
            "line": 29,
            "column": 18
          }
        },
        "loc": {
          "start": {
            "line": 29,
            "column": 24
          },
          "end": {
            "line": 29,
            "column": 67
          }
        },
        "line": 29
      },
      "2": {
        "name": "(anonymous_2)",
        "decl": {
          "start": {
            "line": 34,
            "column": 18
          },
          "end": {
            "line": 34,
            "column": 19
          }
        },
        "loc": {
          "start": {
            "line": 34,
            "column": 25
          },
          "end": {
            "line": 34,
            "column": 61
          }
        },
        "line": 34
      },
      "3": {
        "name": "(anonymous_3)",
        "decl": {
          "start": {
            "line": 39,
            "column": 17
          },
          "end": {
            "line": 39,
            "column": 18
          }
        },
        "loc": {
          "start": {
            "line": 39,
            "column": 24
          },
          "end": {
            "line": 39,
            "column": 67
          }
        },
        "line": 39
      },
      "4": {
        "name": "(anonymous_4)",
        "decl": {
          "start": {
            "line": 44,
            "column": 18
          },
          "end": {
            "line": 44,
            "column": 19
          }
        },
        "loc": {
          "start": {
            "line": 44,
            "column": 25
          },
          "end": {
            "line": 44,
            "column": 61
          }
        },
        "line": 44
      }
    },
    "branchMap": {},
    "s": {
      "0": 54,
      "1": 54,
      "2": 12,
      "3": 12,
      "4": 0,
      "5": 0,
      "6": 0,
      "7": 0,
      "8": 54
    },
    "f": {
      "0": 12,
      "1": 0,
      "2": 0,
      "3": 0,
      "4": 0
    },
    "b": {},
    "_coverageSchema": "1a1c01bbd47fc00a2c39e90264f33305004495a9",
    "hash": "3623934cf2c8b430391a83a461fce9c73872808b"
  },
  "/home/chloe/FAC19/tech-for-better/prepare-me/src/components/pageTemplates/Portrait2.js": {
    "path": "/home/chloe/FAC19/tech-for-better/prepare-me/src/components/pageTemplates/Portrait2.js",
    "statementMap": {
      "0": {
        "start": {
          "line": 10,
          "column": 16
        },
        "end": {
          "line": 17,
          "column": 1
        }
      },
      "1": {
        "start": {
          "line": 19,
          "column": 15
        },
        "end": {
          "line": 23,
          "column": 1
        }
      },
      "2": {
        "start": {
          "line": 26,
          "column": 23
        },
        "end": {
          "line": 26,
          "column": 52
        }
      },
      "3": {
        "start": {
          "line": 27,
          "column": 2
        },
        "end": {
          "line": 54,
          "column": 4
        }
      },
      "4": {
        "start": {
          "line": 33,
          "column": 26
        },
        "end": {
          "line": 33,
          "column": 69
        }
      },
      "5": {
        "start": {
          "line": 38,
          "column": 27
        },
        "end": {
          "line": 38,
          "column": 63
        }
      },
      "6": {
        "start": {
          "line": 45,
          "column": 26
        },
        "end": {
          "line": 45,
          "column": 69
        }
      },
      "7": {
        "start": {
          "line": 50,
          "column": 27
        },
        "end": {
          "line": 50,
          "column": 63
        }
      },
      "8": {
        "start": {
          "line": 57,
          "column": 0
        },
        "end": {
          "line": 64,
          "column": 2
        }
      }
    },
    "fnMap": {
      "0": {
        "name": "Portrait2",
        "decl": {
          "start": {
            "line": 25,
            "column": 9
          },
          "end": {
            "line": 25,
            "column": 18
          }
        },
        "loc": {
          "start": {
            "line": 25,
            "column": 43
          },
          "end": {
            "line": 55,
            "column": 1
          }
        },
        "line": 25
      },
      "1": {
        "name": "(anonymous_1)",
        "decl": {
          "start": {
            "line": 33,
            "column": 19
          },
          "end": {
            "line": 33,
            "column": 20
          }
        },
        "loc": {
          "start": {
            "line": 33,
            "column": 26
          },
          "end": {
            "line": 33,
            "column": 69
          }
        },
        "line": 33
      },
      "2": {
        "name": "(anonymous_2)",
        "decl": {
          "start": {
            "line": 38,
            "column": 20
          },
          "end": {
            "line": 38,
            "column": 21
          }
        },
        "loc": {
          "start": {
            "line": 38,
            "column": 27
          },
          "end": {
            "line": 38,
            "column": 63
          }
        },
        "line": 38
      },
      "3": {
        "name": "(anonymous_3)",
        "decl": {
          "start": {
            "line": 45,
            "column": 19
          },
          "end": {
            "line": 45,
            "column": 20
          }
        },
        "loc": {
          "start": {
            "line": 45,
            "column": 26
          },
          "end": {
            "line": 45,
            "column": 69
          }
        },
        "line": 45
      },
      "4": {
        "name": "(anonymous_4)",
        "decl": {
          "start": {
            "line": 50,
            "column": 20
          },
          "end": {
            "line": 50,
            "column": 21
          }
        },
        "loc": {
          "start": {
            "line": 50,
            "column": 27
          },
          "end": {
            "line": 50,
            "column": 63
          }
        },
        "line": 50
      }
    },
    "branchMap": {},
    "s": {
      "0": 54,
      "1": 54,
      "2": 0,
      "3": 0,
      "4": 0,
      "5": 0,
      "6": 0,
      "7": 0,
      "8": 54
    },
    "f": {
      "0": 0,
      "1": 0,
      "2": 0,
      "3": 0,
      "4": 0
    },
    "b": {},
    "_coverageSchema": "1a1c01bbd47fc00a2c39e90264f33305004495a9",
    "hash": "d275910fb5092f8a2ad5de594046e296b13ba1ef"
  },
  "/home/chloe/FAC19/tech-for-better/prepare-me/src/components/pageTemplates/FrontCover.js": {
    "path": "/home/chloe/FAC19/tech-for-better/prepare-me/src/components/pageTemplates/FrontCover.js",
    "statementMap": {
      "0": {
        "start": {
          "line": 8,
          "column": 13
        },
        "end": {
          "line": 14,
          "column": 1
        }
      },
      "1": {
        "start": {
          "line": 16,
          "column": 17
        },
        "end": {
          "line": 20,
          "column": 1
        }
      },
      "2": {
        "start": {
          "line": 22,
          "column": 15
        },
        "end": {
          "line": 26,
          "column": 1
        }
      },
      "3": {
        "start": {
          "line": 28,
          "column": 14
        },
        "end": {
          "line": 34,
          "column": 1
        }
      },
      "4": {
        "start": {
          "line": 37,
          "column": 23
        },
        "end": {
          "line": 37,
          "column": 52
        }
      },
      "5": {
        "start": {
          "line": 39,
          "column": 2
        },
        "end": {
          "line": 53,
          "column": 4
        }
      },
      "6": {
        "start": {
          "line": 44,
          "column": 24
        },
        "end": {
          "line": 44,
          "column": 67
        }
      },
      "7": {
        "start": {
          "line": 49,
          "column": 25
        },
        "end": {
          "line": 49,
          "column": 61
        }
      }
    },
    "fnMap": {
      "0": {
        "name": "FrontCover",
        "decl": {
          "start": {
            "line": 36,
            "column": 9
          },
          "end": {
            "line": 36,
            "column": 19
          }
        },
        "loc": {
          "start": {
            "line": 36,
            "column": 44
          },
          "end": {
            "line": 54,
            "column": 1
          }
        },
        "line": 36
      },
      "1": {
        "name": "(anonymous_1)",
        "decl": {
          "start": {
            "line": 44,
            "column": 17
          },
          "end": {
            "line": 44,
            "column": 18
          }
        },
        "loc": {
          "start": {
            "line": 44,
            "column": 24
          },
          "end": {
            "line": 44,
            "column": 67
          }
        },
        "line": 44
      },
      "2": {
        "name": "(anonymous_2)",
        "decl": {
          "start": {
            "line": 49,
            "column": 18
          },
          "end": {
            "line": 49,
            "column": 19
          }
        },
        "loc": {
          "start": {
            "line": 49,
            "column": 25
          },
          "end": {
            "line": 49,
            "column": 61
          }
        },
        "line": 49
      }
    },
    "branchMap": {},
    "s": {
      "0": 54,
      "1": 54,
      "2": 54,
      "3": 54,
      "4": 20,
      "5": 20,
      "6": 0,
      "7": 0
    },
    "f": {
      "0": 20,
      "1": 0,
      "2": 0
    },
    "b": {},
    "_coverageSchema": "1a1c01bbd47fc00a2c39e90264f33305004495a9",
    "hash": "dc177d28450e4eb296ec9e9745bf90ae818785d2"
  },
  "/home/chloe/FAC19/tech-for-better/prepare-me/src/components/pageTemplates/BackCover.js": {
    "path": "/home/chloe/FAC19/tech-for-better/prepare-me/src/components/pageTemplates/BackCover.js",
    "statementMap": {
      "0": {
        "start": {
          "line": 7,
          "column": 14
        },
        "end": {
          "line": 13,
          "column": 1
        }
      },
      "1": {
        "start": {
          "line": 15,
          "column": 13
        },
        "end": {
          "line": 19,
          "column": 1
        }
      },
      "2": {
        "start": {
          "line": 21,
          "column": 13
        },
        "end": {
          "line": 24,
          "column": 1
        }
      },
      "3": {
        "start": {
          "line": 27,
          "column": 2
        },
        "end": {
          "line": 32,
          "column": 4
        }
      }
    },
    "fnMap": {
      "0": {
        "name": "BackCover",
        "decl": {
          "start": {
            "line": 26,
            "column": 9
          },
          "end": {
            "line": 26,
            "column": 18
          }
        },
        "loc": {
          "start": {
            "line": 26,
            "column": 21
          },
          "end": {
            "line": 33,
            "column": 1
          }
        },
        "line": 26
      }
    },
    "branchMap": {},
    "s": {
      "0": 54,
      "1": 54,
      "2": 54,
      "3": 6
    },
    "f": {
      "0": 6
    },
    "b": {},
    "_coverageSchema": "1a1c01bbd47fc00a2c39e90264f33305004495a9",
    "hash": "66beeb3c7bc6d846766dd61fcd78be22860632fa"
  },
  "/home/chloe/FAC19/tech-for-better/prepare-me/src/components/pageTemplates/SinglePicture.js": {
    "path": "/home/chloe/FAC19/tech-for-better/prepare-me/src/components/pageTemplates/SinglePicture.js",
    "statementMap": {
      "0": {
        "start": {
          "line": 7,
          "column": 16
        },
        "end": {
          "line": 13,
          "column": 1
        }
      },
      "1": {
        "start": {
          "line": 15,
          "column": 15
        },
        "end": {
          "line": 19,
          "column": 1
        }
      },
      "2": {
        "start": {
          "line": 22,
          "column": 23
        },
        "end": {
          "line": 22,
          "column": 52
        }
      },
      "3": {
        "start": {
          "line": 23,
          "column": 2
        },
        "end": {
          "line": 36,
          "column": 4
        }
      },
      "4": {
        "start": {
          "line": 28,
          "column": 24
        },
        "end": {
          "line": 28,
          "column": 67
        }
      },
      "5": {
        "start": {
          "line": 33,
          "column": 25
        },
        "end": {
          "line": 33,
          "column": 61
        }
      },
      "6": {
        "start": {
          "line": 39,
          "column": 0
        },
        "end": {
          "line": 43,
          "column": 2
        }
      }
    },
    "fnMap": {
      "0": {
        "name": "SinglePicture",
        "decl": {
          "start": {
            "line": 21,
            "column": 9
          },
          "end": {
            "line": 21,
            "column": 22
          }
        },
        "loc": {
          "start": {
            "line": 21,
            "column": 47
          },
          "end": {
            "line": 37,
            "column": 1
          }
        },
        "line": 21
      },
      "1": {
        "name": "(anonymous_1)",
        "decl": {
          "start": {
            "line": 28,
            "column": 17
          },
          "end": {
            "line": 28,
            "column": 18
          }
        },
        "loc": {
          "start": {
            "line": 28,
            "column": 24
          },
          "end": {
            "line": 28,
            "column": 67
          }
        },
        "line": 28
      },
      "2": {
        "name": "(anonymous_2)",
        "decl": {
          "start": {
            "line": 33,
            "column": 18
          },
          "end": {
            "line": 33,
            "column": 19
          }
        },
        "loc": {
          "start": {
            "line": 33,
            "column": 25
          },
          "end": {
            "line": 33,
            "column": 61
          }
        },
        "line": 33
      }
    },
    "branchMap": {},
    "s": {
      "0": 54,
      "1": 54,
      "2": 37,
      "3": 37,
      "4": 0,
      "5": 0,
      "6": 54
    },
    "f": {
      "0": 37,
      "1": 0,
      "2": 0
    },
    "b": {},
    "_coverageSchema": "1a1c01bbd47fc00a2c39e90264f33305004495a9",
    "hash": "af0f5d515e458fbdf0eb0d38115122d095052c58"
  },
  "/home/chloe/FAC19/tech-for-better/prepare-me/src/components/pageTemplates/getPageTemplateByName.js": {
    "path": "/home/chloe/FAC19/tech-for-better/prepare-me/src/components/pageTemplates/getPageTemplateByName.js",
    "statementMap": {
      "0": {
        "start": {
          "line": 7,
          "column": 30
        },
        "end": {
          "line": 13,
          "column": 1
        }
      }
    },
    "fnMap": {},
    "branchMap": {},
    "s": {
      "0": 54
    },
    "f": {},
    "b": {},
    "_coverageSchema": "1a1c01bbd47fc00a2c39e90264f33305004495a9",
    "hash": "56b3bfbf2f053875e8fe82c1fc50c1f20b04529e"
  },
  "/home/chloe/FAC19/tech-for-better/prepare-me/src/model/updateState.js": {
    "path": "/home/chloe/FAC19/tech-for-better/prepare-me/src/model/updateState.js",
    "statementMap": {
      "0": {
        "start": {
          "line": 6,
          "column": 28
        },
        "end": {
          "line": 9,
          "column": 1
        }
      },
      "1": {
        "start": {
          "line": 12,
          "column": 2
        },
        "end": {
          "line": 12,
          "column": 41
        }
      },
      "2": {
        "start": {
          "line": 16,
          "column": 15
        },
        "end": {
          "line": 16,
          "column": 27
        }
      },
      "3": {
        "start": {
          "line": 18,
          "column": 2
        },
        "end": {
          "line": 59,
          "column": 3
        }
      },
      "4": {
        "start": {
          "line": 20,
          "column": 27
        },
        "end": {
          "line": 20,
          "column": 34
        }
      },
      "5": {
        "start": {
          "line": 21,
          "column": 6
        },
        "end": {
          "line": 21,
          "column": 55
        }
      },
      "6": {
        "start": {
          "line": 22,
          "column": 6
        },
        "end": {
          "line": 22,
          "column": 18
        }
      },
      "7": {
        "start": {
          "line": 25,
          "column": 49
        },
        "end": {
          "line": 25,
          "column": 56
        }
      },
      "8": {
        "start": {
          "line": 26,
          "column": 6
        },
        "end": {
          "line": 26,
          "column": 61
        }
      },
      "9": {
        "start": {
          "line": 27,
          "column": 6
        },
        "end": {
          "line": 27,
          "column": 18
        }
      },
      "10": {
        "start": {
          "line": 30,
          "column": 45
        },
        "end": {
          "line": 30,
          "column": 52
        }
      },
      "11": {
        "start": {
          "line": 31,
          "column": 6
        },
        "end": {
          "line": 31,
          "column": 57
        }
      },
      "12": {
        "start": {
          "line": 32,
          "column": 6
        },
        "end": {
          "line": 32,
          "column": 18
        }
      },
      "13": {
        "start": {
          "line": 36,
          "column": 39
        },
        "end": {
          "line": 36,
          "column": 46
        }
      },
      "14": {
        "start": {
          "line": 38,
          "column": 31
        },
        "end": {
          "line": 38,
          "column": 62
        }
      },
      "15": {
        "start": {
          "line": 40,
          "column": 22
        },
        "end": {
          "line": 44,
          "column": 7
        }
      },
      "16": {
        "start": {
          "line": 45,
          "column": 6
        },
        "end": {
          "line": 45,
          "column": 48
        }
      },
      "17": {
        "start": {
          "line": 46,
          "column": 6
        },
        "end": {
          "line": 46,
          "column": 18
        }
      },
      "18": {
        "start": {
          "line": 50,
          "column": 29
        },
        "end": {
          "line": 50,
          "column": 36
        }
      },
      "19": {
        "start": {
          "line": 51,
          "column": 6
        },
        "end": {
          "line": 51,
          "column": 59
        }
      },
      "20": {
        "start": {
          "line": 52,
          "column": 6
        },
        "end": {
          "line": 52,
          "column": 43
        }
      },
      "21": {
        "start": {
          "line": 53,
          "column": 6
        },
        "end": {
          "line": 53,
          "column": 18
        }
      },
      "22": {
        "start": {
          "line": 57,
          "column": 6
        },
        "end": {
          "line": 57,
          "column": 18
        }
      }
    },
    "fnMap": {
      "0": {
        "name": "clone",
        "decl": {
          "start": {
            "line": 11,
            "column": 9
          },
          "end": {
            "line": 11,
            "column": 14
          }
        },
        "loc": {
          "start": {
            "line": 11,
            "column": 20
          },
          "end": {
            "line": 13,
            "column": 1
          }
        },
        "line": 11
      },
      "1": {
        "name": "updateState",
        "decl": {
          "start": {
            "line": 15,
            "column": 9
          },
          "end": {
            "line": 15,
            "column": 20
          }
        },
        "loc": {
          "start": {
            "line": 15,
            "column": 37
          },
          "end": {
            "line": 60,
            "column": 1
          }
        },
        "line": 15
      }
    },
    "branchMap": {
      "0": {
        "loc": {
          "start": {
            "line": 18,
            "column": 2
          },
          "end": {
            "line": 59,
            "column": 3
          }
        },
        "type": "switch",
        "locations": [
          {
            "start": {
              "line": 19,
              "column": 4
            },
            "end": {
              "line": 23,
              "column": 5
            }
          },
          {
            "start": {
              "line": 24,
              "column": 4
            },
            "end": {
              "line": 28,
              "column": 5
            }
          },
          {
            "start": {
              "line": 29,
              "column": 4
            },
            "end": {
              "line": 33,
              "column": 5
            }
          },
          {
            "start": {
              "line": 35,
              "column": 4
            },
            "end": {
              "line": 47,
              "column": 5
            }
          },
          {
            "start": {
              "line": 49,
              "column": 4
            },
            "end": {
              "line": 54,
              "column": 5
            }
          },
          {
            "start": {
              "line": 56,
              "column": 4
            },
            "end": {
              "line": 58,
              "column": 5
            }
          }
        ],
        "line": 18
      }
    },
    "s": {
      "0": 54,
      "1": 39,
      "2": 39,
      "3": 39,
      "4": 33,
      "5": 33,
      "6": 33,
      "7": 0,
      "8": 0,
      "9": 0,
      "10": 0,
      "11": 0,
      "12": 0,
      "13": 6,
      "14": 6,
      "15": 6,
      "16": 6,
      "17": 6,
      "18": 0,
      "19": 0,
      "20": 0,
      "21": 0,
      "22": 0
    },
    "f": {
      "0": 39,
      "1": 39
    },
    "b": {
      "0": [
        33,
        0,
        0,
        6,
        0,
        0
      ]
    },
    "_coverageSchema": "1a1c01bbd47fc00a2c39e90264f33305004495a9",
    "hash": "1ce0fc3c73b5dc844f28e651a7186601ed866526"
  },
  "/home/chloe/FAC19/tech-for-better/prepare-me/src/pages/StoryTemplates.js": {
    "path": "/home/chloe/FAC19/tech-for-better/prepare-me/src/pages/StoryTemplates.js",
    "statementMap": {
      "0": {
        "start": {
          "line": 15,
          "column": 15
        },
        "end": {
          "line": 17,
          "column": 1
        }
      },
      "1": {
        "start": {
          "line": 19,
          "column": 15
        },
        "end": {
          "line": 26,
          "column": 1
        }
      },
      "2": {
        "start": {
          "line": 28,
          "column": 16
        },
        "end": {
          "line": 28,
          "column": 36
        }
      },
      "3": {
        "start": {
          "line": 30,
          "column": 16
        },
        "end": {
          "line": 34,
          "column": 1
        }
      },
      "4": {
        "start": {
          "line": 36,
          "column": 23
        },
        "end": {
          "line": 86,
          "column": 1
        }
      },
      "5": {
        "start": {
          "line": 37,
          "column": 23
        },
        "end": {
          "line": 37,
          "column": 52
        }
      },
      "6": {
        "start": {
          "line": 38,
          "column": 18
        },
        "end": {
          "line": 38,
          "column": 30
        }
      },
      "7": {
        "start": {
          "line": 40,
          "column": 22
        },
        "end": {
          "line": 44,
          "column": 3
        }
      },
      "8": {
        "start": {
          "line": 41,
          "column": 21
        },
        "end": {
          "line": 41,
          "column": 43
        }
      },
      "9": {
        "start": {
          "line": 42,
          "column": 4
        },
        "end": {
          "line": 42,
          "column": 56
        }
      },
      "10": {
        "start": {
          "line": 43,
          "column": 4
        },
        "end": {
          "line": 43,
          "column": 34
        }
      },
      "11": {
        "start": {
          "line": 46,
          "column": 2
        },
        "end": {
          "line": 85,
          "column": 4
        }
      }
    },
    "fnMap": {
      "0": {
        "name": "(anonymous_0)",
        "decl": {
          "start": {
            "line": 36,
            "column": 23
          },
          "end": {
            "line": 36,
            "column": 24
          }
        },
        "loc": {
          "start": {
            "line": 36,
            "column": 29
          },
          "end": {
            "line": 86,
            "column": 1
          }
        },
        "line": 36
      },
      "1": {
        "name": "(anonymous_1)",
        "decl": {
          "start": {
            "line": 40,
            "column": 22
          },
          "end": {
            "line": 40,
            "column": 23
          }
        },
        "loc": {
          "start": {
            "line": 40,
            "column": 33
          },
          "end": {
            "line": 44,
            "column": 3
          }
        },
        "line": 40
      }
    },
    "branchMap": {},
    "s": {
      "0": 54,
      "1": 54,
      "2": 54,
      "3": 54,
      "4": 54,
      "5": 40,
      "6": 40,
      "7": 40,
      "8": 33,
      "9": 33,
      "10": 33,
      "11": 40
    },
    "f": {
      "0": 40,
      "1": 33
    },
    "b": {},
    "_coverageSchema": "1a1c01bbd47fc00a2c39e90264f33305004495a9",
    "hash": "563e0534f5a0ff2528df539592c5ad6bb6ea3ab9"
  },
  "/home/chloe/FAC19/tech-for-better/prepare-me/src/pages/PageTemplates.js": {
    "path": "/home/chloe/FAC19/tech-for-better/prepare-me/src/pages/PageTemplates.js",
    "statementMap": {
      "0": {
        "start": {
          "line": 18,
          "column": 23
        },
        "end": {
          "line": 18,
          "column": 32
        }
      },
      "1": {
        "start": {
          "line": 20,
          "column": 15
        },
        "end": {
          "line": 22,
          "column": 1
        }
      },
      "2": {
        "start": {
          "line": 24,
          "column": 15
        },
        "end": {
          "line": 33,
          "column": 1
        }
      },
      "3": {
        "start": {
          "line": 35,
          "column": 16
        },
        "end": {
          "line": 37,
          "column": 1
        }
      },
      "4": {
        "start": {
          "line": 39,
          "column": 16
        },
        "end": {
          "line": 43,
          "column": 1
        }
      },
      "5": {
        "start": {
          "line": 45,
          "column": 22
        },
        "end": {
          "line": 109,
          "column": 1
        }
      },
      "6": {
        "start": {
          "line": 46,
          "column": 23
        },
        "end": {
          "line": 46,
          "column": 52
        }
      },
      "7": {
        "start": {
          "line": 47,
          "column": 18
        },
        "end": {
          "line": 47,
          "column": 30
        }
      },
      "8": {
        "start": {
          "line": 48,
          "column": 21
        },
        "end": {
          "line": 48,
          "column": 55
        }
      },
      "9": {
        "start": {
          "line": 51,
          "column": 4
        },
        "end": {
          "line": 51,
          "column": 43
        }
      },
      "10": {
        "start": {
          "line": 52,
          "column": 4
        },
        "end": {
          "line": 56,
          "column": 7
        }
      },
      "11": {
        "start": {
          "line": 57,
          "column": 4
        },
        "end": {
          "line": 57,
          "column": 50
        }
      },
      "12": {
        "start": {
          "line": 60,
          "column": 2
        },
        "end": {
          "line": 108,
          "column": 4
        }
      }
    },
    "fnMap": {
      "0": {
        "name": "(anonymous_0)",
        "decl": {
          "start": {
            "line": 45,
            "column": 22
          },
          "end": {
            "line": 45,
            "column": 23
          }
        },
        "loc": {
          "start": {
            "line": 45,
            "column": 28
          },
          "end": {
            "line": 109,
            "column": 1
          }
        },
        "line": 45
      },
      "1": {
        "name": "handleClick",
        "decl": {
          "start": {
            "line": 50,
            "column": 11
          },
          "end": {
            "line": 50,
            "column": 22
          }
        },
        "loc": {
          "start": {
            "line": 50,
            "column": 26
          },
          "end": {
            "line": 58,
            "column": 3
          }
        },
        "line": 50
      }
    },
    "branchMap": {},
    "s": {
      "0": 54,
      "1": 54,
      "2": 54,
      "3": 54,
      "4": 54,
      "5": 54,
      "6": 6,
      "7": 6,
      "8": 6,
      "9": 6,
      "10": 6,
      "11": 6,
      "12": 6
    },
    "f": {
      "0": 6,
      "1": 6
    },
    "b": {},
    "_coverageSchema": "1a1c01bbd47fc00a2c39e90264f33305004495a9",
    "hash": "9e6d3eec1288bd43bec36bf17bf98063cf5cb713"
  },
  "/home/chloe/FAC19/tech-for-better/prepare-me/src/pages/LandingPage.js": {
    "path": "/home/chloe/FAC19/tech-for-better/prepare-me/src/pages/LandingPage.js",
    "statementMap": {
      "0": {
        "start": {
          "line": 7,
          "column": 13
        },
        "end": {
          "line": 9,
          "column": 1
        }
      },
      "1": {
        "start": {
          "line": 11,
          "column": 15
        },
        "end": {
          "line": 13,
          "column": 1
        }
      },
      "2": {
        "start": {
          "line": 16,
          "column": 2
        },
        "end": {
          "line": 64,
          "column": 4
        }
      }
    },
    "fnMap": {
      "0": {
        "name": "LandingPage",
        "decl": {
          "start": {
            "line": 15,
            "column": 9
          },
          "end": {
            "line": 15,
            "column": 20
          }
        },
        "loc": {
          "start": {
            "line": 15,
            "column": 23
          },
          "end": {
            "line": 65,
            "column": 1
          }
        },
        "line": 15
      }
    },
    "branchMap": {},
    "s": {
      "0": 54,
      "1": 54,
      "2": 54
    },
    "f": {
      "0": 54
    },
    "b": {},
    "_coverageSchema": "1a1c01bbd47fc00a2c39e90264f33305004495a9",
    "hash": "9d2649fc9ac23938f102127b98ad4247e631830f"
  },
  "/home/chloe/FAC19/tech-for-better/prepare-me/src/components/RenderStory.js": {
    "path": "/home/chloe/FAC19/tech-for-better/prepare-me/src/components/RenderStory.js",
    "statementMap": {
      "0": {
        "start": {
          "line": 16,
          "column": 15
        },
        "end": {
          "line": 30,
          "column": 2
        }
      },
      "1": {
        "start": {
          "line": 33,
          "column": 19
        },
        "end": {
          "line": 56,
          "column": 1
        }
      },
      "2": {
        "start": {
          "line": 35,
          "column": 16
        },
        "end": {
          "line": 35,
          "column": 18
        }
      },
      "3": {
        "start": {
          "line": 37,
          "column": 2
        },
        "end": {
          "line": 54,
          "column": 5
        }
      },
      "4": {
        "start": {
          "line": 38,
          "column": 4
        },
        "end": {
          "line": 38,
          "column": 35
        }
      },
      "5": {
        "start": {
          "line": 40,
          "column": 4
        },
        "end": {
          "line": 53,
          "column": 6
        }
      },
      "6": {
        "start": {
          "line": 55,
          "column": 2
        },
        "end": {
          "line": 55,
          "column": 38
        }
      },
      "7": {
        "start": {
          "line": 59,
          "column": 18
        },
        "end": {
          "line": 59,
          "column": 47
        }
      },
      "8": {
        "start": {
          "line": 62,
          "column": 2
        },
        "end": {
          "line": 76,
          "column": 4
        }
      },
      "9": {
        "start": {
          "line": 69,
          "column": 8
        },
        "end": {
          "line": 73,
          "column": 9
        }
      }
    },
    "fnMap": {
      "0": {
        "name": "(anonymous_0)",
        "decl": {
          "start": {
            "line": 33,
            "column": 19
          },
          "end": {
            "line": 33,
            "column": 20
          }
        },
        "loc": {
          "start": {
            "line": 33,
            "column": 34
          },
          "end": {
            "line": 56,
            "column": 1
          }
        },
        "line": 33
      },
      "1": {
        "name": "(anonymous_1)",
        "decl": {
          "start": {
            "line": 37,
            "column": 22
          },
          "end": {
            "line": 37,
            "column": 23
          }
        },
        "loc": {
          "start": {
            "line": 37,
            "column": 39
          },
          "end": {
            "line": 54,
            "column": 3
          }
        },
        "line": 37
      },
      "2": {
        "name": "RenderStory",
        "decl": {
          "start": {
            "line": 58,
            "column": 9
          },
          "end": {
            "line": 58,
            "column": 20
          }
        },
        "loc": {
          "start": {
            "line": 58,
            "column": 23
          },
          "end": {
            "line": 77,
            "column": 1
          }
        },
        "line": 58
      },
      "3": {
        "name": "(anonymous_3)",
        "decl": {
          "start": {
            "line": 68,
            "column": 7
          },
          "end": {
            "line": 68,
            "column": 8
          }
        },
        "loc": {
          "start": {
            "line": 69,
            "column": 8
          },
          "end": {
            "line": 73,
            "column": 9
          }
        },
        "line": 69
      }
    },
    "branchMap": {
      "0": {
        "loc": {
          "start": {
            "line": 46,
            "column": 9
          },
          "end": {
            "line": 51,
            "column": 16
          }
        },
        "type": "cond-expr",
        "locations": [
          {
            "start": {
              "line": 47,
              "column": 10
            },
            "end": {
              "line": 50,
              "column": 17
            }
          },
          {
            "start": {
              "line": 51,
              "column": 12
            },
            "end": {
              "line": 51,
              "column": 16
            }
          }
        ],
        "line": 46
      },
      "1": {
        "loc": {
          "start": {
            "line": 69,
            "column": 8
          },
          "end": {
            "line": 73,
            "column": 9
          }
        },
        "type": "cond-expr",
        "locations": [
          {
            "start": {
              "line": 70,
              "column": 10
            },
            "end": {
              "line": 70,
              "column": 57
            }
          },
          {
            "start": {
              "line": 72,
              "column": 10
            },
            "end": {
              "line": 72,
              "column": 43
            }
          }
        ],
        "line": 69
      }
    },
    "s": {
      "0": 54,
      "1": 54,
      "2": 75,
      "3": 75,
      "4": 790,
      "5": 790,
      "6": 75,
      "7": 75,
      "8": 75,
      "9": 186
    },
    "f": {
      "0": 75,
      "1": 790,
      "2": 75,
      "3": 186
    },
    "b": {
      "0": [
        118,
        672
      ],
      "1": [
        130,
        56
      ]
    },
    "_coverageSchema": "1a1c01bbd47fc00a2c39e90264f33305004495a9",
    "hash": "d75cfaecd21c27c99c9d88b12864d2b669497658"
  },
  "/home/chloe/FAC19/tech-for-better/prepare-me/src/components/WarningPage.js": {
    "path": "/home/chloe/FAC19/tech-for-better/prepare-me/src/components/WarningPage.js",
    "statementMap": {
      "0": {
        "start": {
          "line": 10,
          "column": 20
        },
        "end": {
          "line": 41,
          "column": 1
        }
      },
      "1": {
        "start": {
          "line": 11,
          "column": 22
        },
        "end": {
          "line": 13,
          "column": 3
        }
      },
      "2": {
        "start": {
          "line": 12,
          "column": 4
        },
        "end": {
          "line": 12,
          "column": 20
        }
      },
      "3": {
        "start": {
          "line": 15,
          "column": 2
        },
        "end": {
          "line": 40,
          "column": 4
        }
      }
    },
    "fnMap": {
      "0": {
        "name": "(anonymous_0)",
        "decl": {
          "start": {
            "line": 10,
            "column": 20
          },
          "end": {
            "line": 10,
            "column": 21
          }
        },
        "loc": {
          "start": {
            "line": 10,
            "column": 45
          },
          "end": {
            "line": 41,
            "column": 1
          }
        },
        "line": 10
      },
      "1": {
        "name": "(anonymous_1)",
        "decl": {
          "start": {
            "line": 11,
            "column": 22
          },
          "end": {
            "line": 11,
            "column": 23
          }
        },
        "loc": {
          "start": {
            "line": 11,
            "column": 28
          },
          "end": {
            "line": 13,
            "column": 3
          }
        },
        "line": 11
      }
    },
    "branchMap": {},
    "s": {
      "0": 54,
      "1": 0,
      "2": 0,
      "3": 0
    },
    "f": {
      "0": 0,
      "1": 0
    },
    "b": {},
    "_coverageSchema": "1a1c01bbd47fc00a2c39e90264f33305004495a9",
    "hash": "ccbaa12059dd4781bcd392eef68131796de0f4dd"
  },
  "/home/chloe/FAC19/tech-for-better/prepare-me/src/components/TopNavBar.js": {
    "path": "/home/chloe/FAC19/tech-for-better/prepare-me/src/components/TopNavBar.js",
    "statementMap": {
      "0": {
        "start": {
          "line": 25,
          "column": 20
        },
        "end": {
          "line": 25,
          "column": 22
        }
      },
      "1": {
        "start": {
          "line": 26,
          "column": 18
        },
        "end": {
          "line": 35,
          "column": 2
        }
      },
      "2": {
        "start": {
          "line": 37,
          "column": 18
        },
        "end": {
          "line": 175,
          "column": 1
        }
      },
      "3": {
        "start": {
          "line": 38,
          "column": 18
        },
        "end": {
          "line": 38,
          "column": 29
        }
      },
      "4": {
        "start": {
          "line": 39,
          "column": 28
        },
        "end": {
          "line": 39,
          "column": 45
        }
      },
      "5": {
        "start": {
          "line": 40,
          "column": 34
        },
        "end": {
          "line": 40,
          "column": 54
        }
      },
      "6": {
        "start": {
          "line": 41,
          "column": 28
        },
        "end": {
          "line": 41,
          "column": 49
        }
      },
      "7": {
        "start": {
          "line": 42,
          "column": 15
        },
        "end": {
          "line": 42,
          "column": 32
        }
      },
      "8": {
        "start": {
          "line": 43,
          "column": 18
        },
        "end": {
          "line": 43,
          "column": 30
        }
      },
      "9": {
        "start": {
          "line": 44,
          "column": 23
        },
        "end": {
          "line": 44,
          "column": 52
        }
      },
      "10": {
        "start": {
          "line": 48,
          "column": 22
        },
        "end": {
          "line": 50,
          "column": 3
        }
      },
      "11": {
        "start": {
          "line": 49,
          "column": 4
        },
        "end": {
          "line": 49,
          "column": 22
        }
      },
      "12": {
        "start": {
          "line": 52,
          "column": 20
        },
        "end": {
          "line": 57,
          "column": 3
        }
      },
      "13": {
        "start": {
          "line": 53,
          "column": 4
        },
        "end": {
          "line": 56,
          "column": 7
        }
      },
      "14": {
        "start": {
          "line": 59,
          "column": 23
        },
        "end": {
          "line": 65,
          "column": 3
        }
      },
      "15": {
        "start": {
          "line": 60,
          "column": 4
        },
        "end": {
          "line": 60,
          "column": 34
        }
      },
      "16": {
        "start": {
          "line": 61,
          "column": 4
        },
        "end": {
          "line": 64,
          "column": 7
        }
      },
      "17": {
        "start": {
          "line": 67,
          "column": 2
        },
        "end": {
          "line": 174,
          "column": 4
        }
      },
      "18": {
        "start": {
          "line": 72,
          "column": 10
        },
        "end": {
          "line": 72,
          "column": 29
        }
      },
      "19": {
        "start": {
          "line": 84,
          "column": 25
        },
        "end": {
          "line": 84,
          "column": 39
        }
      },
      "20": {
        "start": {
          "line": 120,
          "column": 12
        },
        "end": {
          "line": 120,
          "column": 45
        }
      }
    },
    "fnMap": {
      "0": {
        "name": "(anonymous_0)",
        "decl": {
          "start": {
            "line": 37,
            "column": 18
          },
          "end": {
            "line": 37,
            "column": 19
          }
        },
        "loc": {
          "start": {
            "line": 37,
            "column": 38
          },
          "end": {
            "line": 175,
            "column": 1
          }
        },
        "line": 37
      },
      "1": {
        "name": "(anonymous_1)",
        "decl": {
          "start": {
            "line": 48,
            "column": 22
          },
          "end": {
            "line": 48,
            "column": 23
          }
        },
        "loc": {
          "start": {
            "line": 48,
            "column": 28
          },
          "end": {
            "line": 50,
            "column": 3
          }
        },
        "line": 48
      },
      "2": {
        "name": "(anonymous_2)",
        "decl": {
          "start": {
            "line": 52,
            "column": 20
          },
          "end": {
            "line": 52,
            "column": 21
          }
        },
        "loc": {
          "start": {
            "line": 52,
            "column": 26
          },
          "end": {
            "line": 57,
            "column": 3
          }
        },
        "line": 52
      },
      "3": {
        "name": "(anonymous_3)",
        "decl": {
          "start": {
            "line": 59,
            "column": 23
          },
          "end": {
            "line": 59,
            "column": 24
          }
        },
        "loc": {
          "start": {
            "line": 59,
            "column": 29
          },
          "end": {
            "line": 65,
            "column": 3
          }
        },
        "line": 59
      },
      "4": {
        "name": "(anonymous_4)",
        "decl": {
          "start": {
            "line": 71,
            "column": 18
          },
          "end": {
            "line": 71,
            "column": 19
          }
        },
        "loc": {
          "start": {
            "line": 71,
            "column": 39
          },
          "end": {
            "line": 73,
            "column": 9
          }
        },
        "line": 71
      },
      "5": {
        "name": "(anonymous_5)",
        "decl": {
          "start": {
            "line": 84,
            "column": 19
          },
          "end": {
            "line": 84,
            "column": 20
          }
        },
        "loc": {
          "start": {
            "line": 84,
            "column": 25
          },
          "end": {
            "line": 84,
            "column": 39
          }
        },
        "line": 84
      },
      "6": {
        "name": "(anonymous_6)",
        "decl": {
          "start": {
            "line": 119,
            "column": 19
          },
          "end": {
            "line": 119,
            "column": 20
          }
        },
        "loc": {
          "start": {
            "line": 119,
            "column": 30
          },
          "end": {
            "line": 121,
            "column": 11
          }
        },
        "line": 119
      }
    },
    "branchMap": {
      "0": {
        "loc": {
          "start": {
            "line": 96,
            "column": 29
          },
          "end": {
            "line": 96,
            "column": 48
          }
        },
        "type": "binary-expr",
        "locations": [
          {
            "start": {
              "line": 96,
              "column": 29
            },
            "end": {
              "line": 96,
              "column": 43
            }
          },
          {
            "start": {
              "line": 96,
              "column": 47
            },
            "end": {
              "line": 96,
              "column": 48
            }
          }
        ],
        "line": 96
      },
      "1": {
        "loc": {
          "start": {
            "line": 172,
            "column": 7
          },
          "end": {
            "line": 172,
            "column": 71
          }
        },
        "type": "cond-expr",
        "locations": [
          {
            "start": {
              "line": 172,
              "column": 15
            },
            "end": {
              "line": 172,
              "column": 64
            }
          },
          {
            "start": {
              "line": 172,
              "column": 67
            },
            "end": {
              "line": 172,
              "column": 71
            }
          }
        ],
        "line": 172
      }
    },
    "s": {
      "0": 54,
      "1": 54,
      "2": 54,
      "3": 150,
      "4": 150,
      "5": 150,
      "6": 150,
      "7": 150,
      "8": 150,
      "9": 150,
      "10": 150,
      "11": 0,
      "12": 150,
      "13": 6,
      "14": 150,
      "15": 0,
      "16": 0,
      "17": 150,
      "18": 6,
      "19": 0,
      "20": 0
    },
    "f": {
      "0": 150,
      "1": 0,
      "2": 6,
      "3": 0,
      "4": 6,
      "5": 0,
      "6": 0
    },
    "b": {
      "0": [
        150,
        66
      ],
      "1": [
        0,
        150
      ]
    },
    "_coverageSchema": "1a1c01bbd47fc00a2c39e90264f33305004495a9",
    "hash": "00e7e6115d1772f20226381ade5db68331cb9647"
  },
  "/home/chloe/FAC19/tech-for-better/prepare-me/src/components/BottomNavBar.js": {
    "path": "/home/chloe/FAC19/tech-for-better/prepare-me/src/components/BottomNavBar.js",
    "statementMap": {
      "0": {
        "start": {
          "line": 12,
          "column": 18
        },
        "end": {
          "line": 12,
          "column": 27
        }
      },
      "1": {
        "start": {
          "line": 14,
          "column": 18
        },
        "end": {
          "line": 27,
          "column": 2
        }
      },
      "2": {
        "start": {
          "line": 30,
          "column": 18
        },
        "end": {
          "line": 30,
          "column": 29
        }
      },
      "3": {
        "start": {
          "line": 31,
          "column": 28
        },
        "end": {
          "line": 31,
          "column": 45
        }
      },
      "4": {
        "start": {
          "line": 32,
          "column": 18
        },
        "end": {
          "line": 32,
          "column": 30
        }
      },
      "5": {
        "start": {
          "line": 35,
          "column": 4
        },
        "end": {
          "line": 37,
          "column": 39
        }
      },
      "6": {
        "start": {
          "line": 39,
          "column": 27
        },
        "end": {
          "line": 52,
          "column": 3
        }
      },
      "7": {
        "start": {
          "line": 40,
          "column": 4
        },
        "end": {
          "line": 51,
          "column": 6
        }
      },
      "8": {
        "start": {
          "line": 49,
          "column": 23
        },
        "end": {
          "line": 49,
          "column": 68
        }
      },
      "9": {
        "start": {
          "line": 54,
          "column": 29
        },
        "end": {
          "line": 65,
          "column": 3
        }
      },
      "10": {
        "start": {
          "line": 55,
          "column": 4
        },
        "end": {
          "line": 64,
          "column": 6
        }
      },
      "11": {
        "start": {
          "line": 67,
          "column": 32
        },
        "end": {
          "line": 81,
          "column": 3
        }
      },
      "12": {
        "start": {
          "line": 68,
          "column": 4
        },
        "end": {
          "line": 80,
          "column": 6
        }
      },
      "13": {
        "start": {
          "line": 78,
          "column": 23
        },
        "end": {
          "line": 78,
          "column": 39
        }
      },
      "14": {
        "start": {
          "line": 83,
          "column": 27
        },
        "end": {
          "line": 97,
          "column": 3
        }
      },
      "15": {
        "start": {
          "line": 84,
          "column": 4
        },
        "end": {
          "line": 96,
          "column": 6
        }
      },
      "16": {
        "start": {
          "line": 94,
          "column": 23
        },
        "end": {
          "line": 94,
          "column": 47
        }
      },
      "17": {
        "start": {
          "line": 99,
          "column": 29
        },
        "end": {
          "line": 111,
          "column": 3
        }
      },
      "18": {
        "start": {
          "line": 100,
          "column": 4
        },
        "end": {
          "line": 110,
          "column": 6
        }
      },
      "19": {
        "start": {
          "line": 113,
          "column": 28
        },
        "end": {
          "line": 119,
          "column": 3
        }
      },
      "20": {
        "start": {
          "line": 114,
          "column": 4
        },
        "end": {
          "line": 118,
          "column": 6
        }
      },
      "21": {
        "start": {
          "line": 121,
          "column": 28
        },
        "end": {
          "line": 127,
          "column": 3
        }
      },
      "22": {
        "start": {
          "line": 122,
          "column": 4
        },
        "end": {
          "line": 126,
          "column": 6
        }
      },
      "23": {
        "start": {
          "line": 129,
          "column": 13
        },
        "end": {
          "line": 129,
          "column": 29
        }
      },
      "24": {
        "start": {
          "line": 130,
          "column": 2
        },
        "end": {
          "line": 130,
          "column": 50
        }
      },
      "25": {
        "start": {
          "line": 130,
          "column": 24
        },
        "end": {
          "line": 130,
          "column": 50
        }
      },
      "26": {
        "start": {
          "line": 131,
          "column": 2
        },
        "end": {
          "line": 131,
          "column": 48
        }
      },
      "27": {
        "start": {
          "line": 131,
          "column": 19
        },
        "end": {
          "line": 131,
          "column": 48
        }
      },
      "28": {
        "start": {
          "line": 133,
          "column": 17
        },
        "end": {
          "line": 133,
          "column": 34
        }
      },
      "29": {
        "start": {
          "line": 134,
          "column": 2
        },
        "end": {
          "line": 134,
          "column": 48
        }
      },
      "30": {
        "start": {
          "line": 134,
          "column": 19
        },
        "end": {
          "line": 134,
          "column": 48
        }
      },
      "31": {
        "start": {
          "line": 136,
          "column": 13
        },
        "end": {
          "line": 136,
          "column": 29
        }
      },
      "32": {
        "start": {
          "line": 137,
          "column": 2
        },
        "end": {
          "line": 137,
          "column": 45
        }
      },
      "33": {
        "start": {
          "line": 137,
          "column": 19
        },
        "end": {
          "line": 137,
          "column": 45
        }
      },
      "34": {
        "start": {
          "line": 139,
          "column": 2
        },
        "end": {
          "line": 179,
          "column": 4
        }
      },
      "35": {
        "start": {
          "line": 143,
          "column": 8
        },
        "end": {
          "line": 143,
          "column": 27
        }
      }
    },
    "fnMap": {
      "0": {
        "name": "BottomNavBar",
        "decl": {
          "start": {
            "line": 29,
            "column": 9
          },
          "end": {
            "line": 29,
            "column": 21
          }
        },
        "loc": {
          "start": {
            "line": 29,
            "column": 50
          },
          "end": {
            "line": 180,
            "column": 1
          }
        },
        "line": 29
      },
      "1": {
        "name": "(anonymous_1)",
        "decl": {
          "start": {
            "line": 39,
            "column": 27
          },
          "end": {
            "line": 39,
            "column": 28
          }
        },
        "loc": {
          "start": {
            "line": 39,
            "column": 33
          },
          "end": {
            "line": 52,
            "column": 3
          }
        },
        "line": 39
      },
      "2": {
        "name": "(anonymous_2)",
        "decl": {
          "start": {
            "line": 49,
            "column": 17
          },
          "end": {
            "line": 49,
            "column": 18
          }
        },
        "loc": {
          "start": {
            "line": 49,
            "column": 23
          },
          "end": {
            "line": 49,
            "column": 68
          }
        },
        "line": 49
      },
      "3": {
        "name": "(anonymous_3)",
        "decl": {
          "start": {
            "line": 54,
            "column": 29
          },
          "end": {
            "line": 54,
            "column": 30
          }
        },
        "loc": {
          "start": {
            "line": 54,
            "column": 35
          },
          "end": {
            "line": 65,
            "column": 3
          }
        },
        "line": 54
      },
      "4": {
        "name": "(anonymous_4)",
        "decl": {
          "start": {
            "line": 67,
            "column": 32
          },
          "end": {
            "line": 67,
            "column": 33
          }
        },
        "loc": {
          "start": {
            "line": 67,
            "column": 38
          },
          "end": {
            "line": 81,
            "column": 3
          }
        },
        "line": 67
      },
      "5": {
        "name": "(anonymous_5)",
        "decl": {
          "start": {
            "line": 78,
            "column": 17
          },
          "end": {
            "line": 78,
            "column": 18
          }
        },
        "loc": {
          "start": {
            "line": 78,
            "column": 23
          },
          "end": {
            "line": 78,
            "column": 39
          }
        },
        "line": 78
      },
      "6": {
        "name": "(anonymous_6)",
        "decl": {
          "start": {
            "line": 83,
            "column": 27
          },
          "end": {
            "line": 83,
            "column": 28
          }
        },
        "loc": {
          "start": {
            "line": 83,
            "column": 33
          },
          "end": {
            "line": 97,
            "column": 3
          }
        },
        "line": 83
      },
      "7": {
        "name": "(anonymous_7)",
        "decl": {
          "start": {
            "line": 94,
            "column": 17
          },
          "end": {
            "line": 94,
            "column": 18
          }
        },
        "loc": {
          "start": {
            "line": 94,
            "column": 23
          },
          "end": {
            "line": 94,
            "column": 47
          }
        },
        "line": 94
      },
      "8": {
        "name": "(anonymous_8)",
        "decl": {
          "start": {
            "line": 99,
            "column": 29
          },
          "end": {
            "line": 99,
            "column": 30
          }
        },
        "loc": {
          "start": {
            "line": 99,
            "column": 35
          },
          "end": {
            "line": 111,
            "column": 3
          }
        },
        "line": 99
      },
      "9": {
        "name": "(anonymous_9)",
        "decl": {
          "start": {
            "line": 113,
            "column": 28
          },
          "end": {
            "line": 113,
            "column": 29
          }
        },
        "loc": {
          "start": {
            "line": 113,
            "column": 34
          },
          "end": {
            "line": 119,
            "column": 3
          }
        },
        "line": 113
      },
      "10": {
        "name": "(anonymous_10)",
        "decl": {
          "start": {
            "line": 121,
            "column": 28
          },
          "end": {
            "line": 121,
            "column": 29
          }
        },
        "loc": {
          "start": {
            "line": 121,
            "column": 34
          },
          "end": {
            "line": 127,
            "column": 3
          }
        },
        "line": 121
      },
      "11": {
        "name": "(anonymous_11)",
        "decl": {
          "start": {
            "line": 142,
            "column": 16
          },
          "end": {
            "line": 142,
            "column": 17
          }
        },
        "loc": {
          "start": {
            "line": 142,
            "column": 37
          },
          "end": {
            "line": 144,
            "column": 7
          }
        },
        "line": 142
      }
    },
    "branchMap": {
      "0": {
        "loc": {
          "start": {
            "line": 35,
            "column": 4
          },
          "end": {
            "line": 37,
            "column": 39
          }
        },
        "type": "cond-expr",
        "locations": [
          {
            "start": {
              "line": 36,
              "column": 8
            },
            "end": {
              "line": 36,
              "column": 23
            }
          },
          {
            "start": {
              "line": 37,
              "column": 8
            },
            "end": {
              "line": 37,
              "column": 39
            }
          }
        ],
        "line": 35
      },
      "1": {
        "loc": {
          "start": {
            "line": 130,
            "column": 2
          },
          "end": {
            "line": 130,
            "column": 50
          }
        },
        "type": "if",
        "locations": [
          {
            "start": {
              "line": 130,
              "column": 2
            },
            "end": {
              "line": 130,
              "column": 50
            }
          },
          {
            "start": {
              "line": 130,
              "column": 2
            },
            "end": {
              "line": 130,
              "column": 50
            }
          }
        ],
        "line": 130
      },
      "2": {
        "loc": {
          "start": {
            "line": 131,
            "column": 2
          },
          "end": {
            "line": 131,
            "column": 48
          }
        },
        "type": "if",
        "locations": [
          {
            "start": {
              "line": 131,
              "column": 2
            },
            "end": {
              "line": 131,
              "column": 48
            }
          },
          {
            "start": {
              "line": 131,
              "column": 2
            },
            "end": {
              "line": 131,
              "column": 48
            }
          }
        ],
        "line": 131
      },
      "3": {
        "loc": {
          "start": {
            "line": 134,
            "column": 2
          },
          "end": {
            "line": 134,
            "column": 48
          }
        },
        "type": "if",
        "locations": [
          {
            "start": {
              "line": 134,
              "column": 2
            },
            "end": {
              "line": 134,
              "column": 48
            }
          },
          {
            "start": {
              "line": 134,
              "column": 2
            },
            "end": {
              "line": 134,
              "column": 48
            }
          }
        ],
        "line": 134
      },
      "4": {
        "loc": {
          "start": {
            "line": 137,
            "column": 2
          },
          "end": {
            "line": 137,
            "column": 45
          }
        },
        "type": "if",
        "locations": [
          {
            "start": {
              "line": 137,
              "column": 2
            },
            "end": {
              "line": 137,
              "column": 45
            }
          },
          {
            "start": {
              "line": 137,
              "column": 2
            },
            "end": {
              "line": 137,
              "column": 45
            }
          }
        ],
        "line": 137
      },
      "5": {
        "loc": {
          "start": {
            "line": 147,
            "column": 7
          },
          "end": {
            "line": 147,
            "column": 23
          }
        },
        "type": "binary-expr",
        "locations": [
          {
            "start": {
              "line": 147,
              "column": 7
            },
            "end": {
              "line": 147,
              "column": 11
            }
          },
          {
            "start": {
              "line": 147,
              "column": 15
            },
            "end": {
              "line": 147,
              "column": 23
            }
          }
        ],
        "line": 147
      },
      "6": {
        "loc": {
          "start": {
            "line": 148,
            "column": 7
          },
          "end": {
            "line": 148,
            "column": 31
          }
        },
        "type": "binary-expr",
        "locations": [
          {
            "start": {
              "line": 148,
              "column": 7
            },
            "end": {
              "line": 148,
              "column": 15
            }
          },
          {
            "start": {
              "line": 148,
              "column": 19
            },
            "end": {
              "line": 148,
              "column": 31
            }
          }
        ],
        "line": 148
      },
      "7": {
        "loc": {
          "start": {
            "line": 149,
            "column": 7
          },
          "end": {
            "line": 149,
            "column": 23
          }
        },
        "type": "binary-expr",
        "locations": [
          {
            "start": {
              "line": 149,
              "column": 7
            },
            "end": {
              "line": 149,
              "column": 11
            }
          },
          {
            "start": {
              "line": 149,
              "column": 15
            },
            "end": {
              "line": 149,
              "column": 23
            }
          }
        ],
        "line": 149
      }
    },
    "s": {
      "0": 54,
      "1": 54,
      "2": 162,
      "3": 162,
      "4": 162,
      "5": 162,
      "6": 162,
      "7": 42,
      "8": 0,
      "9": 162,
      "10": 33,
      "11": 162,
      "12": 6,
      "13": 0,
      "14": 162,
      "15": 75,
      "16": 42,
      "17": 162,
      "18": 6,
      "19": 162,
      "20": 75,
      "21": 162,
      "22": 6,
      "23": 162,
      "24": 162,
      "25": 66,
      "26": 162,
      "27": 12,
      "28": 162,
      "29": 162,
      "30": 12,
      "31": 162,
      "32": 162,
      "33": 12,
      "34": 162,
      "35": 0
    },
    "f": {
      "0": 162,
      "1": 42,
      "2": 0,
      "3": 33,
      "4": 6,
      "5": 0,
      "6": 75,
      "7": 42,
      "8": 6,
      "9": 75,
      "10": 6,
      "11": 0
    },
    "b": {
      "0": [
        12,
        150
      ],
      "1": [
        66,
        96
      ],
      "2": [
        12,
        150
      ],
      "3": [
        12,
        150
      ],
      "4": [
        12,
        150
      ],
      "5": [
        162,
        162
      ],
      "6": [
        162,
        162
      ],
      "7": [
        162,
        162
      ]
    },
    "_coverageSchema": "1a1c01bbd47fc00a2c39e90264f33305004495a9",
    "hash": "ab040e22552755b45caf50fa2198e00e8ffa413f"
  },
  "/home/chloe/FAC19/tech-for-better/prepare-me/src/pages/StoryPage.js": {
    "path": "/home/chloe/FAC19/tech-for-better/prepare-me/src/pages/StoryPage.js",
    "statementMap": {
      "0": {
        "start": {
          "line": 13,
          "column": 15
        },
        "end": {
          "line": 15,
          "column": 1
        }
      },
      "1": {
        "start": {
          "line": 17,
          "column": 17
        },
        "end": {
          "line": 22,
          "column": 1
        }
      },
      "2": {
        "start": {
          "line": 24,
          "column": 18
        },
        "end": {
          "line": 83,
          "column": 1
        }
      },
      "3": {
        "start": {
          "line": 26,
          "column": 17
        },
        "end": {
          "line": 26,
          "column": 28
        }
      },
      "4": {
        "start": {
          "line": 27,
          "column": 21
        },
        "end": {
          "line": 27,
          "column": 46
        }
      },
      "5": {
        "start": {
          "line": 30,
          "column": 18
        },
        "end": {
          "line": 30,
          "column": 41
        }
      },
      "6": {
        "start": {
          "line": 33,
          "column": 21
        },
        "end": {
          "line": 33,
          "column": 39
        }
      },
      "7": {
        "start": {
          "line": 34,
          "column": 18
        },
        "end": {
          "line": 34,
          "column": 30
        }
      },
      "8": {
        "start": {
          "line": 35,
          "column": 2
        },
        "end": {
          "line": 41,
          "column": 3
        }
      },
      "9": {
        "start": {
          "line": 36,
          "column": 4
        },
        "end": {
          "line": 39,
[...]
            "column": 37
          }
        },
        "loc": {
          "start": {
            "line": 34,
            "column": 42
          },
          "end": {
            "line": 53,
            "column": 5
          }
        },
        "line": 34
      },
      "2": {
        "name": "(anonymous_2)",
        "decl": {
          "start": {
            "line": 43,
            "column": 43
          },
          "end": {
            "line": 43,
            "column": 44
          }
        },
        "loc": {
          "start": {
            "line": 43,
            "column": 49
          },
          "end": {
            "line": 48,
            "column": 9
          }
        },
        "line": 43
      },
      "3": {
        "name": "registerValidSW",
        "decl": {
          "start": {
            "line": 57,
            "column": 9
          },
          "end": {
            "line": 57,
            "column": 24
          }
        },
        "loc": {
          "start": {
            "line": 57,
            "column": 40
          },
          "end": {
            "line": 99,
            "column": 1
          }
        },
        "line": 57
      },
      "4": {
        "name": "(anonymous_4)",
        "decl": {
          "start": {
            "line": 60,
            "column": 10
          },
          "end": {
            "line": 60,
            "column": 11
          }
        },
        "loc": {
          "start": {
            "line": 60,
            "column": 28
          },
          "end": {
            "line": 95,
            "column": 5
          }
        },
        "line": 60
      },
      "5": {
        "name": "(anonymous_5)",
        "decl": {
          "start": {
            "line": 61,
            "column": 35
          },
          "end": {
            "line": 61,
            "column": 36
          }
        },
        "loc": {
          "start": {
            "line": 61,
            "column": 41
          },
          "end": {
            "line": 94,
            "column": 7
          }
        },
        "line": 61
      },
      "6": {
        "name": "(anonymous_6)",
        "decl": {
          "start": {
            "line": 66,
            "column": 41
          },
          "end": {
            "line": 66,
            "column": 42
          }
        },
        "loc": {
          "start": {
            "line": 66,
            "column": 47
          },
          "end": {
            "line": 93,
            "column": 9
          }
        },
        "line": 66
      },
      "7": {
        "name": "(anonymous_7)",
        "decl": {
          "start": {
            "line": 96,
            "column": 11
          },
          "end": {
            "line": 96,
            "column": 12
          }
        },
        "loc": {
          "start": {
            "line": 96,
            "column": 22
          },
          "end": {
            "line": 98,
            "column": 5
          }
        },
        "line": 96
      },
      "8": {
        "name": "checkValidServiceWorker",
        "decl": {
          "start": {
            "line": 101,
            "column": 9
          },
          "end": {
            "line": 101,
            "column": 32
          }
        },
        "loc": {
          "start": {
            "line": 101,
            "column": 48
          },
          "end": {
            "line": 129,
            "column": 1
          }
        },
        "line": 101
      },
      "9": {
        "name": "(anonymous_9)",
        "decl": {
          "start": {
            "line": 106,
            "column": 10
          },
          "end": {
            "line": 106,
            "column": 11
          }
        },
        "loc": {
          "start": {
            "line": 106,
            "column": 24
          },
          "end": {
            "line": 123,
            "column": 5
          }
        },
        "line": 106
      },
      "10": {
        "name": "(anonymous_10)",
        "decl": {
          "start": {
            "line": 114,
            "column": 43
          },
          "end": {
            "line": 114,
            "column": 44
          }
        },
        "loc": {
          "start": {
            "line": 114,
            "column": 61
          },
          "end": {
            "line": 118,
            "column": 9
          }
        },
        "line": 114
      },
      "11": {
        "name": "(anonymous_11)",
        "decl": {
          "start": {
            "line": 115,
            "column": 41
          },
          "end": {
            "line": 115,
            "column": 42
          }
        },
        "loc": {
          "start": {
            "line": 115,
            "column": 47
          },
          "end": {
            "line": 117,
            "column": 11
          }
        },
        "line": 115
      },
      "12": {
        "name": "(anonymous_12)",
        "decl": {
          "start": {
            "line": 124,
            "column": 11
          },
          "end": {
            "line": 124,
            "column": 12
          }
        },
        "loc": {
          "start": {
            "line": 124,
            "column": 17
          },
          "end": {
            "line": 128,
            "column": 5
          }
        },
        "line": 124
      },
      "13": {
        "name": "unregister",
        "decl": {
          "start": {
            "line": 131,
            "column": 16
          },
          "end": {
            "line": 131,
            "column": 26
          }
        },
        "loc": {
          "start": {
            "line": 131,
            "column": 29
          },
          "end": {
            "line": 141,
            "column": 1
          }
        },
        "line": 131
      },
      "14": {
        "name": "(anonymous_14)",
        "decl": {
          "start": {
            "line": 134,
            "column": 12
          },
          "end": {
            "line": 134,
            "column": 13
          }
        },
        "loc": {
          "start": {
            "line": 134,
            "column": 30
          },
          "end": {
            "line": 136,
            "column": 7
          }
        },
        "line": 134
      },
      "15": {
        "name": "(anonymous_15)",
        "decl": {
          "start": {
            "line": 137,
            "column": 13
          },
          "end": {
            "line": 137,
            "column": 14
          }
        },
        "loc": {
          "start": {
            "line": 137,
            "column": 24
          },
          "end": {
            "line": 139,
            "column": 7
          }
        },
        "line": 137
      }
    },
    "branchMap": {
      "0": {
        "loc": {
          "start": {
            "line": 14,
            "column": 2
          },
          "end": {
            "line": 20,
            "column": 5
          }
        },
        "type": "binary-expr",
        "locations": [
          {
            "start": {
              "line": 14,
              "column": 2
            },
            "end": {
              "line": 14,
              "column": 42
            }
          },
          {
            "start": {
              "line": 16,
              "column": 4
            },
            "end": {
              "line": 16,
              "column": 40
            }
          },
          {
            "start": {
              "line": 18,
              "column": 4
            },
            "end": {
              "line": 20,
              "column": 5
            }
          }
        ],
        "line": 14
      },
      "1": {
        "loc": {
          "start": {
            "line": 24,
            "column": 2
          },
          "end": {
            "line": 54,
            "column": 3
          }
        },
        "type": "if",
        "locations": [
          {
            "start": {
              "line": 24,
              "column": 2
            },
            "end": {
              "line": 54,
              "column": 3
            }
          },
          {
            "start": {
              "line": 24,
              "column": 2
            },
            "end": {
              "line": 54,
              "column": 3
            }
          }
        ],
        "line": 24
      },
      "2": {
        "loc": {
          "start": {
            "line": 24,
            "column": 6
          },
          "end": {
            "line": 24,
            "column": 75
          }
        },
        "type": "binary-expr",
        "locations": [
          {
            "start": {
              "line": 24,
              "column": 6
            },
            "end": {
              "line": 24,
              "column": 43
            }
          },
          {
            "start": {
              "line": 24,
              "column": 47
            },
            "end": {
              "line": 24,
              "column": 75
            }
          }
        ],
        "line": 24
      },
      "3": {
        "loc": {
          "start": {
            "line": 27,
            "column": 4
          },
          "end": {
            "line": 32,
            "column": 5
          }
        },
        "type": "if",
        "locations": [
          {
            "start": {
              "line": 27,
              "column": 4
            },
            "end": {
              "line": 32,
              "column": 5
            }
          },
          {
            "start": {
              "line": 27,
              "column": 4
            },
            "end": {
              "line": 32,
              "column": 5
            }
          }
        ],
        "line": 27
      },
      "4": {
        "loc": {
          "start": {
            "line": 37,
            "column": 6
          },
          "end": {
            "line": 52,
            "column": 7
          }
        },
        "type": "if",
        "locations": [
          {
            "start": {
              "line": 37,
              "column": 6
            },
            "end": {
              "line": 52,
              "column": 7
            }
          },
          {
            "start": {
              "line": 37,
              "column": 6
            },
            "end": {
              "line": 52,
              "column": 7
            }
          }
        ],
        "line": 37
      },
      "5": {
        "loc": {
          "start": {
            "line": 63,
            "column": 8
          },
          "end": {
            "line": 65,
            "column": 9
          }
        },
        "type": "if",
        "locations": [
          {
            "start": {
              "line": 63,
              "column": 8
            },
            "end": {
              "line": 65,
              "column": 9
            }
          },
          {
            "start": {
              "line": 63,
              "column": 8
            },
            "end": {
              "line": 65,
              "column": 9
            }
          }
        ],
        "line": 63
      },
      "6": {
        "loc": {
          "start": {
            "line": 67,
            "column": 10
          },
          "end": {
            "line": 92,
            "column": 11
          }
        },
        "type": "if",
        "locations": [
          {
            "start": {
              "line": 67,
              "column": 10
            },
            "end": {
              "line": 92,
              "column": 11
            }
          },
          {
            "start": {
              "line": 67,
              "column": 10
            },
            "end": {
              "line": 92,
              "column": 11
            }
          }
        ],
        "line": 67
      },
      "7": {
        "loc": {
          "start": {
            "line": 68,
            "column": 12
          },
          "end": {
            "line": 91,
            "column": 13
          }
        },
        "type": "if",
        "locations": [
          {
            "start": {
              "line": 68,
              "column": 12
            },
            "end": {
              "line": 91,
              "column": 13
            }
          },
          {
            "start": {
              "line": 68,
              "column": 12
            },
            "end": {
              "line": 91,
              "column": 13
            }
          }
        ],
        "line": 68
      },
      "8": {
        "loc": {
          "start": {
            "line": 78,
            "column": 14
          },
          "end": {
            "line": 80,
            "column": 15
          }
        },
        "type": "if",
        "locations": [
          {
            "start": {
              "line": 78,
              "column": 14
            },
            "end": {
              "line": 80,
              "column": 15
            }
          },
          {
            "start": {
              "line": 78,
              "column": 14
            },
            "end": {
              "line": 80,
              "column": 15
            }
          }
        ],
        "line": 78
      },
      "9": {
        "loc": {
          "start": {
            "line": 78,
            "column": 18
          },
          "end": {
            "line": 78,
            "column": 43
          }
        },
        "type": "binary-expr",
        "locations": [
          {
            "start": {
              "line": 78,
              "column": 18
            },
            "end": {
              "line": 78,
              "column": 24
            }
          },
          {
            "start": {
              "line": 78,
              "column": 28
            },
            "end": {
              "line": 78,
              "column": 43
            }
          }
        ],
        "line": 78
      },
      "10": {
        "loc": {
          "start": {
            "line": 88,
            "column": 14
          },
          "end": {
            "line": 90,
            "column": 15
          }
        },
        "type": "if",
        "locations": [
          {
            "start": {
              "line": 88,
              "column": 14
            },
            "end": {
              "line": 90,
              "column": 15
            }
          },
          {
            "start": {
              "line": 88,
              "column": 14
            },
            "end": {
              "line": 90,
              "column": 15
            }
          }
        ],
        "line": 88
      },
      "11": {
        "loc": {
          "start": {
            "line": 88,
            "column": 18
          },
          "end": {
            "line": 88,
            "column": 44
          }
        },
        "type": "binary-expr",
        "locations": [
          {
            "start": {
              "line": 88,
              "column": 18
            },
            "end": {
              "line": 88,
              "column": 24
            }
          },
          {
            "start": {
              "line": 88,
              "column": 28
            },
            "end": {
              "line": 88,
              "column": 44
            }
          }
        ],
        "line": 88
      },
      "12": {
        "loc": {
          "start": {
            "line": 109,
            "column": 6
          },
          "end": {
            "line": 122,
            "column": 7
          }
        },
        "type": "if",
        "locations": [
          {
            "start": {
              "line": 109,
              "column": 6
            },
            "end": {
              "line": 122,
              "column": 7
            }
          },
          {
            "start": {
              "line": 109,
              "column": 6
            },
            "end": {
              "line": 122,
              "column": 7
            }
          }
        ],
        "line": 109
      },
      "13": {
        "loc": {
          "start": {
            "line": 110,
            "column": 8
          },
          "end": {
            "line": 111,
            "column": 73
          }
        },
        "type": "binary-expr",
        "locations": [
          {
            "start": {
              "line": 110,
              "column": 8
            },
            "end": {
              "line": 110,
              "column": 31
            }
          },
          {
            "start": {
              "line": 111,
              "column": 9
            },
            "end": {
              "line": 111,
              "column": 28
            }
          },
          {
            "start": {
              "line": 111,
              "column": 32
            },
            "end": {
              "line": 111,
              "column": 72
            }
          }
        ],
        "line": 110
      },
      "14": {
        "loc": {
          "start": {
            "line": 132,
            "column": 2
          },
          "end": {
            "line": 140,
            "column": 3
          }
        },
        "type": "if",
        "locations": [
          {
            "start": {
              "line": 132,
              "column": 2
            },
            "end": {
              "line": 140,
              "column": 3
            }
          },
          {
            "start": {
              "line": 132,
              "column": 2
            },
            "end": {
              "line": 140,
              "column": 3
            }
          }
        ],
        "line": 132
      }
    },
    "s": {
      "0": 54,
      "1": 0,
      "2": 0,
      "3": 0,
      "4": 0,
      "5": 0,
      "6": 0,
      "7": 0,
      "8": 0,
      "9": 0,
      "10": 0,
      "11": 0,
      "12": 0,
      "13": 0,
      "14": 0,
      "15": 0,
      "16": 0,
      "17": 0,
      "18": 0,
      "19": 0,
      "20": 0,
      "21": 0,
      "22": 0,
      "23": 0,
      "24": 0,
      "25": 0,
      "26": 0,
      "27": 0,
      "28": 0,
      "29": 0,
      "30": 0,
      "31": 0,
      "32": 0,
      "33": 0,
      "34": 0,
      "35": 54,
      "36": 54,
      "37": 0,
      "38": 0
    },
    "f": {
      "0": 0,
      "1": 0,
      "2": 0,
      "3": 0,
      "4": 0,
      "5": 0,
      "6": 0,
      "7": 0,
      "8": 0,
      "9": 0,
      "10": 0,
      "11": 0,
      "12": 0,
      "13": 54,
      "14": 0,
      "15": 0
    },
    "b": {
      "0": [
        54,
        0,
        0
      ],
      "1": [
        0,
        0
      ],
      "2": [
        0,
        0
      ],
      "3": [
        0,
        0
      ],
      "4": [
        0,
        0
      ],
      "5": [
        0,
        0
      ],
      "6": [
        0,
        0
      ],
      "7": [
        0,
        0
      ],
      "8": [
        0,
        0
      ],
      "9": [
        0,
        0
      ],
      "10": [
        0,
        0
      ],
      "11": [
        0,
        0
      ],
      "12": [
        0,
        0
      ],
      "13": [
        0,
        0,
        0
      ],
      "14": [
        54,
        0
      ]
    },
    "_coverageSchema": "1a1c01bbd47fc00a2c39e90264f33305004495a9",
    "hash": "a952ac4d904a6ed217a67be89cf7d336ec32d3fb"
  },
  "/home/chloe/FAC19/tech-for-better/prepare-me/src/index.js": {
    "path": "/home/chloe/FAC19/tech-for-better/prepare-me/src/index.js",
    "statementMap": {
      "0": {
        "start": {
          "line": 7,
          "column": 0
        },
        "end": {
          "line": 12,
          "column": 2
        }
      },
      "1": {
        "start": {
          "line": 17,
          "column": 0
        },
        "end": {
          "line": 17,
          "column": 27
        }
      }
    },
    "fnMap": {},
    "branchMap": {},
    "s": {
      "0": 54,
      "1": 54
    },
    "f": {},
    "b": {},
    "_coverageSchema": "1a1c01bbd47fc00a2c39e90264f33305004495a9",
    "hash": "fe7bdf58de775a017aba8797476adf18ed36fe7d"
  }
}