{
  "/home/chloe/FAC19/tech-for-better/prepare-me/src/theme.js": {
    "path": "/home/chloe/FAC19/tech-for-better/prepare-me/src/theme.js",
    "statementMap": {
      "0": {
        "start": {
          "line": 3,
          "column": 21
        },
        "end": {
          "line": 3,
          "column": 30
        }
      },
      "1": {
        "start": {
          "line": 4,
          "column": 23
        },
        "end": {
          "line": 4,
          "column": 32
        }
      },
      "2": {
        "start": {
          "line": 5,
          "column": 22
        },
        "end": {
          "line": 5,
          "column": 31
        }
      }
    },
    "fnMap": {},
    "branchMap": {},
    "s": {
      "0": 9,
      "1": 9,
      "2": 9
    },
    "f": {},
    "b": {},
    "_coverageSchema": "1a1c01bbd47fc00a2c39e90264f33305004495a9",
    "hash": "1f8383a30933fa2cab3804a17260e74b3ece6224"
  },
  "/home/chloe/FAC19/tech-for-better/prepare-me/src/model/SiteContext.js": {
    "path": "/home/chloe/FAC19/tech-for-better/prepare-me/src/model/SiteContext.js",
    "statementMap": {
      "0": {
        "start": {
          "line": 2,
          "column": 20
        },
        "end": {
          "line": 2,
          "column": 41
        }
      }
    },
    "fnMap": {},
    "branchMap": {},
    "s": {
      "0": 9
    },
    "f": {},
    "b": {},
    "_coverageSchema": "1a1c01bbd47fc00a2c39e90264f33305004495a9",
    "hash": "093ee454dfbbe1b4a3db4f1a2d3330518424a3c3"
  },
  "/home/chloe/FAC19/tech-for-better/prepare-me/src/model/initialState.js": {
    "path": "/home/chloe/FAC19/tech-for-better/prepare-me/src/model/initialState.js",
    "statementMap": {
      "0": {
        "start": {
          "line": 7,
          "column": 21
        },
        "end": {
          "line": 9,
          "column": 1
        }
      }
    },
    "fnMap": {},
    "branchMap": {},
    "s": {
      "0": 9
    },
    "f": {},
    "b": {},
    "_coverageSchema": "1a1c01bbd47fc00a2c39e90264f33305004495a9",
    "hash": "3a8c7aea3b5fb73495913d37602cb07969f60c53"
  },
  "/home/chloe/FAC19/tech-for-better/prepare-me/src/storyTemplates/startingSchool.js": {
    "path": "/home/chloe/FAC19/tech-for-better/prepare-me/src/storyTemplates/startingSchool.js",
    "statementMap": {
      "0": {
        "start": {
          "line": 3,
          "column": 23
        },
        "end": {
          "line": 165,
          "column": 1
        }
      }
    },
    "fnMap": {},
    "branchMap": {},
    "s": {
      "0": 9
    },
    "f": {},
    "b": {},
    "_coverageSchema": "1a1c01bbd47fc00a2c39e90264f33305004495a9",
    "hash": "500dea8d86ee015aeba042b602ddd6e695e64670"
  },
  "/home/chloe/FAC19/tech-for-better/prepare-me/src/storyTemplates/blankTemplate.js": {
    "path": "/home/chloe/FAC19/tech-for-better/prepare-me/src/storyTemplates/blankTemplate.js",
    "statementMap": {
      "0": {
        "start": {
          "line": 1,
          "column": 22
        },
        "end": {
          "line": 32,
          "column": 1
        }
      }
    },
    "fnMap": {},
    "branchMap": {},
    "s": {
      "0": 9
    },
    "f": {},
    "b": {},
    "_coverageSchema": "1a1c01bbd47fc00a2c39e90264f33305004495a9",
    "hash": "acf5f98ea41e776bb72c0f94c7c2cf65b52499d5"
  },
  "/home/chloe/FAC19/tech-for-better/prepare-me/src/components/pageTemplates/editHandler.js": {
    "path": "/home/chloe/FAC19/tech-for-better/prepare-me/src/components/pageTemplates/editHandler.js",
    "statementMap": {
      "0": {
        "start": {
          "line": 2,
          "column": 18
        },
        "end": {
          "line": 2,
          "column": 43
        }
      },
      "1": {
        "start": {
          "line": 3,
          "column": 20
        },
        "end": {
          "line": 3,
          "column": 42
        }
      },
      "2": {
        "start": {
          "line": 4,
          "column": 2
        },
        "end": {
          "line": 4,
          "column": 67
        }
      }
    },
    "fnMap": {
      "0": {
        "name": "editHandler",
        "decl": {
          "start": {
            "line": 1,
            "column": 9
          },
          "end": {
            "line": 1,
            "column": 20
          }
        },
        "loc": {
          "start": {
            "line": 1,
            "column": 50
          },
          "end": {
            "line": 5,
            "column": 1
          }
        },
        "line": 1
      }
    },
    "branchMap": {},
    "s": {
      "0": 10,
      "1": 10,
      "2": 10
    },
    "f": {
      "0": 10
    },
    "b": {},
    "_coverageSchema": "1a1c01bbd47fc00a2c39e90264f33305004495a9",
    "hash": "de483902705e4ef40e3dced2e8531a9a1e836cfc"
  },
  "/home/chloe/FAC19/tech-for-better/prepare-me/src/components/pageTemplates/uploadImageHandler.js": {
    "path": "/home/chloe/FAC19/tech-for-better/prepare-me/src/components/pageTemplates/uploadImageHandler.js",
    "statementMap": {
      "0": {
        "start": {
          "line": 2,
          "column": 20
        },
        "end": {
          "line": 2,
          "column": 38
        }
      },
      "1": {
        "start": {
          "line": 4,
          "column": 2
        },
        "end": {
          "line": 38,
          "column": 4
        }
      },
      "2": {
        "start": {
          "line": 33,
          "column": 6
        },
        "end": {
          "line": 36,
          "column": 7
        }
      },
      "3": {
        "start": {
          "line": 34,
          "column": 20
        },
        "end": {
          "line": 34,
          "column": 35
        }
      },
      "4": {
        "start": {
          "line": 35,
          "column": 8
        },
        "end": {
          "line": 35,
          "column": 71
        }
      }
    },
    "fnMap": {
      "0": {
        "name": "uploadImageHandler",
        "decl": {
          "start": {
            "line": 1,
            "column": 9
          },
          "end": {
            "line": 1,
            "column": 27
          }
        },
        "loc": {
          "start": {
            "line": 1,
            "column": 53
          },
          "end": {
            "line": 39,
            "column": 1
          }
        },
        "line": 1
      },
      "1": {
        "name": "(anonymous_1)",
        "decl": {
          "start": {
            "line": 32,
            "column": 4
          },
          "end": {
            "line": 32,
            "column": 5
          }
        },
        "loc": {
          "start": {
            "line": 32,
            "column": 23
          },
          "end": {
            "line": 37,
            "column": 5
          }
        },
        "line": 32
      }
    },
    "branchMap": {
      "0": {
        "loc": {
          "start": {
            "line": 33,
            "column": 6
          },
          "end": {
            "line": 36,
            "column": 7
          }
        },
        "type": "if",
        "locations": [
          {
            "start": {
              "line": 33,
              "column": 6
            },
            "end": {
              "line": 36,
              "column": 7
            }
          },
          {
            "start": {
              "line": 33,
              "column": 6
            },
            "end": {
              "line": 36,
              "column": 7
            }
          }
        ],
        "line": 33
      },
      "1": {
        "loc": {
          "start": {
            "line": 33,
            "column": 10
          },
          "end": {
            "line": 33,
            "column": 56
          }
        },
        "type": "binary-expr",
        "locations": [
          {
            "start": {
              "line": 33,
              "column": 10
            },
            "end": {
              "line": 33,
              "column": 16
            }
          },
          {
            "start": {
              "line": 33,
              "column": 20
            },
            "end": {
              "line": 33,
              "column": 26
            }
          },
          {
            "start": {
              "line": 33,
              "column": 30
            },
            "end": {
              "line": 33,
              "column": 56
            }
          }
        ],
        "line": 33
      }
    },
    "s": {
      "0": 1,
      "1": 1,
      "2": 0,
      "3": 0,
      "4": 0
    },
    "f": {
      "0": 1,
      "1": 0
    },
    "b": {
      "0": [0, 0],
      "1": [0, 0, 0]
    },
    "_coverageSchema": "1a1c01bbd47fc00a2c39e90264f33305004495a9",
    "hash": "7da8cb4afb16bed33c176af5f4d9df98fbb1f379"
  },
  "/home/chloe/FAC19/tech-for-better/prepare-me/src/components/pageTemplates/Landscape2.js": {
    "path": "/home/chloe/FAC19/tech-for-better/prepare-me/src/components/pageTemplates/Landscape2.js",
    "statementMap": {
      "0": {
        "start": {
          "line": 7,
          "column": 16
        },
        "end": {
          "line": 13,
          "column": 1
        }
      },
      "1": {
        "start": {
          "line": 15,
          "column": 15
        },
        "end": {
          "line": 19,
          "column": 1
        }
      },
      "2": {
        "start": {
          "line": 22,
          "column": 23
        },
        "end": {
          "line": 22,
          "column": 52
        }
      },
      "3": {
        "start": {
          "line": 23,
          "column": 2
        },
        "end": {
          "line": 48,
          "column": 4
        }
      },
      "4": {
        "start": {
          "line": 28,
          "column": 24
        },
        "end": {
          "line": 28,
          "column": 77
        }
      },
      "5": {
        "start": {
          "line": 33,
          "column": 25
        },
        "end": {
          "line": 33,
          "column": 61
        }
      },
      "6": {
        "start": {
          "line": 39,
          "column": 24
        },
        "end": {
          "line": 39,
          "column": 77
        }
      },
      "7": {
        "start": {
          "line": 44,
          "column": 25
        },
        "end": {
          "line": 44,
          "column": 61
        }
      },
      "8": {
        "start": {
          "line": 51,
          "column": 0
        },
        "end": {
          "line": 58,
          "column": 2
        }
      }
    },
    "fnMap": {
      "0": {
        "name": "Landscape2",
        "decl": {
          "start": {
            "line": 21,
            "column": 9
          },
          "end": {
            "line": 21,
            "column": 19
          }
        },
        "loc": {
          "start": {
            "line": 21,
            "column": 59
          },
          "end": {
            "line": 49,
            "column": 1
          }
        },
        "line": 21
      },
      "1": {
        "name": "(anonymous_1)",
        "decl": {
          "start": {
            "line": 28,
            "column": 17
          },
          "end": {
            "line": 28,
            "column": 18
          }
        },
        "loc": {
          "start": {
            "line": 28,
            "column": 24
          },
          "end": {
            "line": 28,
            "column": 77
          }
        },
        "line": 28
      },
      "2": {
        "name": "(anonymous_2)",
        "decl": {
          "start": {
            "line": 33,
            "column": 18
          },
          "end": {
            "line": 33,
            "column": 19
          }
        },
        "loc": {
          "start": {
            "line": 33,
            "column": 25
          },
          "end": {
            "line": 33,
            "column": 61
          }
        },
        "line": 33
      },
      "3": {
        "name": "(anonymous_3)",
        "decl": {
          "start": {
            "line": 39,
            "column": 17
          },
          "end": {
            "line": 39,
            "column": 18
          }
        },
        "loc": {
          "start": {
            "line": 39,
            "column": 24
          },
          "end": {
            "line": 39,
            "column": 77
          }
        },
        "line": 39
      },
      "4": {
        "name": "(anonymous_4)",
        "decl": {
          "start": {
            "line": 44,
            "column": 18
          },
          "end": {
            "line": 44,
            "column": 19
          }
        },
        "loc": {
          "start": {
            "line": 44,
            "column": 25
          },
          "end": {
            "line": 44,
            "column": 61
          }
        },
        "line": 44
      }
    },
    "branchMap": {
      "0": {
        "loc": {
          "start": {
            "line": 21,
            "column": 42
          },
          "end": {
            "line": 21,
            "column": 55
          }
        },
        "type": "default-arg",
        "locations": [
          {
            "start": {
              "line": 21,
              "column": 51
            },
            "end": {
              "line": 21,
              "column": 55
            }
          }
        ],
        "line": 21
      },
      "1": {
        "loc": {
          "start": {
            "line": 28,
            "column": 24
          },
          "end": {
            "line": 28,
            "column": 77
          }
        },
        "type": "binary-expr",
        "locations": [
          {
            "start": {
              "line": 28,
              "column": 24
            },
            "end": {
              "line": 28,
              "column": 30
            }
          },
          {
            "start": {
              "line": 28,
              "column": 34
            },
            "end": {
              "line": 28,
              "column": 77
            }
          }
        ],
        "line": 28
      },
      "2": {
        "loc": {
          "start": {
            "line": 39,
            "column": 24
          },
          "end": {
            "line": 39,
            "column": 77
          }
        },
        "type": "binary-expr",
        "locations": [
          {
            "start": {
              "line": 39,
              "column": 24
            },
            "end": {
              "line": 39,
              "column": 30
            }
          },
          {
            "start": {
              "line": 39,
              "column": 34
            },
            "end": {
              "line": 39,
              "column": 77
            }
          }
        ],
        "line": 39
      }
    },
    "s": {
      "0": 9,
      "1": 9,
      "2": 0,
      "3": 0,
      "4": 0,
      "5": 0,
      "6": 0,
      "7": 0,
      "8": 9
    },
    "f": {
      "0": 0,
      "1": 0,
      "2": 0,
      "3": 0,
      "4": 0
    },
    "b": {
      "0": [0],
      "1": [0, 0],
      "2": [0, 0]
    },
    "_coverageSchema": "1a1c01bbd47fc00a2c39e90264f33305004495a9",
    "hash": "3065caff90e7c8f1a1e30c2e949079af32304985"
  },
  "/home/chloe/FAC19/tech-for-better/prepare-me/src/components/pageTemplates/Portrait2.js": {
    "path": "/home/chloe/FAC19/tech-for-better/prepare-me/src/components/pageTemplates/Portrait2.js",
    "statementMap": {
      "0": {
        "start": {
          "line": 12,
          "column": 16
        },
        "end": {
          "line": 19,
          "column": 1
        }
      },
      "1": {
        "start": {
          "line": 14,
          "column": 26
        },
        "end": {
          "line": 14,
          "column": 40
        }
      },
      "2": {
        "start": {
          "line": 21,
          "column": 15
        },
        "end": {
          "line": 25,
          "column": 1
        }
      },
      "3": {
        "start": {
          "line": 27,
          "column": 15
        },
        "end": {
          "line": 29,
          "column": 1
        }
      },
      "4": {
        "start": {
          "line": 32,
          "column": 16
        },
        "end": {
          "line": 32,
          "column": 26
        }
      },
      "5": {
        "start": {
          "line": 33,
          "column": 2
        },
        "end": {
          "line": 33,
          "column": 60
        }
      },
      "6": {
        "start": {
          "line": 34,
          "column": 23
        },
        "end": {
          "line": 34,
          "column": 52
        }
      },
      "7": {
        "start": {
          "line": 35,
          "column": 2
        },
        "end": {
          "line": 84,
          "column": 4
        }
      },
      "8": {
        "start": {
          "line": 49,
          "column": 14
        },
        "end": {
          "line": 49,
          "column": 67
        }
      },
      "9": {
        "start": {
          "line": 58,
          "column": 29
        },
        "end": {
          "line": 58,
          "column": 65
        }
      },
      "10": {
        "start": {
          "line": 69,
          "column": 14
        },
        "end": {
          "line": 69,
          "column": 67
        }
      },
      "11": {
        "start": {
          "line": 77,
          "column": 29
        },
        "end": {
          "line": 77,
          "column": 65
        }
      },
      "12": {
        "start": {
          "line": 87,
          "column": 0
        },
        "end": {
          "line": 94,
          "column": 2
        }
      }
    },
    "fnMap": {
      "0": {
        "name": "(anonymous_0)",
        "decl": {
          "start": {
            "line": 14,
            "column": 15
          },
          "end": {
            "line": 14,
            "column": 16
          }
        },
        "loc": {
          "start": {
            "line": 14,
            "column": 26
          },
          "end": {
            "line": 14,
            "column": 40
          }
        },
        "line": 14
      },
      "1": {
        "name": "Portrait2",
        "decl": {
          "start": {
            "line": 31,
            "column": 9
          },
          "end": {
            "line": 31,
            "column": 18
          }
        },
        "loc": {
          "start": {
            "line": 31,
            "column": 58
          },
          "end": {
            "line": 85,
            "column": 1
          }
        },
        "line": 31
      },
      "2": {
        "name": "(anonymous_2)",
        "decl": {
          "start": {
            "line": 48,
            "column": 21
          },
          "end": {
            "line": 48,
            "column": 22
          }
        },
        "loc": {
          "start": {
            "line": 49,
            "column": 14
          },
          "end": {
            "line": 49,
            "column": 67
          }
        },
        "line": 49
      },
      "3": {
        "name": "(anonymous_3)",
        "decl": {
          "start": {
            "line": 58,
            "column": 22
          },
          "end": {
            "line": 58,
            "column": 23
          }
        },
        "loc": {
          "start": {
            "line": 58,
            "column": 29
          },
          "end": {
            "line": 58,
            "column": 65
          }
        },
        "line": 58
      },
      "4": {
        "name": "(anonymous_4)",
        "decl": {
          "start": {
            "line": 68,
            "column": 21
          },
          "end": {
            "line": 68,
            "column": 22
          }
        },
        "loc": {
          "start": {
            "line": 69,
            "column": 14
          },
          "end": {
            "line": 69,
            "column": 67
          }
        },
        "line": 69
      },
      "5": {
        "name": "(anonymous_5)",
        "decl": {
          "start": {
            "line": 77,
            "column": 22
          },
          "end": {
            "line": 77,
            "column": 23
          }
        },
        "loc": {
          "start": {
            "line": 77,
            "column": 29
          },
          "end": {
            "line": 77,
            "column": 65
          }
        },
        "line": 77
      }
    },
    "branchMap": {
      "0": {
        "loc": {
          "start": {
            "line": 31,
            "column": 41
          },
          "end": {
            "line": 31,
            "column": 54
          }
        },
        "type": "default-arg",
        "locations": [
          {
            "start": {
              "line": 31,
              "column": 50
            },
            "end": {
              "line": 31,
              "column": 54
            }
          }
        ],
        "line": 31
      },
      "1": {
        "loc": {
          "start": {
            "line": 49,
            "column": 14
          },
          "end": {
            "line": 49,
            "column": 67
          }
        },
        "type": "binary-expr",
        "locations": [
          {
            "start": {
              "line": 49,
              "column": 14
            },
            "end": {
              "line": 49,
              "column": 20
            }
          },
          {
            "start": {
              "line": 49,
              "column": 24
            },
            "end": {
              "line": 49,
              "column": 67
            }
          }
        ],
        "line": 49
      },
      "2": {
        "loc": {
          "start": {
            "line": 69,
            "column": 14
          },
          "end": {
            "line": 69,
            "column": 67
          }
        },
        "type": "binary-expr",
        "locations": [
          {
            "start": {
              "line": 69,
              "column": 14
            },
            "end": {
              "line": 69,
              "column": 20
            }
          },
          {
            "start": {
              "line": 69,
              "column": 24
            },
            "end": {
              "line": 69,
              "column": 67
            }
          }
        ],
        "line": 69
      }
    },
    "s": {
      "0": 9,
      "1": 0,
      "2": 9,
      "3": 9,
      "4": 0,
      "5": 0,
      "6": 0,
      "7": 0,
      "8": 0,
      "9": 0,
      "10": 0,
      "11": 0,
      "12": 9
    },
    "f": {
      "0": 0,
      "1": 0,
      "2": 0,
      "3": 0,
      "4": 0,
      "5": 0
    },
    "b": {
      "0": [0],
      "1": [0, 0],
      "2": [0, 0]
    },
    "_coverageSchema": "1a1c01bbd47fc00a2c39e90264f33305004495a9",
    "hash": "91fb1b267ff3a8b1dc49cae83aa251e4f980d9e4"
  },
  "/home/chloe/FAC19/tech-for-better/prepare-me/src/components/pageTemplates/FrontCover.js": {
    "path": "/home/chloe/FAC19/tech-for-better/prepare-me/src/components/pageTemplates/FrontCover.js",
    "statementMap": {
      "0": {
        "start": {
          "line": 7,
          "column": 16
        },
        "end": {
          "line": 13,
          "column": 1
        }
      },
      "1": {
        "start": {
          "line": 15,
          "column": 15
        },
        "end": {
          "line": 19,
          "column": 1
        }
      },
      "2": {
        "start": {
          "line": 22,
          "column": 23
        },
        "end": {
          "line": 22,
          "column": 52
        }
      },
      "3": {
        "start": {
          "line": 23,
          "column": 2
        },
        "end": {
          "line": 37,
          "column": 4
        }
      },
      "4": {
        "start": {
          "line": 28,
          "column": 24
        },
        "end": {
          "line": 28,
          "column": 77
        }
      },
      "5": {
        "start": {
          "line": 33,
          "column": 25
        },
        "end": {
          "line": 33,
          "column": 61
        }
      },
      "6": {
        "start": {
          "line": 40,
          "column": 0
        },
        "end": {
          "line": 44,
          "column": 2
        }
      }
    },
    "fnMap": {
      "0": {
        "name": "FrontCover",
        "decl": {
          "start": {
            "line": 21,
            "column": 9
          },
          "end": {
            "line": 21,
            "column": 19
          }
        },
        "loc": {
          "start": {
            "line": 21,
            "column": 59
          },
          "end": {
            "line": 38,
            "column": 1
          }
        },
        "line": 21
      },
      "1": {
        "name": "(anonymous_1)",
        "decl": {
          "start": {
            "line": 28,
            "column": 17
          },
          "end": {
            "line": 28,
            "column": 18
          }
        },
        "loc": {
          "start": {
            "line": 28,
            "column": 24
          },
          "end": {
            "line": 28,
            "column": 77
          }
        },
        "line": 28
      },
      "2": {
        "name": "(anonymous_2)",
        "decl": {
          "start": {
            "line": 33,
            "column": 18
          },
          "end": {
            "line": 33,
            "column": 19
          }
        },
        "loc": {
          "start": {
            "line": 33,
            "column": 25
          },
          "end": {
            "line": 33,
            "column": 61
          }
        },
        "line": 33
      }
    },
    "branchMap": {
      "0": {
        "loc": {
          "start": {
            "line": 21,
            "column": 42
          },
          "end": {
            "line": 21,
            "column": 55
          }
        },
        "type": "default-arg",
        "locations": [
          {
            "start": {
              "line": 21,
              "column": 51
            },
            "end": {
              "line": 21,
              "column": 55
            }
          }
        ],
        "line": 21
      },
      "1": {
        "loc": {
          "start": {
            "line": 28,
            "column": 24
          },
          "end": {
            "line": 28,
            "column": 77
          }
        },
        "type": "binary-expr",
        "locations": [
          {
            "start": {
              "line": 28,
              "column": 24
            },
            "end": {
              "line": 28,
              "column": 30
            }
          },
          {
            "start": {
              "line": 28,
              "column": 34
            },
            "end": {
              "line": 28,
              "column": 77
            }
          }
        ],
        "line": 28
      }
    },
    "s": {
      "0": 9,
      "1": 9,
      "2": 0,
      "3": 0,
      "4": 0,
      "5": 0,
      "6": 9
    },
    "f": {
      "0": 0,
      "1": 0,
      "2": 0
    },
    "b": {
      "0": [0],
      "1": [0, 0]
    },
    "_coverageSchema": "1a1c01bbd47fc00a2c39e90264f33305004495a9",
    "hash": "c5effef13376ae1ac848cb5baeebea74ae02b25b"
  },
  "/home/chloe/FAC19/tech-for-better/prepare-me/src/components/pageTemplates/BackCover.js": {
    "path": "/home/chloe/FAC19/tech-for-better/prepare-me/src/components/pageTemplates/BackCover.js",
    "statementMap": {
      "0": {
        "start": {
          "line": 5,
          "column": 14
        },
        "end": {
          "line": 8,
          "column": 1
        }
      },
      "1": {
        "start": {
          "line": 11,
          "column": 2
        },
        "end": {
          "line": 18,
          "column": 4
        }
      }
    },
    "fnMap": {
      "0": {
        "name": "BackCover",
        "decl": {
          "start": {
            "line": 10,
            "column": 9
          },
          "end": {
            "line": 10,
            "column": 18
          }
        },
        "loc": {
          "start": {
            "line": 10,
            "column": 21
          },
          "end": {
            "line": 19,
            "column": 1
          }
        },
        "line": 10
      }
    },
    "branchMap": {},
    "s": {
      "0": 9,
      "1": 0
    },
    "f": {
      "0": 0
    },
    "b": {},
    "_coverageSchema": "1a1c01bbd47fc00a2c39e90264f33305004495a9",
    "hash": "79541e92f99fa6bed32361d9534989ce0866467c"
  },
  "/home/chloe/FAC19/tech-for-better/prepare-me/src/components/pageTemplates/SinglePicture.js": {
    "path": "/home/chloe/FAC19/tech-for-better/prepare-me/src/components/pageTemplates/SinglePicture.js",
    "statementMap": {
      "0": {
        "start": {
          "line": 7,
          "column": 16
        },
        "end": {
          "line": 13,
          "column": 1
        }
      },
      "1": {
        "start": {
          "line": 15,
          "column": 15
        },
        "end": {
          "line": 19,
          "column": 1
        }
      },
      "2": {
        "start": {
          "line": 23,
          "column": 23
        },
        "end": {
          "line": 23,
          "column": 52
        }
      },
      "3": {
        "start": {
          "line": 24,
          "column": 2
        },
        "end": {
          "line": 38,
          "column": 4
        }
      },
      "4": {
        "start": {
          "line": 29,
          "column": 24
        },
        "end": {
          "line": 29,
          "column": 77
        }
      },
      "5": {
        "start": {
          "line": 34,
          "column": 25
        },
        "end": {
          "line": 34,
          "column": 61
        }
      },
      "6": {
        "start": {
          "line": 41,
          "column": 0
        },
        "end": {
          "line": 45,
          "column": 2
        }
      }
    },
    "fnMap": {
      "0": {
        "name": "SinglePicture",
        "decl": {
          "start": {
            "line": 22,
            "column": 9
          },
          "end": {
            "line": 22,
            "column": 22
          }
        },
        "loc": {
          "start": {
            "line": 22,
            "column": 62
          },
          "end": {
            "line": 39,
            "column": 1
          }
        },
        "line": 22
      },
      "1": {
        "name": "(anonymous_1)",
        "decl": {
          "start": {
            "line": 29,
            "column": 17
          },
          "end": {
            "line": 29,
            "column": 18
          }
        },
        "loc": {
          "start": {
            "line": 29,
            "column": 24
          },
          "end": {
            "line": 29,
            "column": 77
          }
        },
        "line": 29
      },
      "2": {
        "name": "(anonymous_2)",
        "decl": {
          "start": {
            "line": 34,
            "column": 18
          },
          "end": {
            "line": 34,
            "column": 19
          }
        },
        "loc": {
          "start": {
            "line": 34,
            "column": 25
          },
          "end": {
            "line": 34,
            "column": 61
          }
        },
        "line": 34
      }
    },
    "branchMap": {
      "0": {
        "loc": {
          "start": {
            "line": 22,
            "column": 45
          },
          "end": {
            "line": 22,
            "column": 58
          }
        },
        "type": "default-arg",
        "locations": [
          {
            "start": {
              "line": 22,
              "column": 54
            },
            "end": {
              "line": 22,
              "column": 58
            }
          }
        ],
        "line": 22
      },
      "1": {
        "loc": {
          "start": {
            "line": 29,
            "column": 24
          },
          "end": {
            "line": 29,
            "column": 77
          }
        },
        "type": "binary-expr",
        "locations": [
          {
            "start": {
              "line": 29,
              "column": 24
            },
            "end": {
              "line": 29,
              "column": 30
            }
          },
          {
            "start": {
              "line": 29,
              "column": 34
            },
            "end": {
              "line": 29,
              "column": 77
            }
          }
        ],
        "line": 29
      }
    },
    "s": {
      "0": 9,
      "1": 9,
      "2": 0,
      "3": 0,
      "4": 0,
      "5": 0,
      "6": 9
    },
    "f": {
      "0": 0,
      "1": 0,
      "2": 0
    },
    "b": {
      "0": [0],
      "1": [0, 0]
    },
    "_coverageSchema": "1a1c01bbd47fc00a2c39e90264f33305004495a9",
    "hash": "dfbf5de875ff7d71acc206b981ea3f3ba1cda89d"
  },
  "/home/chloe/FAC19/tech-for-better/prepare-me/src/components/pageTemplates/Pecs12.js": {
    "path": "/home/chloe/FAC19/tech-for-better/prepare-me/src/components/pageTemplates/Pecs12.js",
    "statementMap": {
      "0": {
        "start": {
          "line": 10,
          "column": 16
        },
        "end": {
          "line": 16,
          "column": 1
        }
      },
      "1": {
        "start": {
          "line": 18,
          "column": 15
        },
        "end": {
          "line": 22,
          "column": 1
        }
      },
      "2": {
        "start": {
          "line": 24,
          "column": 16
        },
        "end": {
          "line": 29,
          "column": 1
        }
      },
      "3": {
        "start": {
          "line": 32,
          "column": 23
        },
        "end": {
          "line": 32,
          "column": 52
        }
      },
      "4": {
        "start": {
          "line": 33,
          "column": 2
        },
        "end": {
          "line": 249,
          "column": 4
        }
      },
      "5": {
        "start": {
          "line": 42,
          "column": 16
        },
        "end": {
          "line": 42,
          "column": 69
        }
      },
      "6": {
        "start": {
          "line": 49,
          "column": 31
        },
        "end": {
          "line": 49,
          "column": 67
        }
      },
      "7": {
        "start": {
          "line": 60,
          "column": 16
        },
        "end": {
          "line": 60,
          "column": 69
        }
      },
      "8": {
        "start": {
          "line": 66,
          "column": 31
        },
        "end": {
          "line": 66,
          "column": 67
        }
      },
      "9": {
        "start": {
          "line": 77,
          "column": 16
        },
        "end": {
          "line": 77,
          "column": 69
        }
      },
      "10": {
        "start": {
          "line": 83,
          "column": 31
        },
        "end": {
          "line": 83,
          "column": 67
        }
      },
      "11": {
        "start": {
          "line": 96,
          "column": 16
        },
        "end": {
          "line": 96,
          "column": 69
        }
      },
      "12": {
        "start": {
          "line": 102,
          "column": 31
        },
        "end": {
          "line": 102,
          "column": 67
        }
      },
      "13": {
        "start": {
          "line": 113,
          "column": 16
        },
        "end": {
          "line": 113,
          "column": 69
        }
      },
      "14": {
        "start": {
          "line": 119,
          "column": 31
        },
        "end": {
          "line": 119,
          "column": 67
        }
      },
      "15": {
        "start": {
          "line": 130,
          "column": 16
        },
        "end": {
          "line": 130,
          "column": 69
        }
      },
      "16": {
        "start": {
          "line": 136,
          "column": 31
        },
        "end": {
          "line": 136,
          "column": 67
        }
      },
      "17": {
        "start": {
          "line": 149,
          "column": 16
        },
        "end": {
          "line": 149,
          "column": 69
        }
      },
      "18": {
        "start": {
          "line": 155,
          "column": 31
        },
        "end": {
          "line": 155,
          "column": 67
        }
      },
      "19": {
        "start": {
          "line": 166,
          "column": 16
        },
        "end": {
          "line": 166,
          "column": 69
        }
      },
      "20": {
        "start": {
          "line": 172,
          "column": 31
        },
        "end": {
          "line": 172,
          "column": 67
        }
      },
      "21": {
        "start": {
          "line": 183,
          "column": 16
        },
        "end": {
          "line": 183,
          "column": 69
        }
      },
      "22": {
        "start": {
          "line": 189,
          "column": 31
        },
        "end": {
          "line": 189,
          "column": 67
        }
      },
      "23": {
        "start": {
          "line": 202,
          "column": 16
        },
        "end": {
          "line": 202,
          "column": 69
        }
      },
      "24": {
        "start": {
          "line": 208,
          "column": 31
        },
        "end": {
          "line": 208,
          "column": 67
        }
      },
      "25": {
        "start": {
          "line": 219,
          "column": 16
        },
        "end": {
          "line": 219,
          "column": 69
        }
      },
      "26": {
        "start": {
          "line": 225,
          "column": 31
        },
        "end": {
          "line": 225,
          "column": 67
        }
      },
      "27": {
        "start": {
          "line": 236,
          "column": 16
        },
        "end": {
          "line": 236,
          "column": 69
        }
      },
      "28": {
        "start": {
          "line": 242,
          "column": 31
        },
        "end": {
          "line": 242,
          "column": 67
        }
      },
      "29": {
        "start": {
          "line": 253,
          "column": 2
        },
        "end": {
          "line": 253,
          "column": 100
        }
      },
      "30": {
        "start": {
          "line": 255,
          "column": 0
        },
        "end": {
          "line": 280,
          "column": 2
        }
      }
    },
    "fnMap": {
      "0": {
        "name": "Pecs12",
        "decl": {
          "start": {
            "line": 31,
            "column": 9
          },
          "end": {
            "line": 31,
            "column": 15
          }
        },
        "loc": {
          "start": {
            "line": 31,
            "column": 55
          },
          "end": {
            "line": 250,
            "column": 1
          }
        },
        "line": 31
      },
      "1": {
        "name": "(anonymous_1)",
        "decl": {
          "start": {
            "line": 41,
            "column": 23
          },
          "end": {
            "line": 41,
            "column": 24
          }
        },
        "loc": {
          "start": {
            "line": 42,
            "column": 16
          },
          "end": {
            "line": 42,
            "column": 69
          }
        },
        "line": 42
      },
      "2": {
        "name": "(anonymous_2)",
        "decl": {
          "start": {
            "line": 49,
            "column": 24
          },
          "end": {
            "line": 49,
            "column": 25
          }
        },
        "loc": {
          "start": {
            "line": 49,
            "column": 31
          },
          "end": {
            "line": 49,
            "column": 67
          }
        },
        "line": 49
      },
      "3": {
        "name": "(anonymous_3)",
        "decl": {
          "start": {
            "line": 59,
            "column": 23
          },
          "end": {
            "line": 59,
            "column": 24
          }
        },
        "loc": {
          "start": {
            "line": 60,
            "column": 16
          },
          "end": {
            "line": 60,
            "column": 69
          }
        },
        "line": 60
      },
      "4": {
        "name": "(anonymous_4)",
        "decl": {
          "start": {
            "line": 66,
            "column": 24
          },
          "end": {
            "line": 66,
            "column": 25
          }
        },
        "loc": {
          "start": {
            "line": 66,
            "column": 31
          },
          "end": {
            "line": 66,
            "column": 67
          }
        },
        "line": 66
      },
      "5": {
        "name": "(anonymous_5)",
        "decl": {
          "start": {
            "line": 76,
            "column": 23
          },
          "end": {
            "line": 76,
            "column": 24
          }
        },
        "loc": {
          "start": {
            "line": 77,
            "column": 16
          },
          "end": {
            "line": 77,
            "column": 69
          }
        },
        "line": 77
      },
      "6": {
        "name": "(anonymous_6)",
        "decl": {
          "start": {
            "line": 83,
            "column": 24
          },
          "end": {
            "line": 83,
            "column": 25
          }
        },
        "loc": {
          "start": {
            "line": 83,
            "column": 31
          },
          "end": {
            "line": 83,
            "column": 67
          }
        },
        "line": 83
      },
      "7": {
        "name": "(anonymous_7)",
        "decl": {
          "start": {
            "line": 95,
            "column": 23
          },
          "end": {
            "line": 95,
            "column": 24
          }
        },
        "loc": {
          "start": {
            "line": 96,
            "column": 16
          },
          "end": {
            "line": 96,
            "column": 69
          }
        },
        "line": 96
      },
      "8": {
        "name": "(anonymous_8)",
        "decl": {
          "start": {
            "line": 102,
            "column": 24
          },
          "end": {
            "line": 102,
            "column": 25
          }
        },
        "loc": {
          "start": {
            "line": 102,
            "column": 31
          },
          "end": {
            "line": 102,
            "column": 67
          }
        },
        "line": 102
      },
      "9": {
        "name": "(anonymous_9)",
        "decl": {
          "start": {
            "line": 112,
            "column": 23
          },
          "end": {
            "line": 112,
            "column": 24
          }
        },
        "loc": {
          "start": {
            "line": 113,
            "column": 16
          },
          "end": {
            "line": 113,
            "column": 69
          }
        },
        "line": 113
      },
      "10": {
        "name": "(anonymous_10)",
        "decl": {
          "start": {
            "line": 119,
            "column": 24
          },
          "end": {
            "line": 119,
            "column": 25
          }
        },
        "loc": {
          "start": {
            "line": 119,
            "column": 31
          },
          "end": {
            "line": 119,
            "column": 67
          }
        },
        "line": 119
      },
      "11": {
        "name": "(anonymous_11)",
        "decl": {
          "start": {
            "line": 129,
            "column": 23
          },
          "end": {
            "line": 129,
            "column": 24
          }
        },
        "loc": {
          "start": {
            "line": 130,
            "column": 16
          },
          "end": {
            "line": 130,
            "column": 69
          }
        },
        "line": 130
      },
      "12": {
        "name": "(anonymous_12)",
        "decl": {
          "start": {
            "line": 136,
            "column": 24
          },
          "end": {
            "line": 136,
            "column": 25
          }
        },
        "loc": {
          "start": {
            "line": 136,
            "column": 31
          },
          "end": {
            "line": 136,
            "column": 67
          }
        },
        "line": 136
      },
      "13": {
        "name": "(anonymous_13)",
        "decl": {
          "start": {
            "line": 148,
            "column": 23
          },
          "end": {
            "line": 148,
            "column": 24
          }
        },
        "loc": {
          "start": {
            "line": 149,
            "column": 16
          },
          "end": {
            "line": 149,
            "column": 69
          }
        },
        "line": 149
      },
      "14": {
        "name": "(anonymous_14)",
        "decl": {
          "start": {
            "line": 155,
            "column": 24
          },
          "end": {
            "line": 155,
            "column": 25
          }
        },
        "loc": {
          "start": {
            "line": 155,
            "column": 31
          },
          "end": {
            "line": 155,
            "column": 67
          }
        },
        "line": 155
      },
      "15": {
        "name": "(anonymous_15)",
        "decl": {
          "start": {
            "line": 165,
            "column": 23
          },
          "end": {
            "line": 165,
            "column": 24
          }
        },
        "loc": {
          "start": {
            "line": 166,
            "column": 16
          },
          "end": {
            "line": 166,
            "column": 69
          }
        },
        "line": 166
      },
      "16": {
        "name": "(anonymous_16)",
        "decl": {
          "start": {
            "line": 172,
            "column": 24
          },
          "end": {
            "line": 172,
            "column": 25
          }
        },
        "loc": {
          "start": {
            "line": 172,
            "column": 31
          },
          "end": {
            "line": 172,
            "column": 67
          }
        },
        "line": 172
      },
      "17": {
        "name": "(anonymous_17)",
        "decl": {
          "start": {
            "line": 182,
            "column": 23
          },
          "end": {
            "line": 182,
            "column": 24
          }
        },
        "loc": {
          "start": {
            "line": 183,
            "column": 16
          },
          "end": {
            "line": 183,
            "column": 69
          }
        },
        "line": 183
      },
      "18": {
        "name": "(anonymous_18)",
        "decl": {
          "start": {
            "line": 189,
            "column": 24
          },
          "end": {
            "line": 189,
            "column": 25
          }
        },
        "loc": {
          "start": {
            "line": 189,
            "column": 31
          },
          "end": {
            "line": 189,
            "column": 67
          }
        },
        "line": 189
      },
      "19": {
        "name": "(anonymous_19)",
        "decl": {
          "start": {
            "line": 201,
            "column": 23
          },
          "end": {
            "line": 201,
            "column": 24
          }
        },
        "loc": {
          "start": {
            "line": 202,
            "column": 16
          },
          "end": {
            "line": 202,
            "column": 69
          }
        },
        "line": 202
      },
      "20": {
        "name": "(anonymous_20)",
        "decl": {
          "start": {
            "line": 208,
            "column": 24
          },
          "end": {
            "line": 208,
            "column": 25
          }
        },
        "loc": {
          "start": {
            "line": 208,
            "column": 31
          },
          "end": {
            "line": 208,
            "column": 67
          }
        },
        "line": 208
      },
      "21": {
        "name": "(anonymous_21)",
        "decl": {
          "start": {
            "line": 218,
            "column": 23
          },
          "end": {
            "line": 218,
            "column": 24
          }
        },
        "loc": {
          "start": {
            "line": 219,
            "column": 16
          },
          "end": {
            "line": 219,
            "column": 69
          }
        },
        "line": 219
      },
      "22": {
        "name": "(anonymous_22)",
        "decl": {
          "start": {
            "line": 225,
            "column": 24
          },
          "end": {
            "line": 225,
            "column": 25
          }
        },
        "loc": {
          "start": {
            "line": 225,
            "column": 31
          },
          "end": {
            "line": 225,
            "column": 67
          }
        },
        "line": 225
      },
      "23": {
        "name": "(anonymous_23)",
        "decl": {
          "start": {
            "line": 235,
            "column": 23
          },
          "end": {
            "line": 235,
            "column": 24
          }
        },
        "loc": {
          "start": {
            "line": 236,
            "column": 16
          },
          "end": {
            "line": 236,
            "column": 69
          }
        },
        "line": 236
      },
      "24": {
        "name": "(anonymous_24)",
        "decl": {
          "start": {
            "line": 242,
            "column": 24
          },
          "end": {
            "line": 242,
            "column": 25
          }
        },
        "loc": {
          "start": {
            "line": 242,
            "column": 31
          },
          "end": {
            "line": 242,
            "column": 67
          }
        },
        "line": 242
      }
    },
    "branchMap": {
      "0": {
        "loc": {
          "start": {
            "line": 31,
            "column": 38
          },
          "end": {
            "line": 31,
            "column": 51
          }
        },
        "type": "default-arg",
        "locations": [
          {
            "start": {
              "line": 31,
              "column": 47
            },
            "end": {
              "line": 31,
              "column": 51
            }
          }
        ],
        "line": 31
      },
      "1": {
        "loc": {
          "start": {
            "line": 42,
            "column": 16
          },
          "end": {
            "line": 42,
            "column": 69
          }
        },
        "type": "binary-expr",
        "locations": [
          {
            "start": {
              "line": 42,
              "column": 16
            },
            "end": {
              "line": 42,
              "column": 22
            }
          },
          {
            "start": {
              "line": 42,
              "column": 26
            },
            "end": {
              "line": 42,
              "column": 69
            }
          }
        ],
        "line": 42
      },
      "2": {
        "loc": {
          "start": {
            "line": 60,
            "column": 16
          },
          "end": {
            "line": 60,
            "column": 69
          }
        },
        "type": "binary-expr",
        "locations": [
          {
            "start": {
              "line": 60,
              "column": 16
            },
            "end": {
              "line": 60,
              "column": 22
            }
          },
          {
            "start": {
              "line": 60,
              "column": 26
            },
            "end": {
              "line": 60,
              "column": 69
            }
          }
        ],
        "line": 60
      },
      "3": {
        "loc": {
          "start": {
            "line": 77,
            "column": 16
          },
          "end": {
            "line": 77,
            "column": 69
          }
        },
        "type": "binary-expr",
        "locations": [
          {
            "start": {
              "line": 77,
              "column": 16
            },
            "end": {
              "line": 77,
              "column": 22
            }
          },
          {
            "start": {
              "line": 77,
              "column": 26
            },
            "end": {
              "line": 77,
              "column": 69
            }
          }
        ],
        "line": 77
      },
      "4": {
        "loc": {
          "start": {
            "line": 96,
            "column": 16
          },
          "end": {
            "line": 96,
            "column": 69
          }
        },
        "type": "binary-expr",
        "locations": [
          {
            "start": {
              "line": 96,
              "column": 16
            },
            "end": {
              "line": 96,
              "column": 22
            }
          },
          {
            "start": {
              "line": 96,
              "column": 26
            },
            "end": {
              "line": 96,
              "column": 69
            }
          }
        ],
        "line": 96
      },
      "5": {
        "loc": {
          "start": {
            "line": 113,
            "column": 16
          },
          "end": {
            "line": 113,
            "column": 69
          }
        },
        "type": "binary-expr",
        "locations": [
          {
            "start": {
              "line": 113,
              "column": 16
            },
            "end": {
              "line": 113,
              "column": 22
            }
          },
          {
            "start": {
              "line": 113,
              "column": 26
            },
            "end": {
              "line": 113,
              "column": 69
            }
          }
        ],
        "line": 113
      },
      "6": {
        "loc": {
          "start": {
            "line": 130,
            "column": 16
          },
          "end": {
            "line": 130,
            "column": 69
          }
        },
        "type": "binary-expr",
        "locations": [
          {
            "start": {
              "line": 130,
              "column": 16
            },
            "end": {
              "line": 130,
              "column": 22
            }
          },
          {
            "start": {
              "line": 130,
              "column": 26
            },
            "end": {
              "line": 130,
              "column": 69
            }
          }
        ],
        "line": 130
      },
      "7": {
        "loc": {
          "start": {
            "line": 149,
            "column": 16
          },
          "end": {
            "line": 149,
            "column": 69
          }
        },
        "type": "binary-expr",
        "locations": [
          {
            "start": {
              "line": 149,
              "column": 16
            },
            "end": {
              "line": 149,
              "column": 22
            }
          },
          {
            "start": {
              "line": 149,
              "column": 26
            },
            "end": {
              "line": 149,
              "column": 69
            }
          }
        ],
        "line": 149
      },
      "8": {
        "loc": {
          "start": {
            "line": 166,
            "column": 16
          },
          "end": {
            "line": 166,
            "column": 69
          }
        },
        "type": "binary-expr",
        "locations": [
          {
            "start": {
              "line": 166,
              "column": 16
            },
            "end": {
              "line": 166,
              "column": 22
            }
          },
          {
            "start": {
              "line": 166,
              "column": 26
            },
            "end": {
              "line": 166,
              "column": 69
            }
          }
        ],
        "line": 166
      },
      "9": {
        "loc": {
          "start": {
            "line": 183,
            "column": 16
          },
          "end": {
            "line": 183,
            "column": 69
          }
        },
        "type": "binary-expr",
        "locations": [
          {
            "start": {
              "line": 183,
              "column": 16
            },
            "end": {
              "line": 183,
              "column": 22
            }
          },
          {
            "start": {
              "line": 183,
              "column": 26
            },
            "end": {
              "line": 183,
              "column": 69
            }
          }
        ],
        "line": 183
      },
      "10": {
        "loc": {
          "start": {
            "line": 202,
            "column": 16
          },
          "end": {
            "line": 202,
            "column": 69
          }
        },
        "type": "binary-expr",
        "locations": [
          {
            "start": {
              "line": 202,
              "column": 16
            },
            "end": {
              "line": 202,
              "column": 22
            }
          },
          {
            "start": {
              "line": 202,
              "column": 26
            },
            "end": {
              "line": 202,
              "column": 69
            }
          }
        ],
        "line": 202
      },
      "11": {
        "loc": {
          "start": {
            "line": 219,
            "column": 16
          },
          "end": {
            "line": 219,
            "column": 69
          }
        },
        "type": "binary-expr",
        "locations": [
          {
            "start": {
              "line": 219,
              "column": 16
            },
            "end": {
              "line": 219,
              "column": 22
            }
          },
          {
            "start": {
              "line": 219,
              "column": 26
            },
            "end": {
              "line": 219,
              "column": 69
            }
          }
        ],
        "line": 219
      },
      "12": {
        "loc": {
          "start": {
            "line": 236,
            "column": 16
          },
          "end": {
            "line": 236,
            "column": 69
          }
        },
        "type": "binary-expr",
        "locations": [
          {
            "start": {
              "line": 236,
              "column": 16
            },
            "end": {
              "line": 236,
              "column": 22
            }
          },
          {
            "start": {
              "line": 236,
              "column": 26
            },
            "end": {
              "line": 236,
              "column": 69
            }
          }
        ],
        "line": 236
      }
    },
    "s": {
      "0": 9,
      "1": 9,
      "2": 9,
      "3": 17,
      "4": 17,
      "5": 1,
      "6": 10,
      "7": 0,
      "8": 0,
      "9": 0,
      "10": 0,
      "11": 0,
      "12": 0,
      "13": 0,
      "14": 0,
      "15": 0,
      "16": 0,
      "17": 0,
      "18": 0,
      "19": 0,
      "20": 0,
      "21": 0,
      "22": 0,
      "23": 0,
      "24": 0,
      "25": 0,
      "26": 0,
      "27": 0,
      "28": 0,
      "29": 9,
      "30": 9
    },
    "f": {
      "0": 17,
      "1": 1,
      "2": 10,
      "3": 0,
      "4": 0,
      "5": 0,
      "6": 0,
      "7": 0,
      "8": 0,
      "9": 0,
      "10": 0,
      "11": 0,
      "12": 0,
      "13": 0,
      "14": 0,
      "15": 0,
      "16": 0,
      "17": 0,
      "18": 0,
      "19": 0,
      "20": 0,
      "21": 0,
      "22": 0,
      "23": 0,
      "24": 0
    },
    "b": {
      "0": [17],
      "1": [1, 1],
      "2": [0, 0],
      "3": [0, 0],
      "4": [0, 0],
      "5": [0, 0],
      "6": [0, 0],
      "7": [0, 0],
      "8": [0, 0],
      "9": [0, 0],
      "10": [0, 0],
      "11": [0, 0],
      "12": [0, 0]
    },
    "_coverageSchema": "1a1c01bbd47fc00a2c39e90264f33305004495a9",
    "hash": "d61ad1d5481160c87af380b933aba33bf8608da4"
  },
  "/home/chloe/FAC19/tech-for-better/prepare-me/src/components/pageTemplates/getPageTemplateByName.js": {
    "path": "/home/chloe/FAC19/tech-for-better/prepare-me/src/components/pageTemplates/getPageTemplateByName.js",
    "statementMap": {
      "0": {
        "start": {
          "line": 10,
          "column": 30
        },
        "end": {
          "line": 17,
          "column": 1
        }
      }
    },
    "fnMap": {},
    "branchMap": {},
    "s": {
      "0": 9
    },
    "f": {},
    "b": {},
    "_coverageSchema": "1a1c01bbd47fc00a2c39e90264f33305004495a9",
    "hash": "9d8aa8c6d5729ea9c9acaa3d803d3b3a4b2171fd"
  },
  "/home/chloe/FAC19/tech-for-better/prepare-me/src/model/updateState.js": {
    "path": "/home/chloe/FAC19/tech-for-better/prepare-me/src/model/updateState.js",
    "statementMap": {
      "0": {
        "start": {
          "line": 10,
          "column": 28
        },
        "end": {
          "line": 13,
          "column": 1
        }
      },
      "1": {
        "start": {
          "line": 18,
          "column": 2
        },
        "end": {
          "line": 18,
          "column": 41
        }
      },
      "2": {
        "start": {
          "line": 23,
          "column": 15
        },
        "end": {
          "line": 23,
          "column": 27
        }
      },
      "3": {
        "start": {
          "line": 24,
          "column": 2
        },
        "end": {
          "line": 66,
          "column": 3
        }
      },
      "4": {
        "start": {
          "line": 26,
          "column": 27
        },
        "end": {
          "line": 26,
          "column": 34
        }
      },
      "5": {
        "start": {
          "line": 27,
          "column": 6
        },
        "end": {
          "line": 27,
          "column": 55
        }
      },
      "6": {
        "start": {
          "line": 28,
          "column": 6
        },
        "end": {
          "line": 28,
          "column": 18
        }
      },
      "7": {
        "start": {
          "line": 31,
          "column": 49
        },
        "end": {
          "line": 31,
          "column": 56
        }
      },
      "8": {
        "start": {
          "line": 32,
          "column": 6
        },
        "end": {
          "line": 32,
          "column": 61
        }
      },
      "9": {
        "start": {
          "line": 33,
          "column": 6
        },
        "end": {
          "line": 33,
          "column": 18
        }
      },
      "10": {
        "start": {
          "line": 36,
          "column": 45
        },
        "end": {
          "line": 36,
          "column": 52
        }
      },
      "11": {
        "start": {
          "line": 37,
          "column": 6
        },
        "end": {
          "line": 37,
          "column": 57
        }
      },
      "12": {
        "start": {
          "line": 38,
          "column": 6
        },
        "end": {
          "line": 38,
          "column": 18
        }
      },
      "13": {
        "start": {
          "line": 43,
          "column": 39
        },
        "end": {
          "line": 43,
          "column": 46
        }
      },
      "14": {
        "start": {
          "line": 45,
          "column": 31
        },
        "end": {
          "line": 45,
          "column": 62
        }
      },
      "15": {
        "start": {
          "line": 47,
          "column": 22
        },
        "end": {
          "line": 51,
          "column": 7
        }
      },
      "16": {
        "start": {
          "line": 53,
          "column": 6
        },
        "end": {
          "line": 53,
          "column": 48
        }
      },
      "17": {
        "start": {
          "line": 54,
          "column": 6
        },
        "end": {
          "line": 54,
          "column": 18
        }
      },
      "18": {
        "start": {
          "line": 58,
          "column": 29
        },
        "end": {
          "line": 58,
          "column": 36
        }
      },
      "19": {
        "start": {
          "line": 59,
          "column": 6
        },
        "end": {
          "line": 59,
          "column": 43
        }
      },
      "20": {
        "start": {
          "line": 60,
          "column": 6
        },
        "end": {
          "line": 60,
          "column": 18
        }
      },
      "21": {
        "start": {
          "line": 64,
          "column": 6
        },
        "end": {
          "line": 64,
          "column": 18
        }
      }
    },
    "fnMap": {
      "0": {
        "name": "clone",
        "decl": {
          "start": {
            "line": 17,
            "column": 9
          },
          "end": {
            "line": 17,
            "column": 14
          }
        },
        "loc": {
          "start": {
            "line": 17,
            "column": 20
          },
          "end": {
            "line": 19,
            "column": 1
          }
        },
        "line": 17
      },
      "1": {
        "name": "updateState",
        "decl": {
          "start": {
            "line": 21,
            "column": 9
          },
          "end": {
            "line": 21,
            "column": 20
          }
        },
        "loc": {
          "start": {
            "line": 21,
            "column": 37
          },
          "end": {
            "line": 67,
            "column": 1
          }
        },
        "line": 21
      }
    },
    "branchMap": {
      "0": {
        "loc": {
          "start": {
            "line": 24,
            "column": 2
          },
          "end": {
            "line": 66,
            "column": 3
          }
        },
        "type": "switch",
        "locations": [
          {
            "start": {
              "line": 25,
              "column": 4
            },
            "end": {
              "line": 29,
              "column": 5
            }
          },
          {
            "start": {
              "line": 30,
              "column": 4
            },
            "end": {
              "line": 34,
              "column": 5
            }
          },
          {
            "start": {
              "line": 35,
              "column": 4
            },
            "end": {
              "line": 39,
              "column": 5
            }
          },
          {
            "start": {
              "line": 41,
              "column": 4
            },
            "end": {
              "line": 55,
              "column": 5
            }
          },
          {
            "start": {
              "line": 57,
              "column": 4
            },
            "end": {
              "line": 61,
              "column": 5
            }
          },
          {
            "start": {
              "line": 63,
              "column": 4
            },
            "end": {
              "line": 65,
              "column": 5
            }
          }
        ],
        "line": 24
      }
    },
    "s": {
      "0": 9,
      "1": 17,
      "2": 17,
      "3": 17,
      "4": 0,
      "5": 0,
      "6": 0,
      "7": 10,
      "8": 10,
      "9": 10,
      "10": 0,
      "11": 0,
      "12": 0,
      "13": 7,
      "14": 7,
      "15": 7,
      "16": 7,
      "17": 7,
      "18": 0,
      "19": 0,
      "20": 0,
      "21": 0
    },
    "f": {
      "0": 17,
      "1": 17
    },
    "b": {
      "0": [0, 10, 0, 7, 0, 0]
    },
    "_coverageSchema": "1a1c01bbd47fc00a2c39e90264f33305004495a9",
    "hash": "4ef3884ae40aedc3774e170cdb4ea80e6add37f8"
  },
  "/home/chloe/FAC19/tech-for-better/prepare-me/src/pages/StoryTemplates.js": {
    "path": "/home/chloe/FAC19/tech-for-better/prepare-me/src/pages/StoryTemplates.js",
    "statementMap": {
      "0": {
        "start": {
          "line": 20,
          "column": 15
        },
        "end": {
          "line": 23,
          "column": 1
        }
      },
      "1": {
        "start": {
          "line": 21,
          "column": 27
        },
        "end": {
          "line": 21,
          "column": 38
        }
      },
      "2": {
        "start": {
          "line": 25,
          "column": 15
        },
        "end": {
          "line": 32,
          "column": 1
        }
      },
      "3": {
        "start": {
          "line": 34,
          "column": 16
        },
        "end": {
          "line": 34,
          "column": 36
        }
      },
      "4": {
        "start": {
          "line": 36,
          "column": 16
        },
        "end": {
          "line": 40,
          "column": 1
        }
      },
      "5": {
        "start": {
          "line": 42,
          "column": 23
        },
        "end": {
          "line": 97,
          "column": 1
        }
      },
      "6": {
        "start": {
          "line": 43,
          "column": 16
        },
        "end": {
          "line": 43,
          "column": 26
        }
      },
      "7": {
        "start": {
          "line": 44,
          "column": 2
        },
        "end": {
          "line": 44,
          "column": 57
        }
      },
      "8": {
        "start": {
          "line": 45,
          "column": 23
        },
        "end": {
          "line": 45,
          "column": 52
        }
      },
      "9": {
        "start": {
          "line": 46,
          "column": 18
        },
        "end": {
          "line": 46,
          "column": 30
        }
      },
      "10": {
        "start": {
          "line": 48,
          "column": 22
        },
        "end": {
          "line": 52,
          "column": 3
        }
      },
      "11": {
        "start": {
          "line": 49,
          "column": 21
        },
        "end": {
          "line": 49,
          "column": 43
        }
      },
      "12": {
        "start": {
          "line": 50,
          "column": 4
        },
        "end": {
          "line": 50,
          "column": 56
        }
      },
      "13": {
        "start": {
          "line": 51,
          "column": 4
        },
        "end": {
          "line": 51,
          "column": 34
        }
      },
      "14": {
        "start": {
          "line": 54,
          "column": 2
        },
        "end": {
          "line": 96,
          "column": 4
        }
      }
    },
    "fnMap": {
      "0": {
        "name": "(anonymous_0)",
        "decl": {
          "start": {
            "line": 21,
            "column": 16
          },
          "end": {
            "line": 21,
            "column": 17
          }
        },
        "loc": {
          "start": {
            "line": 21,
            "column": 27
          },
          "end": {
            "line": 21,
            "column": 38
          }
        },
        "line": 21
      },
      "1": {
        "name": "(anonymous_1)",
        "decl": {
          "start": {
            "line": 42,
            "column": 23
          },
          "end": {
            "line": 42,
            "column": 24
          }
        },
        "loc": {
          "start": {
            "line": 42,
            "column": 29
          },
          "end": {
            "line": 97,
            "column": 1
          }
        },
        "line": 42
      },
      "2": {
        "name": "(anonymous_2)",
        "decl": {
          "start": {
            "line": 48,
            "column": 22
          },
          "end": {
            "line": 48,
            "column": 23
          }
        },
        "loc": {
          "start": {
            "line": 48,
            "column": 33
          },
          "end": {
            "line": 52,
            "column": 3
          }
        },
        "line": 48
      }
    },
    "branchMap": {},
    "s": {
      "0": 9,
      "1": 0,
      "2": 9,
      "3": 9,
      "4": 9,
      "5": 9,
      "6": 0,
      "7": 0,
      "8": 0,
      "9": 0,
      "10": 0,
      "11": 0,
      "12": 0,
      "13": 0,
      "14": 0
    },
    "f": {
      "0": 0,
      "1": 0,
      "2": 0
    },
    "b": {},
    "_coverageSchema": "1a1c01bbd47fc00a2c39e90264f33305004495a9",
    "hash": "abece18ee041bee359b4a130757a6e4a0ad55960"
  },
  "/home/chloe/FAC19/tech-for-better/prepare-me/src/pages/PageTemplates.js": {
    "path": "/home/chloe/FAC19/tech-for-better/prepare-me/src/pages/PageTemplates.js",
    "statementMap": {
      "0": {
        "start": {
          "line": 19,
          "column": 15
        },
        "end": {
          "line": 21,
          "column": 1
        }
      },
      "1": {
        "start": {
          "line": 20,
          "column": 33
        },
        "end": {
          "line": 20,
          "column": 44
        }
      },
      "2": {
        "start": {
          "line": 23,
          "column": 15
        },
        "end": {
          "line": 32,
          "column": 1
        }
      },
      "3": {
        "start": {
          "line": 34,
          "column": 16
        },
        "end": {
          "line": 36,
          "column": 1
        }
      },
      "4": {
        "start": {
          "line": 38,
          "column": 16
        },
        "end": {
          "line": 42,
          "column": 1
        }
      },
      "5": {
        "start": {
          "line": 44,
          "column": 22
        },
        "end": {
          "line": 113,
          "column": 1
        }
      },
      "6": {
        "start": {
          "line": 45,
          "column": 16
        },
        "end": {
          "line": 45,
          "column": 26
        }
      },
      "7": {
        "start": {
          "line": 46,
          "column": 23
        },
        "end": {
          "line": 46,
          "column": 52
        }
      },
      "8": {
        "start": {
          "line": 47,
          "column": 18
        },
        "end": {
          "line": 47,
          "column": 30
        }
      },
      "9": {
        "start": {
          "line": 48,
          "column": 21
        },
        "end": {
          "line": 48,
          "column": 55
        }
      },
      "10": {
        "start": {
          "line": 51,
          "column": 4
        },
        "end": {
          "line": 51,
          "column": 43
        }
      },
      "11": {
        "start": {
          "line": 52,
          "column": 4
        },
        "end": {
          "line": 56,
          "column": 7
        }
      },
      "12": {
        "start": {
          "line": 57,
          "column": 4
        },
        "end": {
          "line": 57,
          "column": 50
        }
      },
      "13": {
        "start": {
          "line": 60,
          "column": 2
        },
        "end": {
          "line": 112,
          "column": 4
        }
      }
    },
    "fnMap": {
      "0": {
        "name": "(anonymous_0)",
        "decl": {
          "start": {
            "line": 20,
            "column": 22
          },
          "end": {
            "line": 20,
            "column": 23
          }
        },
        "loc": {
          "start": {
            "line": 20,
            "column": 33
          },
          "end": {
            "line": 20,
            "column": 44
          }
        },
        "line": 20
      },
      "1": {
        "name": "(anonymous_1)",
        "decl": {
          "start": {
            "line": 44,
            "column": 22
          },
          "end": {
            "line": 44,
            "column": 23
          }
        },
        "loc": {
          "start": {
            "line": 44,
            "column": 28
          },
          "end": {
            "line": 113,
            "column": 1
          }
        },
        "line": 44
      },
      "2": {
        "name": "handleClick",
        "decl": {
          "start": {
            "line": 50,
            "column": 11
          },
          "end": {
            "line": 50,
            "column": 22
          }
        },
        "loc": {
          "start": {
            "line": 50,
            "column": 26
          },
          "end": {
            "line": 58,
            "column": 3
          }
        },
        "line": 50
      }
    },
    "branchMap": {},
    "s": {
      "0": 9,
      "1": 0,
      "2": 9,
      "3": 9,
      "4": 9,
      "5": 9,
      "6": 0,
      "7": 0,
      "8": 0,
      "9": 0,
      "10": 0,
      "11": 0,
      "12": 0,
      "13": 0
    },
    "f": {
      "0": 0,
      "1": 0,
      "2": 0
    },
    "b": {},
    "_coverageSchema": "1a1c01bbd47fc00a2c39e90264f33305004495a9",
    "hash": "147f3d16c9e6c3441835f9b1facea06c484e2d9d"
  },
  "/home/chloe/FAC19/tech-for-better/prepare-me/src/pages/PecsStoryTemplates.js": {
    "path": "/home/chloe/FAC19/tech-for-better/prepare-me/src/pages/PecsStoryTemplates.js",
    "statementMap": {
      "0": {
        "start": {
          "line": 19,
          "column": 15
        },
        "end": {
          "line": 21,
          "column": 1
        }
      },
      "1": {
        "start": {
          "line": 23,
          "column": 15
        },
        "end": {
          "line": 30,
          "column": 1
        }
      },
      "2": {
        "start": {
          "line": 32,
          "column": 16
        },
        "end": {
          "line": 32,
          "column": 36
        }
      },
      "3": {
        "start": {
          "line": 34,
          "column": 16
        },
        "end": {
          "line": 38,
          "column": 1
        }
      },
      "4": {
        "start": {
          "line": 40,
          "column": 27
        },
        "end": {
          "line": 109,
          "column": 1
        }
      },
      "5": {
        "start": {
          "line": 41,
          "column": 23
        },
        "end": {
          "line": 41,
          "column": 52
        }
      },
      "6": {
        "start": {
          "line": 42,
          "column": 18
        },
        "end": {
          "line": 42,
          "column": 30
        }
      },
      "7": {
        "start": {
          "line": 44,
          "column": 27
        },
        "end": {
          "line": 48,
          "column": 3
        }
      },
      "8": {
        "start": {
          "line": 45,
          "column": 21
        },
        "end": {
          "line": 45,
          "column": 43
        }
      },
      "9": {
        "start": {
          "line": 46,
          "column": 4
        },
        "end": {
          "line": 46,
          "column": 56
        }
      },
      "10": {
        "start": {
          "line": 47,
          "column": 4
        },
        "end": {
          "line": 47,
          "column": 34
        }
      },
      "11": {
        "start": {
          "line": 50,
          "column": 26
        },
        "end": {
          "line": 54,
          "column": 3
        }
      },
      "12": {
        "start": {
          "line": 51,
          "column": 21
        },
        "end": {
          "line": 51,
          "column": 43
        }
      },
      "13": {
        "start": {
          "line": 52,
          "column": 4
        },
        "end": {
          "line": 52,
          "column": 60
        }
      },
      "14": {
        "start": {
          "line": 53,
          "column": 4
        },
        "end": {
          "line": 53,
          "column": 34
        }
      },
      "15": {
        "start": {
          "line": 56,
          "column": 2
        },
        "end": {
          "line": 108,
          "column": 4
        }
      }
    },
    "fnMap": {
      "0": {
        "name": "(anonymous_0)",
        "decl": {
          "start": {
            "line": 40,
            "column": 27
          },
          "end": {
            "line": 40,
            "column": 28
          }
        },
        "loc": {
          "start": {
            "line": 40,
            "column": 33
          },
          "end": {
            "line": 109,
            "column": 1
          }
        },
        "line": 40
      },
      "1": {
        "name": "(anonymous_1)",
        "decl": {
[...]
            "line": 23,
            "column": 33
          },
          "end": {
            "line": 55,
            "column": 1
          }
        },
        "line": 23
      },
      "1": {
        "name": "(anonymous_1)",
        "decl": {
          "start": {
            "line": 34,
            "column": 36
          },
          "end": {
            "line": 34,
            "column": 37
          }
        },
        "loc": {
          "start": {
            "line": 34,
            "column": 42
          },
          "end": {
            "line": 53,
            "column": 5
          }
        },
        "line": 34
      },
      "2": {
        "name": "(anonymous_2)",
        "decl": {
          "start": {
            "line": 43,
            "column": 43
          },
          "end": {
            "line": 43,
            "column": 44
          }
        },
        "loc": {
          "start": {
            "line": 43,
            "column": 49
          },
          "end": {
            "line": 48,
            "column": 9
          }
        },
        "line": 43
      },
      "3": {
        "name": "registerValidSW",
        "decl": {
          "start": {
            "line": 57,
            "column": 9
          },
          "end": {
            "line": 57,
            "column": 24
          }
        },
        "loc": {
          "start": {
            "line": 57,
            "column": 40
          },
          "end": {
            "line": 99,
            "column": 1
          }
        },
        "line": 57
      },
      "4": {
        "name": "(anonymous_4)",
        "decl": {
          "start": {
            "line": 60,
            "column": 10
          },
          "end": {
            "line": 60,
            "column": 11
          }
        },
        "loc": {
          "start": {
            "line": 60,
            "column": 28
          },
          "end": {
            "line": 95,
            "column": 5
          }
        },
        "line": 60
      },
      "5": {
        "name": "(anonymous_5)",
        "decl": {
          "start": {
            "line": 61,
            "column": 35
          },
          "end": {
            "line": 61,
            "column": 36
          }
        },
        "loc": {
          "start": {
            "line": 61,
            "column": 41
          },
          "end": {
            "line": 94,
            "column": 7
          }
        },
        "line": 61
      },
      "6": {
        "name": "(anonymous_6)",
        "decl": {
          "start": {
            "line": 66,
            "column": 41
          },
          "end": {
            "line": 66,
            "column": 42
          }
        },
        "loc": {
          "start": {
            "line": 66,
            "column": 47
          },
          "end": {
            "line": 93,
            "column": 9
          }
        },
        "line": 66
      },
      "7": {
        "name": "(anonymous_7)",
        "decl": {
          "start": {
            "line": 96,
            "column": 11
          },
          "end": {
            "line": 96,
            "column": 12
          }
        },
        "loc": {
          "start": {
            "line": 96,
            "column": 22
          },
          "end": {
            "line": 98,
            "column": 5
          }
        },
        "line": 96
      },
      "8": {
        "name": "checkValidServiceWorker",
        "decl": {
          "start": {
            "line": 101,
            "column": 9
          },
          "end": {
            "line": 101,
            "column": 32
          }
        },
        "loc": {
          "start": {
            "line": 101,
            "column": 48
          },
          "end": {
            "line": 129,
            "column": 1
          }
        },
        "line": 101
      },
      "9": {
        "name": "(anonymous_9)",
        "decl": {
          "start": {
            "line": 106,
            "column": 10
          },
          "end": {
            "line": 106,
            "column": 11
          }
        },
        "loc": {
          "start": {
            "line": 106,
            "column": 24
          },
          "end": {
            "line": 123,
            "column": 5
          }
        },
        "line": 106
      },
      "10": {
        "name": "(anonymous_10)",
        "decl": {
          "start": {
            "line": 114,
            "column": 43
          },
          "end": {
            "line": 114,
            "column": 44
          }
        },
        "loc": {
          "start": {
            "line": 114,
            "column": 61
          },
          "end": {
            "line": 118,
            "column": 9
          }
        },
        "line": 114
      },
      "11": {
        "name": "(anonymous_11)",
        "decl": {
          "start": {
            "line": 115,
            "column": 41
          },
          "end": {
            "line": 115,
            "column": 42
          }
        },
        "loc": {
          "start": {
            "line": 115,
            "column": 47
          },
          "end": {
            "line": 117,
            "column": 11
          }
        },
        "line": 115
      },
      "12": {
        "name": "(anonymous_12)",
        "decl": {
          "start": {
            "line": 124,
            "column": 11
          },
          "end": {
            "line": 124,
            "column": 12
          }
        },
        "loc": {
          "start": {
            "line": 124,
            "column": 17
          },
          "end": {
            "line": 128,
            "column": 5
          }
        },
        "line": 124
      },
      "13": {
        "name": "unregister",
        "decl": {
          "start": {
            "line": 131,
            "column": 16
          },
          "end": {
            "line": 131,
            "column": 26
          }
        },
        "loc": {
          "start": {
            "line": 131,
            "column": 29
          },
          "end": {
            "line": 141,
            "column": 1
          }
        },
        "line": 131
      },
      "14": {
        "name": "(anonymous_14)",
        "decl": {
          "start": {
            "line": 134,
            "column": 12
          },
          "end": {
            "line": 134,
            "column": 13
          }
        },
        "loc": {
          "start": {
            "line": 134,
            "column": 30
          },
          "end": {
            "line": 136,
            "column": 7
          }
        },
        "line": 134
      },
      "15": {
        "name": "(anonymous_15)",
        "decl": {
          "start": {
            "line": 137,
            "column": 13
          },
          "end": {
            "line": 137,
            "column": 14
          }
        },
        "loc": {
          "start": {
            "line": 137,
            "column": 24
          },
          "end": {
            "line": 139,
            "column": 7
          }
        },
        "line": 137
      }
    },
    "branchMap": {
      "0": {
        "loc": {
          "start": {
            "line": 14,
            "column": 2
          },
          "end": {
            "line": 20,
            "column": 5
          }
        },
        "type": "binary-expr",
        "locations": [
          {
            "start": {
              "line": 14,
              "column": 2
            },
            "end": {
              "line": 14,
              "column": 42
            }
          },
          {
            "start": {
              "line": 16,
              "column": 4
            },
            "end": {
              "line": 16,
              "column": 40
            }
          },
          {
            "start": {
              "line": 18,
              "column": 4
            },
            "end": {
              "line": 20,
              "column": 5
            }
          }
        ],
        "line": 14
      },
      "1": {
        "loc": {
          "start": {
            "line": 24,
            "column": 2
          },
          "end": {
            "line": 54,
            "column": 3
          }
        },
        "type": "if",
        "locations": [
          {
            "start": {
              "line": 24,
              "column": 2
            },
            "end": {
              "line": 54,
              "column": 3
            }
          },
          {
            "start": {
              "line": 24,
              "column": 2
            },
            "end": {
              "line": 54,
              "column": 3
            }
          }
        ],
        "line": 24
      },
      "2": {
        "loc": {
          "start": {
            "line": 24,
            "column": 6
          },
          "end": {
            "line": 24,
            "column": 75
          }
        },
        "type": "binary-expr",
        "locations": [
          {
            "start": {
              "line": 24,
              "column": 6
            },
            "end": {
              "line": 24,
              "column": 43
            }
          },
          {
            "start": {
              "line": 24,
              "column": 47
            },
            "end": {
              "line": 24,
              "column": 75
            }
          }
        ],
        "line": 24
      },
      "3": {
        "loc": {
          "start": {
            "line": 27,
            "column": 4
          },
          "end": {
            "line": 32,
            "column": 5
          }
        },
        "type": "if",
        "locations": [
          {
            "start": {
              "line": 27,
              "column": 4
            },
            "end": {
              "line": 32,
              "column": 5
            }
          },
          {
            "start": {
              "line": 27,
              "column": 4
            },
            "end": {
              "line": 32,
              "column": 5
            }
          }
        ],
        "line": 27
      },
      "4": {
        "loc": {
          "start": {
            "line": 37,
            "column": 6
          },
          "end": {
            "line": 52,
            "column": 7
          }
        },
        "type": "if",
        "locations": [
          {
            "start": {
              "line": 37,
              "column": 6
            },
            "end": {
              "line": 52,
              "column": 7
            }
          },
          {
            "start": {
              "line": 37,
              "column": 6
            },
            "end": {
              "line": 52,
              "column": 7
            }
          }
        ],
        "line": 37
      },
      "5": {
        "loc": {
          "start": {
            "line": 63,
            "column": 8
          },
          "end": {
            "line": 65,
            "column": 9
          }
        },
        "type": "if",
        "locations": [
          {
            "start": {
              "line": 63,
              "column": 8
            },
            "end": {
              "line": 65,
              "column": 9
            }
          },
          {
            "start": {
              "line": 63,
              "column": 8
            },
            "end": {
              "line": 65,
              "column": 9
            }
          }
        ],
        "line": 63
      },
      "6": {
        "loc": {
          "start": {
            "line": 67,
            "column": 10
          },
          "end": {
            "line": 92,
            "column": 11
          }
        },
        "type": "if",
        "locations": [
          {
            "start": {
              "line": 67,
              "column": 10
            },
            "end": {
              "line": 92,
              "column": 11
            }
          },
          {
            "start": {
              "line": 67,
              "column": 10
            },
            "end": {
              "line": 92,
              "column": 11
            }
          }
        ],
        "line": 67
      },
      "7": {
        "loc": {
          "start": {
            "line": 68,
            "column": 12
          },
          "end": {
            "line": 91,
            "column": 13
          }
        },
        "type": "if",
        "locations": [
          {
            "start": {
              "line": 68,
              "column": 12
            },
            "end": {
              "line": 91,
              "column": 13
            }
          },
          {
            "start": {
              "line": 68,
              "column": 12
            },
            "end": {
              "line": 91,
              "column": 13
            }
          }
        ],
        "line": 68
      },
      "8": {
        "loc": {
          "start": {
            "line": 78,
            "column": 14
          },
          "end": {
            "line": 80,
            "column": 15
          }
        },
        "type": "if",
        "locations": [
          {
            "start": {
              "line": 78,
              "column": 14
            },
            "end": {
              "line": 80,
              "column": 15
            }
          },
          {
            "start": {
              "line": 78,
              "column": 14
            },
            "end": {
              "line": 80,
              "column": 15
            }
          }
        ],
        "line": 78
      },
      "9": {
        "loc": {
          "start": {
            "line": 78,
            "column": 18
          },
          "end": {
            "line": 78,
            "column": 43
          }
        },
        "type": "binary-expr",
        "locations": [
          {
            "start": {
              "line": 78,
              "column": 18
            },
            "end": {
              "line": 78,
              "column": 24
            }
          },
          {
            "start": {
              "line": 78,
              "column": 28
            },
            "end": {
              "line": 78,
              "column": 43
            }
          }
        ],
        "line": 78
      },
      "10": {
        "loc": {
          "start": {
            "line": 88,
            "column": 14
          },
          "end": {
            "line": 90,
            "column": 15
          }
        },
        "type": "if",
        "locations": [
          {
            "start": {
              "line": 88,
              "column": 14
            },
            "end": {
              "line": 90,
              "column": 15
            }
          },
          {
            "start": {
              "line": 88,
              "column": 14
            },
            "end": {
              "line": 90,
              "column": 15
            }
          }
        ],
        "line": 88
      },
      "11": {
        "loc": {
          "start": {
            "line": 88,
            "column": 18
          },
          "end": {
            "line": 88,
            "column": 44
          }
        },
        "type": "binary-expr",
        "locations": [
          {
            "start": {
              "line": 88,
              "column": 18
            },
            "end": {
              "line": 88,
              "column": 24
            }
          },
          {
            "start": {
              "line": 88,
              "column": 28
            },
            "end": {
              "line": 88,
              "column": 44
            }
          }
        ],
        "line": 88
      },
      "12": {
        "loc": {
          "start": {
            "line": 109,
            "column": 6
          },
          "end": {
            "line": 122,
            "column": 7
          }
        },
        "type": "if",
        "locations": [
          {
            "start": {
              "line": 109,
              "column": 6
            },
            "end": {
              "line": 122,
              "column": 7
            }
          },
          {
            "start": {
              "line": 109,
              "column": 6
            },
            "end": {
              "line": 122,
              "column": 7
            }
          }
        ],
        "line": 109
      },
      "13": {
        "loc": {
          "start": {
            "line": 110,
            "column": 8
          },
          "end": {
            "line": 111,
            "column": 73
          }
        },
        "type": "binary-expr",
        "locations": [
          {
            "start": {
              "line": 110,
              "column": 8
            },
            "end": {
              "line": 110,
              "column": 31
            }
          },
          {
            "start": {
              "line": 111,
              "column": 9
            },
            "end": {
              "line": 111,
              "column": 28
            }
          },
          {
            "start": {
              "line": 111,
              "column": 32
            },
            "end": {
              "line": 111,
              "column": 72
            }
          }
        ],
        "line": 110
      },
      "14": {
        "loc": {
          "start": {
            "line": 132,
            "column": 2
          },
          "end": {
            "line": 140,
            "column": 3
          }
        },
        "type": "if",
        "locations": [
          {
            "start": {
              "line": 132,
              "column": 2
            },
            "end": {
              "line": 140,
              "column": 3
            }
          },
          {
            "start": {
              "line": 132,
              "column": 2
            },
            "end": {
              "line": 140,
              "column": 3
            }
          }
        ],
        "line": 132
      }
    },
    "s": {
      "0": 9,
      "1": 0,
      "2": 0,
      "3": 0,
      "4": 0,
      "5": 0,
      "6": 0,
      "7": 0,
      "8": 0,
      "9": 0,
      "10": 0,
      "11": 0,
      "12": 0,
      "13": 0,
      "14": 0,
      "15": 0,
      "16": 0,
      "17": 0,
      "18": 0,
      "19": 0,
      "20": 0,
      "21": 0,
      "22": 0,
      "23": 0,
      "24": 0,
      "25": 0,
      "26": 0,
      "27": 0,
      "28": 0,
      "29": 0,
      "30": 0,
      "31": 0,
      "32": 0,
      "33": 0,
      "34": 0,
      "35": 9,
      "36": 9,
      "37": 0,
      "38": 0
    },
    "f": {
      "0": 0,
      "1": 0,
      "2": 0,
      "3": 0,
      "4": 0,
      "5": 0,
      "6": 0,
      "7": 0,
      "8": 0,
      "9": 0,
      "10": 0,
      "11": 0,
      "12": 0,
      "13": 9,
      "14": 0,
      "15": 0
    },
    "b": {
      "0": [9, 0, 0],
      "1": [0, 0],
      "2": [0, 0],
      "3": [0, 0],
      "4": [0, 0],
      "5": [0, 0],
      "6": [0, 0],
      "7": [0, 0],
      "8": [0, 0],
      "9": [0, 0],
      "10": [0, 0],
      "11": [0, 0],
      "12": [0, 0],
      "13": [0, 0, 0],
      "14": [9, 0]
    },
    "_coverageSchema": "1a1c01bbd47fc00a2c39e90264f33305004495a9",
    "hash": "a952ac4d904a6ed217a67be89cf7d336ec32d3fb"
  },
  "/home/chloe/FAC19/tech-for-better/prepare-me/src/index.js": {
    "path": "/home/chloe/FAC19/tech-for-better/prepare-me/src/index.js",
    "statementMap": {
      "0": {
        "start": {
          "line": 7,
          "column": 0
        },
        "end": {
          "line": 12,
          "column": 2
        }
      },
      "1": {
        "start": {
          "line": 17,
          "column": 0
        },
        "end": {
          "line": 17,
          "column": 27
        }
      }
    },
    "fnMap": {},
    "branchMap": {},
    "s": {
      "0": 9,
      "1": 9
    },
    "f": {},
    "b": {},
    "_coverageSchema": "1a1c01bbd47fc00a2c39e90264f33305004495a9",
    "hash": "fe7bdf58de775a017aba8797476adf18ed36fe7d"
  }
}
